This file contains any messages produced by compilers while
running configure, to aid debugging if configure makes a mistake.

It was created by Spines configure 5.3, which was
generated by GNU Autoconf 2.69.  Invocation command line was

  $ ./configure 

## --------- ##
## Platform. ##
## --------- ##

hostname = gledisgjinaj-Inspiron-7580
uname -m = x86_64
uname -r = 5.13.0-27-generic
uname -s = Linux
uname -v = #29~20.04.1-Ubuntu SMP Fri Jan 14 00:32:30 UTC 2022

/usr/bin/uname -p = x86_64
/bin/uname -X     = unknown

/bin/arch              = x86_64
/usr/bin/arch -k       = unknown
/usr/convex/getsysinfo = unknown
/usr/bin/hostinfo      = unknown
/bin/machine           = unknown
/usr/bin/oslevel       = unknown
/bin/universe          = unknown

PATH: /home/gledisgjinaj/git/my-docs/city-files/cloud-computing/google-cloud-sdk/bin
PATH: /home/gledisgjinaj/Documents/node/bin
PATH: /home/gledisgjinaj/.local/bin
PATH: /home/gledisgjinaj/bin
PATH: /usr/local/sbin
PATH: /usr/local/bin
PATH: /usr/sbin
PATH: /usr/bin
PATH: /sbin
PATH: /bin
PATH: /usr/games
PATH: /usr/local/games
PATH: /snap/bin
PATH: usr/share/maven/bin
PATH: usr/share/maven/bin
PATH: /opt/gradle-6.5/bin
PATH: /home/gledisgjinaj/.dotnet/tools
PATH: /usr/lib/jvm/java-8-openjdk-amd64/bin
PATH: /usr/share/maven/bin
PATH: /usr/share/maven/bin
PATH: /opt/gradle-6.5/bin
PATH: /opt/spark/bin
PATH: /opt/spark/sbin
PATH: /opt/pycharm/bin
PATH: /home/gledisgjinaj/bin


## ----------- ##
## Core tests. ##
## ----------- ##

configure:2366: checking build system type
configure:2380: result: x86_64-unknown-linux-gnu
configure:2400: checking host system type
configure:2413: result: x86_64-unknown-linux-gnu
configure:2489: checking for gcc
configure:2505: found /usr/bin/gcc
configure:2516: result: gcc
configure:2745: checking for C compiler version
configure:2754: gcc --version >&5
gcc (Ubuntu 9.4.0-1ubuntu1~20.04.1) 9.4.0
Copyright (C) 2019 Free Software Foundation, Inc.
This is free software; see the source for copying conditions.  There is NO
warranty; not even for MERCHANTABILITY or FITNESS FOR A PARTICULAR PURPOSE.

configure:2765: $? = 0
configure:2754: gcc -v >&5
Using built-in specs.
COLLECT_GCC=gcc
COLLECT_LTO_WRAPPER=/usr/lib/gcc/x86_64-linux-gnu/9/lto-wrapper
OFFLOAD_TARGET_NAMES=nvptx-none:hsa
OFFLOAD_TARGET_DEFAULT=1
Target: x86_64-linux-gnu
Configured with: ../src/configure -v --with-pkgversion='Ubuntu 9.4.0-1ubuntu1~20.04.1' --with-bugurl=file:///usr/share/doc/gcc-9/README.Bugs --enable-languages=c,ada,c++,go,brig,d,fortran,objc,obj-c++,gm2 --prefix=/usr --with-gcc-major-version-only --program-suffix=-9 --program-prefix=x86_64-linux-gnu- --enable-shared --enable-linker-build-id --libexecdir=/usr/lib --without-included-gettext --enable-threads=posix --libdir=/usr/lib --enable-nls --enable-clocale=gnu --enable-libstdcxx-debug --enable-libstdcxx-time=yes --with-default-libstdcxx-abi=new --enable-gnu-unique-object --disable-vtable-verify --enable-plugin --enable-default-pie --with-system-zlib --with-target-system-zlib=auto --enable-objc-gc=auto --enable-multiarch --disable-werror --with-arch-32=i686 --with-abi=m64 --with-multilib-list=m32,m64,mx32 --enable-multilib --with-tune=generic --enable-offload-targets=nvptx-none=/build/gcc-9-Av3uEd/gcc-9-9.4.0/debian/tmp-nvptx/usr,hsa --without-cuda-driver --enable-checking=release --build=x86_64-linux-gnu --host=x86_64-linux-gnu --target=x86_64-linux-gnu
Thread model: posix
gcc version 9.4.0 (Ubuntu 9.4.0-1ubuntu1~20.04.1) 
configure:2765: $? = 0
configure:2754: gcc -V >&5
gcc: error: unrecognized command line option '-V'
gcc: fatal error: no input files
compilation terminated.
configure:2765: $? = 1
configure:2754: gcc -qversion >&5
gcc: error: unrecognized command line option '-qversion'; did you mean '--version'?
gcc: fatal error: no input files
compilation terminated.
configure:2765: $? = 1
configure:2785: checking whether the C compiler works
configure:2807: gcc    conftest.c  >&5
configure:2811: $? = 0
configure:2859: result: yes
configure:2862: checking for C compiler default output file name
configure:2864: result: a.out
configure:2870: checking for suffix of executables
configure:2877: gcc -o conftest    conftest.c  >&5
configure:2881: $? = 0
configure:2903: result: 
configure:2925: checking whether we are cross compiling
configure:2933: gcc -o conftest    conftest.c  >&5
configure:2937: $? = 0
configure:2944: ./conftest
configure:2948: $? = 0
configure:2936: result: no
configure:2941: checking for suffix of object files
configure:2963: gcc -c   conftest.c >&5
configure:2967: $? = 0
configure:2988: result: o
configure:2992: checking whether we are using the GNU C compiler
configure:3011: gcc -c   conftest.c >&5
configure:3011: $? = 0
configure:3020: result: yes
configure:3029: checking whether gcc accepts -g
configure:3049: gcc -c -g  conftest.c >&5
configure:3049: $? = 0
configure:3090: result: yes
configure:3107: checking for gcc option to accept ISO C89
configure:3170: gcc  -c -g -O2  conftest.c >&5
configure:3170: $? = 0
configure:3183: result: none needed
configure:3209: checking how to run the C preprocessor
configure:3240: gcc -E  conftest.c
configure:3240: $? = 0
configure:3254: gcc -E  conftest.c
conftest.c:9:10: fatal error: ac_nonexistent.h: No such file or directory
    9 | #include <ac_nonexistent.h>
      |          ^~~~~~~~~~~~~~~~~~
compilation terminated.
configure:3254: $? = 1
configure: failed program was:
| /* confdefs.h */
| #define PACKAGE_NAME "Spines"
| #define PACKAGE_TARNAME "spines"
| #define PACKAGE_VERSION "5.3"
| #define PACKAGE_STRING "Spines 5.3"
| #define PACKAGE_BUGREPORT ""
| #define PACKAGE_URL ""
| /* end confdefs.h.  */
| #include <ac_nonexistent.h>
configure:3279: result: gcc -E
configure:3299: gcc -E  conftest.c
configure:3299: $? = 0
configure:3313: gcc -E  conftest.c
conftest.c:9:10: fatal error: ac_nonexistent.h: No such file or directory
    9 | #include <ac_nonexistent.h>
      |          ^~~~~~~~~~~~~~~~~~
compilation terminated.
configure:3313: $? = 1
configure: failed program was:
| /* confdefs.h */
| #define PACKAGE_NAME "Spines"
| #define PACKAGE_TARNAME "spines"
| #define PACKAGE_VERSION "5.3"
| #define PACKAGE_STRING "Spines 5.3"
| #define PACKAGE_BUGREPORT ""
| #define PACKAGE_URL ""
| /* end confdefs.h.  */
| #include <ac_nonexistent.h>
configure:3342: checking for grep that handles long lines and -e
configure:3400: result: /usr/bin/grep
configure:3405: checking for egrep
configure:3467: result: /usr/bin/grep -E
configure:3472: checking for ANSI C header files
configure:3492: gcc -c -g -O2  conftest.c >&5
configure:3492: $? = 0
configure:3565: gcc -o conftest -g -O2   conftest.c  >&5
configure:3565: $? = 0
configure:3565: ./conftest
configure:3565: $? = 0
configure:3576: result: yes
configure:3589: checking for sys/types.h
configure:3589: gcc -c -g -O2  conftest.c >&5
configure:3589: $? = 0
configure:3589: result: yes
configure:3589: checking for sys/stat.h
configure:3589: gcc -c -g -O2  conftest.c >&5
configure:3589: $? = 0
configure:3589: result: yes
configure:3589: checking for stdlib.h
configure:3589: gcc -c -g -O2  conftest.c >&5
configure:3589: $? = 0
configure:3589: result: yes
configure:3589: checking for string.h
configure:3589: gcc -c -g -O2  conftest.c >&5
configure:3589: $? = 0
configure:3589: result: yes
configure:3589: checking for memory.h
configure:3589: gcc -c -g -O2  conftest.c >&5
configure:3589: $? = 0
configure:3589: result: yes
configure:3589: checking for strings.h
configure:3589: gcc -c -g -O2  conftest.c >&5
configure:3589: $? = 0
configure:3589: result: yes
configure:3589: checking for inttypes.h
configure:3589: gcc -c -g -O2  conftest.c >&5
configure:3589: $? = 0
configure:3589: result: yes
configure:3589: checking for stdint.h
configure:3589: gcc -c -g -O2  conftest.c >&5
configure:3589: $? = 0
configure:3589: result: yes
configure:3589: checking for unistd.h
configure:3589: gcc -c -g -O2  conftest.c >&5
configure:3589: $? = 0
configure:3589: result: yes
configure:3601: checking whether byte ordering is bigendian
configure:3616: gcc -c -g -O2  conftest.c >&5
conftest.c:20:9: error: unknown type name 'not'
   20 |         not a universal capable compiler
      |         ^~~
conftest.c:20:15: error: expected '=', ',', ';', 'asm' or '__attribute__' before 'universal'
   20 |         not a universal capable compiler
      |               ^~~~~~~~~
conftest.c:20:15: error: unknown type name 'universal'
configure:3616: $? = 1
configure: failed program was:
| /* confdefs.h */
| #define PACKAGE_NAME "Spines"
| #define PACKAGE_TARNAME "spines"
| #define PACKAGE_VERSION "5.3"
| #define PACKAGE_STRING "Spines 5.3"
| #define PACKAGE_BUGREPORT ""
| #define PACKAGE_URL ""
| #define STDC_HEADERS 1
| #define HAVE_SYS_TYPES_H 1
| #define HAVE_SYS_STAT_H 1
| #define HAVE_STDLIB_H 1
| #define HAVE_STRING_H 1
| #define HAVE_MEMORY_H 1
| #define HAVE_STRINGS_H 1
| #define HAVE_INTTYPES_H 1
| #define HAVE_STDINT_H 1
| #define HAVE_UNISTD_H 1
| /* end confdefs.h.  */
| #ifndef __APPLE_CC__
| 	       not a universal capable compiler
| 	     #endif
| 	     typedef int dummy;
| 
configure:3661: gcc -c -g -O2  conftest.c >&5
configure:3661: $? = 0
configure:3679: gcc -c -g -O2  conftest.c >&5
conftest.c: In function 'main':
conftest.c:26:4: error: unknown type name 'not'; did you mean 'ino_t'?
   26 |    not big endian
      |    ^~~
      |    ino_t
conftest.c:26:12: error: expected '=', ',', ';', 'asm' or '__attribute__' before 'endian'
   26 |    not big endian
      |            ^~~~~~
configure:3679: $? = 1
configure: failed program was:
| /* confdefs.h */
| #define PACKAGE_NAME "Spines"
| #define PACKAGE_TARNAME "spines"
| #define PACKAGE_VERSION "5.3"
| #define PACKAGE_STRING "Spines 5.3"
| #define PACKAGE_BUGREPORT ""
| #define PACKAGE_URL ""
| #define STDC_HEADERS 1
| #define HAVE_SYS_TYPES_H 1
| #define HAVE_SYS_STAT_H 1
| #define HAVE_STDLIB_H 1
| #define HAVE_STRING_H 1
| #define HAVE_MEMORY_H 1
| #define HAVE_STRINGS_H 1
| #define HAVE_INTTYPES_H 1
| #define HAVE_STDINT_H 1
| #define HAVE_UNISTD_H 1
| /* end confdefs.h.  */
| #include <sys/types.h>
| 		#include <sys/param.h>
| 
| int
| main ()
| {
| #if BYTE_ORDER != BIG_ENDIAN
| 		 not big endian
| 		#endif
| 
|   ;
|   return 0;
| }
configure:3807: result: no
configure:3832: checking how to run the C preprocessor
configure:3902: result: gcc -E
configure:3922: gcc -E  conftest.c
configure:3922: $? = 0
configure:3936: gcc -E  conftest.c
conftest.c:19:10: fatal error: ac_nonexistent.h: No such file or directory
   19 | #include <ac_nonexistent.h>
      |          ^~~~~~~~~~~~~~~~~~
compilation terminated.
configure:3936: $? = 1
configure: failed program was:
| /* confdefs.h */
| #define PACKAGE_NAME "Spines"
| #define PACKAGE_TARNAME "spines"
| #define PACKAGE_VERSION "5.3"
| #define PACKAGE_STRING "Spines 5.3"
| #define PACKAGE_BUGREPORT ""
| #define PACKAGE_URL ""
| #define STDC_HEADERS 1
| #define HAVE_SYS_TYPES_H 1
| #define HAVE_SYS_STAT_H 1
| #define HAVE_STDLIB_H 1
| #define HAVE_STRING_H 1
| #define HAVE_MEMORY_H 1
| #define HAVE_STRINGS_H 1
| #define HAVE_INTTYPES_H 1
| #define HAVE_STDINT_H 1
| #define HAVE_UNISTD_H 1
| /* end confdefs.h.  */
| #include <ac_nonexistent.h>
configure:4007: checking for ranlib
configure:4023: found /usr/bin/ranlib
configure:4034: result: ranlib
configure:4070: checking for a BSD-compatible install
configure:4138: result: /usr/bin/install -c
configure:4149: checking whether ln -s works
configure:4153: result: yes
configure:4164: checking for bison
configure:4180: found /usr/bin/bison
configure:4191: result: bison -y
configure:4205: checking for flex
configure:4223: found /usr/bin/flex
configure:4235: result: /usr/bin/flex
configure:4246: checking for ar
configure:4264: found /usr/bin/ar
configure:4276: result: /usr/bin/ar
configure:4288: checking for perl5
configure:4321: result: no
configure:4288: checking for perl
configure:4306: found /usr/bin/perl
configure:4318: result: /usr/bin/perl
configure:4341: checking for inline
configure:4357: gcc -c -g -O2  conftest.c >&5
configure:4357: $? = 0
configure:4365: result: inline
configure:4459: checking for PEM_read_PUBKEY in -lcrypto
configure:4484: gcc -o conftest -g -O2 -Wall -march=native -D_REENTRANT -DNDEBUG   conftest.c -lcrypto   >&5
configure:4484: $? = 0
configure:4493: result: yes
configure:4504: checking for pthread_create in -lpthread
configure:4529: gcc -o conftest -g -O2 -Wall -march=native -D_REENTRANT -DNDEBUG   conftest.c -lpthread  -lcrypto  >&5
configure:4529: $? = 0
configure:4538: result: yes
configure:4549: checking for thr_create in -lthread
configure:4574: gcc -o conftest -g -O2 -Wall -march=native -D_REENTRANT -DNDEBUG   conftest.c -lthread  -lpthread -lcrypto  >&5
/usr/bin/ld: cannot find -lthread
collect2: error: ld returned 1 exit status
configure:4574: $? = 1
configure: failed program was:
| /* confdefs.h */
| #define PACKAGE_NAME "Spines"
| #define PACKAGE_TARNAME "spines"
| #define PACKAGE_VERSION "5.3"
| #define PACKAGE_STRING "Spines 5.3"
| #define PACKAGE_BUGREPORT ""
| #define PACKAGE_URL ""
| #define STDC_HEADERS 1
| #define HAVE_SYS_TYPES_H 1
| #define HAVE_SYS_STAT_H 1
| #define HAVE_STDLIB_H 1
| #define HAVE_STRING_H 1
| #define HAVE_MEMORY_H 1
| #define HAVE_STRINGS_H 1
| #define HAVE_INTTYPES_H 1
| #define HAVE_STDINT_H 1
| #define HAVE_UNISTD_H 1
| #define HAVE_LIBCRYPTO 1
| #define HAVE_LIBPTHREAD 1
| /* end confdefs.h.  */
| 
| /* Override any GCC internal prototype to avoid an error.
|    Use char because int might match the return type of a GCC
|    builtin and then its argument prototype would still apply.  */
| #ifdef __cplusplus
| extern "C"
| #endif
| char thr_create ();
| int
| main ()
| {
| return thr_create ();
|   ;
|   return 0;
| }
configure:4583: result: no
configure:4594: checking for sem_wait in -lposix4
configure:4619: gcc -o conftest -g -O2 -Wall -march=native -D_REENTRANT -DNDEBUG   conftest.c -lposix4  -lpthread -lcrypto  >&5
/usr/bin/ld: cannot find -lposix4
collect2: error: ld returned 1 exit status
configure:4619: $? = 1
configure: failed program was:
| /* confdefs.h */
| #define PACKAGE_NAME "Spines"
| #define PACKAGE_TARNAME "spines"
| #define PACKAGE_VERSION "5.3"
| #define PACKAGE_STRING "Spines 5.3"
| #define PACKAGE_BUGREPORT ""
| #define PACKAGE_URL ""
| #define STDC_HEADERS 1
| #define HAVE_SYS_TYPES_H 1
| #define HAVE_SYS_STAT_H 1
| #define HAVE_STDLIB_H 1
| #define HAVE_STRING_H 1
| #define HAVE_MEMORY_H 1
| #define HAVE_STRINGS_H 1
| #define HAVE_INTTYPES_H 1
| #define HAVE_STDINT_H 1
| #define HAVE_UNISTD_H 1
| #define HAVE_LIBCRYPTO 1
| #define HAVE_LIBPTHREAD 1
| /* end confdefs.h.  */
| 
| /* Override any GCC internal prototype to avoid an error.
|    Use char because int might match the return type of a GCC
|    builtin and then its argument prototype would still apply.  */
| #ifdef __cplusplus
| extern "C"
| #endif
| char sem_wait ();
| int
| main ()
| {
| return sem_wait ();
|   ;
|   return 0;
| }
configure:4628: result: no
configure:4641: checking for pthread_atfork
configure:4641: gcc -o conftest -g -O2 -Wall -march=native -D_REENTRANT -DNDEBUG   conftest.c -lpthread -lcrypto  >&5
configure:4641: $? = 0
configure:4641: result: yes
configure:4650: checking for gethostbyaddr in -lnsl
configure:4675: gcc -o conftest -g -O2 -Wall -march=native -D_REENTRANT -DNDEBUG   conftest.c -lnsl  -lpthread -lcrypto  >&5
configure:4675: $? = 0
configure:4684: result: yes
configure:4695: checking for socket in -lsocket
configure:4720: gcc -o conftest -g -O2 -Wall -march=native -D_REENTRANT -DNDEBUG   conftest.c -lsocket  -lnsl -lpthread -lcrypto  >&5
/usr/bin/ld: cannot find -lsocket
collect2: error: ld returned 1 exit status
configure:4720: $? = 1
configure: failed program was:
| /* confdefs.h */
| #define PACKAGE_NAME "Spines"
| #define PACKAGE_TARNAME "spines"
| #define PACKAGE_VERSION "5.3"
| #define PACKAGE_STRING "Spines 5.3"
| #define PACKAGE_BUGREPORT ""
| #define PACKAGE_URL ""
| #define STDC_HEADERS 1
| #define HAVE_SYS_TYPES_H 1
| #define HAVE_SYS_STAT_H 1
| #define HAVE_STDLIB_H 1
| #define HAVE_STRING_H 1
| #define HAVE_MEMORY_H 1
| #define HAVE_STRINGS_H 1
| #define HAVE_INTTYPES_H 1
| #define HAVE_STDINT_H 1
| #define HAVE_UNISTD_H 1
| #define HAVE_LIBCRYPTO 1
| #define HAVE_LIBPTHREAD 1
| #define HAVE_PTHREAD_ATFORK 1
| #define HAVE_LIBNSL 1
| /* end confdefs.h.  */
| 
| /* Override any GCC internal prototype to avoid an error.
|    Use char because int might match the return type of a GCC
|    builtin and then its argument prototype would still apply.  */
| #ifdef __cplusplus
| extern "C"
| #endif
| char socket ();
| int
| main ()
| {
| return socket ();
|   ;
|   return 0;
| }
configure:4729: result: no
configure:4740: checking for sem_wait in -lposix4
configure:4774: result: no
configure:4785: checking for sqrt in -lm
configure:4810: gcc -o conftest -g -O2 -Wall -march=native -D_REENTRANT -DNDEBUG   conftest.c -lm  -lnsl -lpthread -lcrypto  >&5
conftest.c:30:6: warning: conflicting types for built-in function 'sqrt'; expected 'double(double)' [-Wbuiltin-declaration-mismatch]
   30 | char sqrt ();
      |      ^~~~
conftest.c:1:1: note: 'sqrt' is declared in header '<math.h>'
    1 | /* confdefs.h */
configure:4810: $? = 0
configure:4819: result: yes
configure:4830: checking for clock_gettime in -lrt
configure:4855: gcc -o conftest -g -O2 -Wall -march=native -D_REENTRANT -DNDEBUG   conftest.c -lrt  -lm -lnsl -lpthread -lcrypto  >&5
configure:4855: $? = 0
configure:4864: result: yes
configure:4875: checking for dladdr in -ldl
configure:4900: gcc -o conftest -g -O2 -Wall -march=native -D_REENTRANT -DNDEBUG   conftest.c -ldl  -lrt -lm -lnsl -lpthread -lcrypto  >&5
configure:4900: $? = 0
configure:4909: result: yes
configure:4923: checking for strftime
configure:4923: gcc -o conftest -g -O2 -Wall -march=native -D_REENTRANT -DNDEBUG   conftest.c -ldl -lrt -lm -lnsl -lpthread -lcrypto  >&5
conftest.c:49:6: warning: conflicting types for built-in function 'strftime'; expected 'long unsigned int(char *, long unsigned int,  const char *, const void *)' [-Wbuiltin-declaration-mismatch]
   49 | char strftime ();
      |      ^~~~~~~~
conftest.c:37:1: note: 'strftime' is declared in header '<time.h>'
   36 | # include <limits.h>
   37 | #else
configure:4923: $? = 0
configure:4923: result: yes
configure:4981: checking arpa/inet.h usability
configure:4981: gcc -c -g -O2 -Wall -march=native -D_REENTRANT -DNDEBUG  conftest.c >&5
configure:4981: $? = 0
configure:4981: result: yes
configure:4981: checking arpa/inet.h presence
configure:4981: gcc -E  conftest.c
configure:4981: $? = 0
configure:4981: result: yes
configure:4981: checking for arpa/inet.h
configure:4981: result: yes
configure:4981: checking assert.h usability
configure:4981: gcc -c -g -O2 -Wall -march=native -D_REENTRANT -DNDEBUG  conftest.c >&5
configure:4981: $? = 0
configure:4981: result: yes
configure:4981: checking assert.h presence
configure:4981: gcc -E  conftest.c
configure:4981: $? = 0
configure:4981: result: yes
configure:4981: checking for assert.h
configure:4981: result: yes
configure:4981: checking errno.h usability
configure:4981: gcc -c -g -O2 -Wall -march=native -D_REENTRANT -DNDEBUG  conftest.c >&5
configure:4981: $? = 0
configure:4981: result: yes
configure:4981: checking errno.h presence
configure:4981: gcc -E  conftest.c
configure:4981: $? = 0
configure:4981: result: yes
configure:4981: checking for errno.h
configure:4981: result: yes
configure:4981: checking grp.h usability
configure:4981: gcc -c -g -O2 -Wall -march=native -D_REENTRANT -DNDEBUG  conftest.c >&5
configure:4981: $? = 0
configure:4981: result: yes
configure:4981: checking grp.h presence
configure:4981: gcc -E  conftest.c
configure:4981: $? = 0
configure:4981: result: yes
configure:4981: checking for grp.h
configure:4981: result: yes
configure:4981: checking limits.h usability
configure:4981: gcc -c -g -O2 -Wall -march=native -D_REENTRANT -DNDEBUG  conftest.c >&5
configure:4981: $? = 0
configure:4981: result: yes
configure:4981: checking limits.h presence
configure:4981: gcc -E  conftest.c
configure:4981: $? = 0
configure:4981: result: yes
configure:4981: checking for limits.h
configure:4981: result: yes
configure:4981: checking netdb.h usability
configure:4981: gcc -c -g -O2 -Wall -march=native -D_REENTRANT -DNDEBUG  conftest.c >&5
configure:4981: $? = 0
configure:4981: result: yes
configure:4981: checking netdb.h presence
configure:4981: gcc -E  conftest.c
configure:4981: $? = 0
configure:4981: result: yes
configure:4981: checking for netdb.h
configure:4981: result: yes
configure:4981: checking netinet/in.h usability
configure:4981: gcc -c -g -O2 -Wall -march=native -D_REENTRANT -DNDEBUG  conftest.c >&5
configure:4981: $? = 0
configure:4981: result: yes
configure:4981: checking netinet/in.h presence
configure:4981: gcc -E  conftest.c
configure:4981: $? = 0
configure:4981: result: yes
configure:4981: checking for netinet/in.h
configure:4981: result: yes
configure:4981: checking netinet/tcp.h usability
configure:4981: gcc -c -g -O2 -Wall -march=native -D_REENTRANT -DNDEBUG  conftest.c >&5
configure:4981: $? = 0
configure:4981: result: yes
configure:4981: checking netinet/tcp.h presence
configure:4981: gcc -E  conftest.c
configure:4981: $? = 0
configure:4981: result: yes
configure:4981: checking for netinet/tcp.h
configure:4981: result: yes
configure:4981: checking process.h usability
configure:4981: gcc -c -g -O2 -Wall -march=native -D_REENTRANT -DNDEBUG  conftest.c >&5
conftest.c:68:10: fatal error: process.h: No such file or directory
   68 | #include <process.h>
      |          ^~~~~~~~~~~
compilation terminated.
configure:4981: $? = 1
configure: failed program was:
| /* confdefs.h */
| #define PACKAGE_NAME "Spines"
| #define PACKAGE_TARNAME "spines"
| #define PACKAGE_VERSION "5.3"
| #define PACKAGE_STRING "Spines 5.3"
| #define PACKAGE_BUGREPORT ""
| #define PACKAGE_URL ""
| #define STDC_HEADERS 1
| #define HAVE_SYS_TYPES_H 1
| #define HAVE_SYS_STAT_H 1
| #define HAVE_STDLIB_H 1
| #define HAVE_STRING_H 1
| #define HAVE_MEMORY_H 1
| #define HAVE_STRINGS_H 1
| #define HAVE_INTTYPES_H 1
| #define HAVE_STDINT_H 1
| #define HAVE_UNISTD_H 1
| #define HAVE_LIBCRYPTO 1
| #define HAVE_LIBPTHREAD 1
| #define HAVE_PTHREAD_ATFORK 1
| #define HAVE_LIBNSL 1
| #define HAVE_LIBM 1
| #define HAVE_LIBRT 1
| #define HAVE_LIBDL 1
| #define HAVE_STRFTIME 1
| #define HAVE_ARPA_INET_H 1
| #define HAVE_ASSERT_H 1
| #define HAVE_ERRNO_H 1
| #define HAVE_GRP_H 1
| #define HAVE_LIMITS_H 1
| #define HAVE_NETDB_H 1
| #define HAVE_NETINET_IN_H 1
| #define HAVE_NETINET_TCP_H 1
| /* end confdefs.h.  */
| #include <stdio.h>
| #ifdef HAVE_SYS_TYPES_H
| # include <sys/types.h>
| #endif
| #ifdef HAVE_SYS_STAT_H
| # include <sys/stat.h>
| #endif
| #ifdef STDC_HEADERS
| # include <stdlib.h>
| # include <stddef.h>
| #else
| # ifdef HAVE_STDLIB_H
| #  include <stdlib.h>
| # endif
| #endif
| #ifdef HAVE_STRING_H
| # if !defined STDC_HEADERS && defined HAVE_MEMORY_H
| #  include <memory.h>
| # endif
| # include <string.h>
| #endif
| #ifdef HAVE_STRINGS_H
| # include <strings.h>
| #endif
| #ifdef HAVE_INTTYPES_H
| # include <inttypes.h>
| #endif
| #ifdef HAVE_STDINT_H
| # include <stdint.h>
| #endif
| #ifdef HAVE_UNISTD_H
| # include <unistd.h>
| #endif
| #include <process.h>
configure:4981: result: no
configure:4981: checking process.h presence
configure:4981: gcc -E  conftest.c
conftest.c:35:10: fatal error: process.h: No such file or directory
   35 | #include <process.h>
      |          ^~~~~~~~~~~
compilation terminated.
configure:4981: $? = 1
configure: failed program was:
| /* confdefs.h */
| #define PACKAGE_NAME "Spines"
| #define PACKAGE_TARNAME "spines"
| #define PACKAGE_VERSION "5.3"
| #define PACKAGE_STRING "Spines 5.3"
| #define PACKAGE_BUGREPORT ""
| #define PACKAGE_URL ""
| #define STDC_HEADERS 1
| #define HAVE_SYS_TYPES_H 1
| #define HAVE_SYS_STAT_H 1
| #define HAVE_STDLIB_H 1
| #define HAVE_STRING_H 1
| #define HAVE_MEMORY_H 1
| #define HAVE_STRINGS_H 1
| #define HAVE_INTTYPES_H 1
| #define HAVE_STDINT_H 1
| #define HAVE_UNISTD_H 1
| #define HAVE_LIBCRYPTO 1
| #define HAVE_LIBPTHREAD 1
| #define HAVE_PTHREAD_ATFORK 1
| #define HAVE_LIBNSL 1
| #define HAVE_LIBM 1
| #define HAVE_LIBRT 1
| #define HAVE_LIBDL 1
| #define HAVE_STRFTIME 1
| #define HAVE_ARPA_INET_H 1
| #define HAVE_ASSERT_H 1
| #define HAVE_ERRNO_H 1
| #define HAVE_GRP_H 1
| #define HAVE_LIMITS_H 1
| #define HAVE_NETDB_H 1
| #define HAVE_NETINET_IN_H 1
| #define HAVE_NETINET_TCP_H 1
| /* end confdefs.h.  */
| #include <process.h>
configure:4981: result: no
configure:4981: checking for process.h
configure:4981: result: no
configure:4981: checking pthread.h usability
configure:4981: gcc -c -g -O2 -Wall -march=native -D_REENTRANT -DNDEBUG  conftest.c >&5
configure:4981: $? = 0
configure:4981: result: yes
configure:4981: checking pthread.h presence
configure:4981: gcc -E  conftest.c
configure:4981: $? = 0
configure:4981: result: yes
configure:4981: checking for pthread.h
configure:4981: result: yes
configure:4981: checking pwd.h usability
configure:4981: gcc -c -g -O2 -Wall -march=native -D_REENTRANT -DNDEBUG  conftest.c >&5
configure:4981: $? = 0
configure:4981: result: yes
configure:4981: checking pwd.h presence
configure:4981: gcc -E  conftest.c
configure:4981: $? = 0
configure:4981: result: yes
configure:4981: checking for pwd.h
configure:4981: result: yes
configure:4981: checking signal.h usability
configure:4981: gcc -c -g -O2 -Wall -march=native -D_REENTRANT -DNDEBUG  conftest.c >&5
configure:4981: $? = 0
configure:4981: result: yes
configure:4981: checking signal.h presence
configure:4981: gcc -E  conftest.c
configure:4981: $? = 0
configure:4981: result: yes
configure:4981: checking for signal.h
configure:4981: result: yes
configure:4981: checking stdarg.h usability
configure:4981: gcc -c -g -O2 -Wall -march=native -D_REENTRANT -DNDEBUG  conftest.c >&5
configure:4981: $? = 0
configure:4981: result: yes
configure:4981: checking stdarg.h presence
configure:4981: gcc -E  conftest.c
configure:4981: $? = 0
configure:4981: result: yes
configure:4981: checking for stdarg.h
configure:4981: result: yes
configure:4981: checking for stdint.h
configure:4981: result: yes
configure:4981: checking stdio.h usability
configure:4981: gcc -c -g -O2 -Wall -march=native -D_REENTRANT -DNDEBUG  conftest.c >&5
configure:4981: $? = 0
configure:4981: result: yes
configure:4981: checking stdio.h presence
configure:4981: gcc -E  conftest.c
configure:4981: $? = 0
configure:4981: result: yes
configure:4981: checking for stdio.h
configure:4981: result: yes
configure:4981: checking for stdlib.h
configure:4981: result: yes
configure:4981: checking for string.h
configure:4981: result: yes
configure:4981: checking sys/inttypes.h usability
configure:4981: gcc -c -g -O2 -Wall -march=native -D_REENTRANT -DNDEBUG  conftest.c >&5
conftest.c:76:10: fatal error: sys/inttypes.h: No such file or directory
   76 | #include <sys/inttypes.h>
      |          ^~~~~~~~~~~~~~~~
compilation terminated.
configure:4981: $? = 1
configure: failed program was:
| /* confdefs.h */
| #define PACKAGE_NAME "Spines"
| #define PACKAGE_TARNAME "spines"
| #define PACKAGE_VERSION "5.3"
| #define PACKAGE_STRING "Spines 5.3"
| #define PACKAGE_BUGREPORT ""
| #define PACKAGE_URL ""
| #define STDC_HEADERS 1
| #define HAVE_SYS_TYPES_H 1
| #define HAVE_SYS_STAT_H 1
| #define HAVE_STDLIB_H 1
| #define HAVE_STRING_H 1
| #define HAVE_MEMORY_H 1
| #define HAVE_STRINGS_H 1
| #define HAVE_INTTYPES_H 1
| #define HAVE_STDINT_H 1
| #define HAVE_UNISTD_H 1
| #define HAVE_LIBCRYPTO 1
| #define HAVE_LIBPTHREAD 1
| #define HAVE_PTHREAD_ATFORK 1
| #define HAVE_LIBNSL 1
| #define HAVE_LIBM 1
| #define HAVE_LIBRT 1
| #define HAVE_LIBDL 1
| #define HAVE_STRFTIME 1
| #define HAVE_ARPA_INET_H 1
| #define HAVE_ASSERT_H 1
| #define HAVE_ERRNO_H 1
| #define HAVE_GRP_H 1
| #define HAVE_LIMITS_H 1
| #define HAVE_NETDB_H 1
| #define HAVE_NETINET_IN_H 1
| #define HAVE_NETINET_TCP_H 1
| #define HAVE_PTHREAD_H 1
| #define HAVE_PWD_H 1
| #define HAVE_SIGNAL_H 1
| #define HAVE_STDARG_H 1
| #define HAVE_STDINT_H 1
| #define HAVE_STDIO_H 1
| #define HAVE_STDLIB_H 1
| #define HAVE_STRING_H 1
| /* end confdefs.h.  */
| #include <stdio.h>
| #ifdef HAVE_SYS_TYPES_H
| # include <sys/types.h>
| #endif
| #ifdef HAVE_SYS_STAT_H
| # include <sys/stat.h>
| #endif
| #ifdef STDC_HEADERS
| # include <stdlib.h>
| # include <stddef.h>
| #else
| # ifdef HAVE_STDLIB_H
| #  include <stdlib.h>
| # endif
| #endif
| #ifdef HAVE_STRING_H
| # if !defined STDC_HEADERS && defined HAVE_MEMORY_H
| #  include <memory.h>
| # endif
| # include <string.h>
| #endif
| #ifdef HAVE_STRINGS_H
| # include <strings.h>
| #endif
| #ifdef HAVE_INTTYPES_H
| # include <inttypes.h>
| #endif
| #ifdef HAVE_STDINT_H
| # include <stdint.h>
| #endif
| #ifdef HAVE_UNISTD_H
| # include <unistd.h>
| #endif
| #include <sys/inttypes.h>
configure:4981: result: no
configure:4981: checking sys/inttypes.h presence
configure:4981: gcc -E  conftest.c
conftest.c:43:10: fatal error: sys/inttypes.h: No such file or directory
   43 | #include <sys/inttypes.h>
      |          ^~~~~~~~~~~~~~~~
compilation terminated.
configure:4981: $? = 1
configure: failed program was:
| /* confdefs.h */
| #define PACKAGE_NAME "Spines"
| #define PACKAGE_TARNAME "spines"
| #define PACKAGE_VERSION "5.3"
| #define PACKAGE_STRING "Spines 5.3"
| #define PACKAGE_BUGREPORT ""
| #define PACKAGE_URL ""
| #define STDC_HEADERS 1
| #define HAVE_SYS_TYPES_H 1
| #define HAVE_SYS_STAT_H 1
| #define HAVE_STDLIB_H 1
| #define HAVE_STRING_H 1
| #define HAVE_MEMORY_H 1
| #define HAVE_STRINGS_H 1
| #define HAVE_INTTYPES_H 1
| #define HAVE_STDINT_H 1
| #define HAVE_UNISTD_H 1
| #define HAVE_LIBCRYPTO 1
| #define HAVE_LIBPTHREAD 1
| #define HAVE_PTHREAD_ATFORK 1
| #define HAVE_LIBNSL 1
| #define HAVE_LIBM 1
| #define HAVE_LIBRT 1
| #define HAVE_LIBDL 1
| #define HAVE_STRFTIME 1
| #define HAVE_ARPA_INET_H 1
| #define HAVE_ASSERT_H 1
| #define HAVE_ERRNO_H 1
| #define HAVE_GRP_H 1
| #define HAVE_LIMITS_H 1
| #define HAVE_NETDB_H 1
| #define HAVE_NETINET_IN_H 1
| #define HAVE_NETINET_TCP_H 1
| #define HAVE_PTHREAD_H 1
| #define HAVE_PWD_H 1
| #define HAVE_SIGNAL_H 1
| #define HAVE_STDARG_H 1
| #define HAVE_STDINT_H 1
| #define HAVE_STDIO_H 1
| #define HAVE_STDLIB_H 1
| #define HAVE_STRING_H 1
| /* end confdefs.h.  */
| #include <sys/inttypes.h>
configure:4981: result: no
configure:4981: checking for sys/inttypes.h
configure:4981: result: no
configure:4981: checking sys/ioctl.h usability
configure:4981: gcc -c -g -O2 -Wall -march=native -D_REENTRANT -DNDEBUG  conftest.c >&5
configure:4981: $? = 0
configure:4981: result: yes
configure:4981: checking sys/ioctl.h presence
configure:4981: gcc -E  conftest.c
configure:4981: $? = 0
configure:4981: result: yes
configure:4981: checking for sys/ioctl.h
configure:4981: result: yes
configure:4981: checking sys/param.h usability
configure:4981: gcc -c -g -O2 -Wall -march=native -D_REENTRANT -DNDEBUG  conftest.c >&5
configure:4981: $? = 0
configure:4981: result: yes
configure:4981: checking sys/param.h presence
configure:4981: gcc -E  conftest.c
configure:4981: $? = 0
configure:4981: result: yes
configure:4981: checking for sys/param.h
configure:4981: result: yes
configure:4981: checking sys/socket.h usability
configure:4981: gcc -c -g -O2 -Wall -march=native -D_REENTRANT -DNDEBUG  conftest.c >&5
configure:4981: $? = 0
configure:4981: result: yes
configure:4981: checking sys/socket.h presence
configure:4981: gcc -E  conftest.c
configure:4981: $? = 0
configure:4981: result: yes
configure:4981: checking for sys/socket.h
configure:4981: result: yes
configure:4981: checking sys/sockio.h usability
configure:4981: gcc -c -g -O2 -Wall -march=native -D_REENTRANT -DNDEBUG  conftest.c >&5
conftest.c:79:10: fatal error: sys/sockio.h: No such file or directory
   79 | #include <sys/sockio.h>
      |          ^~~~~~~~~~~~~~
compilation terminated.
configure:4981: $? = 1
configure: failed program was:
| /* confdefs.h */
| #define PACKAGE_NAME "Spines"
| #define PACKAGE_TARNAME "spines"
| #define PACKAGE_VERSION "5.3"
| #define PACKAGE_STRING "Spines 5.3"
| #define PACKAGE_BUGREPORT ""
| #define PACKAGE_URL ""
| #define STDC_HEADERS 1
| #define HAVE_SYS_TYPES_H 1
| #define HAVE_SYS_STAT_H 1
| #define HAVE_STDLIB_H 1
| #define HAVE_STRING_H 1
| #define HAVE_MEMORY_H 1
| #define HAVE_STRINGS_H 1
| #define HAVE_INTTYPES_H 1
| #define HAVE_STDINT_H 1
| #define HAVE_UNISTD_H 1
| #define HAVE_LIBCRYPTO 1
| #define HAVE_LIBPTHREAD 1
| #define HAVE_PTHREAD_ATFORK 1
| #define HAVE_LIBNSL 1
| #define HAVE_LIBM 1
| #define HAVE_LIBRT 1
| #define HAVE_LIBDL 1
| #define HAVE_STRFTIME 1
| #define HAVE_ARPA_INET_H 1
| #define HAVE_ASSERT_H 1
| #define HAVE_ERRNO_H 1
| #define HAVE_GRP_H 1
| #define HAVE_LIMITS_H 1
| #define HAVE_NETDB_H 1
| #define HAVE_NETINET_IN_H 1
| #define HAVE_NETINET_TCP_H 1
| #define HAVE_PTHREAD_H 1
| #define HAVE_PWD_H 1
| #define HAVE_SIGNAL_H 1
| #define HAVE_STDARG_H 1
| #define HAVE_STDINT_H 1
| #define HAVE_STDIO_H 1
| #define HAVE_STDLIB_H 1
| #define HAVE_STRING_H 1
| #define HAVE_SYS_IOCTL_H 1
| #define HAVE_SYS_PARAM_H 1
| #define HAVE_SYS_SOCKET_H 1
| /* end confdefs.h.  */
| #include <stdio.h>
| #ifdef HAVE_SYS_TYPES_H
| # include <sys/types.h>
| #endif
| #ifdef HAVE_SYS_STAT_H
| # include <sys/stat.h>
| #endif
| #ifdef STDC_HEADERS
| # include <stdlib.h>
| # include <stddef.h>
| #else
| # ifdef HAVE_STDLIB_H
| #  include <stdlib.h>
| # endif
| #endif
| #ifdef HAVE_STRING_H
| # if !defined STDC_HEADERS && defined HAVE_MEMORY_H
| #  include <memory.h>
| # endif
| # include <string.h>
| #endif
| #ifdef HAVE_STRINGS_H
| # include <strings.h>
| #endif
| #ifdef HAVE_INTTYPES_H
| # include <inttypes.h>
| #endif
| #ifdef HAVE_STDINT_H
| # include <stdint.h>
| #endif
| #ifdef HAVE_UNISTD_H
| # include <unistd.h>
| #endif
| #include <sys/sockio.h>
configure:4981: result: no
configure:4981: checking sys/sockio.h presence
configure:4981: gcc -E  conftest.c
conftest.c:46:10: fatal error: sys/sockio.h: No such file or directory
   46 | #include <sys/sockio.h>
      |          ^~~~~~~~~~~~~~
compilation terminated.
configure:4981: $? = 1
configure: failed program was:
| /* confdefs.h */
| #define PACKAGE_NAME "Spines"
| #define PACKAGE_TARNAME "spines"
| #define PACKAGE_VERSION "5.3"
| #define PACKAGE_STRING "Spines 5.3"
| #define PACKAGE_BUGREPORT ""
| #define PACKAGE_URL ""
| #define STDC_HEADERS 1
| #define HAVE_SYS_TYPES_H 1
| #define HAVE_SYS_STAT_H 1
| #define HAVE_STDLIB_H 1
| #define HAVE_STRING_H 1
| #define HAVE_MEMORY_H 1
| #define HAVE_STRINGS_H 1
| #define HAVE_INTTYPES_H 1
| #define HAVE_STDINT_H 1
| #define HAVE_UNISTD_H 1
| #define HAVE_LIBCRYPTO 1
| #define HAVE_LIBPTHREAD 1
| #define HAVE_PTHREAD_ATFORK 1
| #define HAVE_LIBNSL 1
| #define HAVE_LIBM 1
| #define HAVE_LIBRT 1
| #define HAVE_LIBDL 1
| #define HAVE_STRFTIME 1
| #define HAVE_ARPA_INET_H 1
| #define HAVE_ASSERT_H 1
| #define HAVE_ERRNO_H 1
| #define HAVE_GRP_H 1
| #define HAVE_LIMITS_H 1
| #define HAVE_NETDB_H 1
| #define HAVE_NETINET_IN_H 1
| #define HAVE_NETINET_TCP_H 1
| #define HAVE_PTHREAD_H 1
| #define HAVE_PWD_H 1
| #define HAVE_SIGNAL_H 1
| #define HAVE_STDARG_H 1
| #define HAVE_STDINT_H 1
| #define HAVE_STDIO_H 1
| #define HAVE_STDLIB_H 1
| #define HAVE_STRING_H 1
| #define HAVE_SYS_IOCTL_H 1
| #define HAVE_SYS_PARAM_H 1
| #define HAVE_SYS_SOCKET_H 1
| /* end confdefs.h.  */
| #include <sys/sockio.h>
configure:4981: result: no
configure:4981: checking for sys/sockio.h
configure:4981: result: no
configure:4981: checking for sys/stat.h
configure:4981: result: yes
configure:4981: checking sys/time.h usability
configure:4981: gcc -c -g -O2 -Wall -march=native -D_REENTRANT -DNDEBUG  conftest.c >&5
configure:4981: $? = 0
configure:4981: result: yes
configure:4981: checking sys/time.h presence
configure:4981: gcc -E  conftest.c
configure:4981: $? = 0
configure:4981: result: yes
configure:4981: checking for sys/time.h
configure:4981: result: yes
configure:4981: checking sys/timeb.h usability
configure:4981: gcc -c -g -O2 -Wall -march=native -D_REENTRANT -DNDEBUG  conftest.c >&5
configure:4981: $? = 0
configure:4981: result: yes
configure:4981: checking sys/timeb.h presence
configure:4981: gcc -E  conftest.c
configure:4981: $? = 0
configure:4981: result: yes
configure:4981: checking for sys/timeb.h
configure:4981: result: yes
configure:4981: checking for sys/types.h
configure:4981: result: yes
configure:4981: checking sys/uio.h usability
configure:4981: gcc -c -g -O2 -Wall -march=native -D_REENTRANT -DNDEBUG  conftest.c >&5
configure:4981: $? = 0
configure:4981: result: yes
configure:4981: checking sys/uio.h presence
configure:4981: gcc -E  conftest.c
configure:4981: $? = 0
configure:4981: result: yes
configure:4981: checking for sys/uio.h
configure:4981: result: yes
configure:4981: checking sys/un.h usability
configure:4981: gcc -c -g -O2 -Wall -march=native -D_REENTRANT -DNDEBUG  conftest.c >&5
configure:4981: $? = 0
configure:4981: result: yes
configure:4981: checking sys/un.h presence
configure:4981: gcc -E  conftest.c
configure:4981: $? = 0
configure:4981: result: yes
configure:4981: checking for sys/un.h
configure:4981: result: yes
configure:4981: checking sys/filio.h usability
configure:4981: gcc -c -g -O2 -Wall -march=native -D_REENTRANT -DNDEBUG  conftest.c >&5
conftest.c:85:10: fatal error: sys/filio.h: No such file or directory
   85 | #include <sys/filio.h>
      |          ^~~~~~~~~~~~~
compilation terminated.
configure:4981: $? = 1
configure: failed program was:
| /* confdefs.h */
| #define PACKAGE_NAME "Spines"
| #define PACKAGE_TARNAME "spines"
| #define PACKAGE_VERSION "5.3"
| #define PACKAGE_STRING "Spines 5.3"
| #define PACKAGE_BUGREPORT ""
| #define PACKAGE_URL ""
| #define STDC_HEADERS 1
| #define HAVE_SYS_TYPES_H 1
| #define HAVE_SYS_STAT_H 1
| #define HAVE_STDLIB_H 1
| #define HAVE_STRING_H 1
| #define HAVE_MEMORY_H 1
| #define HAVE_STRINGS_H 1
| #define HAVE_INTTYPES_H 1
| #define HAVE_STDINT_H 1
| #define HAVE_UNISTD_H 1
| #define HAVE_LIBCRYPTO 1
| #define HAVE_LIBPTHREAD 1
| #define HAVE_PTHREAD_ATFORK 1
| #define HAVE_LIBNSL 1
| #define HAVE_LIBM 1
| #define HAVE_LIBRT 1
| #define HAVE_LIBDL 1
| #define HAVE_STRFTIME 1
| #define HAVE_ARPA_INET_H 1
| #define HAVE_ASSERT_H 1
| #define HAVE_ERRNO_H 1
| #define HAVE_GRP_H 1
| #define HAVE_LIMITS_H 1
| #define HAVE_NETDB_H 1
| #define HAVE_NETINET_IN_H 1
| #define HAVE_NETINET_TCP_H 1
| #define HAVE_PTHREAD_H 1
| #define HAVE_PWD_H 1
| #define HAVE_SIGNAL_H 1
| #define HAVE_STDARG_H 1
| #define HAVE_STDINT_H 1
| #define HAVE_STDIO_H 1
| #define HAVE_STDLIB_H 1
| #define HAVE_STRING_H 1
| #define HAVE_SYS_IOCTL_H 1
| #define HAVE_SYS_PARAM_H 1
| #define HAVE_SYS_SOCKET_H 1
| #define HAVE_SYS_STAT_H 1
| #define HAVE_SYS_TIME_H 1
| #define HAVE_SYS_TIMEB_H 1
| #define HAVE_SYS_TYPES_H 1
| #define HAVE_SYS_UIO_H 1
| #define HAVE_SYS_UN_H 1
| /* end confdefs.h.  */
| #include <stdio.h>
| #ifdef HAVE_SYS_TYPES_H
| # include <sys/types.h>
| #endif
| #ifdef HAVE_SYS_STAT_H
| # include <sys/stat.h>
| #endif
| #ifdef STDC_HEADERS
| # include <stdlib.h>
| # include <stddef.h>
| #else
| # ifdef HAVE_STDLIB_H
| #  include <stdlib.h>
| # endif
| #endif
| #ifdef HAVE_STRING_H
| # if !defined STDC_HEADERS && defined HAVE_MEMORY_H
| #  include <memory.h>
| # endif
| # include <string.h>
| #endif
| #ifdef HAVE_STRINGS_H
| # include <strings.h>
| #endif
| #ifdef HAVE_INTTYPES_H
| # include <inttypes.h>
| #endif
| #ifdef HAVE_STDINT_H
| # include <stdint.h>
| #endif
| #ifdef HAVE_UNISTD_H
| # include <unistd.h>
| #endif
| #include <sys/filio.h>
configure:4981: result: no
configure:4981: checking sys/filio.h presence
configure:4981: gcc -E  conftest.c
conftest.c:52:10: fatal error: sys/filio.h: No such file or directory
   52 | #include <sys/filio.h>
      |          ^~~~~~~~~~~~~
compilation terminated.
configure:4981: $? = 1
configure: failed program was:
| /* confdefs.h */
| #define PACKAGE_NAME "Spines"
| #define PACKAGE_TARNAME "spines"
| #define PACKAGE_VERSION "5.3"
| #define PACKAGE_STRING "Spines 5.3"
| #define PACKAGE_BUGREPORT ""
| #define PACKAGE_URL ""
| #define STDC_HEADERS 1
| #define HAVE_SYS_TYPES_H 1
| #define HAVE_SYS_STAT_H 1
| #define HAVE_STDLIB_H 1
| #define HAVE_STRING_H 1
| #define HAVE_MEMORY_H 1
| #define HAVE_STRINGS_H 1
| #define HAVE_INTTYPES_H 1
| #define HAVE_STDINT_H 1
| #define HAVE_UNISTD_H 1
| #define HAVE_LIBCRYPTO 1
| #define HAVE_LIBPTHREAD 1
| #define HAVE_PTHREAD_ATFORK 1
| #define HAVE_LIBNSL 1
| #define HAVE_LIBM 1
| #define HAVE_LIBRT 1
| #define HAVE_LIBDL 1
| #define HAVE_STRFTIME 1
| #define HAVE_ARPA_INET_H 1
| #define HAVE_ASSERT_H 1
| #define HAVE_ERRNO_H 1
| #define HAVE_GRP_H 1
| #define HAVE_LIMITS_H 1
| #define HAVE_NETDB_H 1
| #define HAVE_NETINET_IN_H 1
| #define HAVE_NETINET_TCP_H 1
| #define HAVE_PTHREAD_H 1
| #define HAVE_PWD_H 1
| #define HAVE_SIGNAL_H 1
| #define HAVE_STDARG_H 1
| #define HAVE_STDINT_H 1
| #define HAVE_STDIO_H 1
| #define HAVE_STDLIB_H 1
| #define HAVE_STRING_H 1
| #define HAVE_SYS_IOCTL_H 1
| #define HAVE_SYS_PARAM_H 1
| #define HAVE_SYS_SOCKET_H 1
| #define HAVE_SYS_STAT_H 1
| #define HAVE_SYS_TIME_H 1
| #define HAVE_SYS_TIMEB_H 1
| #define HAVE_SYS_TYPES_H 1
| #define HAVE_SYS_UIO_H 1
| #define HAVE_SYS_UN_H 1
| /* end confdefs.h.  */
| #include <sys/filio.h>
configure:4981: result: no
configure:4981: checking for sys/filio.h
configure:4981: result: no
configure:4981: checking time.h usability
configure:4981: gcc -c -g -O2 -Wall -march=native -D_REENTRANT -DNDEBUG  conftest.c >&5
configure:4981: $? = 0
configure:4981: result: yes
configure:4981: checking time.h presence
configure:4981: gcc -E  conftest.c
configure:4981: $? = 0
configure:4981: result: yes
configure:4981: checking for time.h
configure:4981: result: yes
configure:4981: checking for unistd.h
configure:4981: result: yes
configure:4981: checking windows.h usability
configure:4981: gcc -c -g -O2 -Wall -march=native -D_REENTRANT -DNDEBUG  conftest.c >&5
conftest.c:87:10: fatal error: windows.h: No such file or directory
   87 | #include <windows.h>
      |          ^~~~~~~~~~~
compilation terminated.
configure:4981: $? = 1
configure: failed program was:
| /* confdefs.h */
| #define PACKAGE_NAME "Spines"
| #define PACKAGE_TARNAME "spines"
| #define PACKAGE_VERSION "5.3"
| #define PACKAGE_STRING "Spines 5.3"
| #define PACKAGE_BUGREPORT ""
| #define PACKAGE_URL ""
| #define STDC_HEADERS 1
| #define HAVE_SYS_TYPES_H 1
| #define HAVE_SYS_STAT_H 1
| #define HAVE_STDLIB_H 1
| #define HAVE_STRING_H 1
| #define HAVE_MEMORY_H 1
| #define HAVE_STRINGS_H 1
| #define HAVE_INTTYPES_H 1
| #define HAVE_STDINT_H 1
| #define HAVE_UNISTD_H 1
| #define HAVE_LIBCRYPTO 1
| #define HAVE_LIBPTHREAD 1
| #define HAVE_PTHREAD_ATFORK 1
| #define HAVE_LIBNSL 1
| #define HAVE_LIBM 1
| #define HAVE_LIBRT 1
| #define HAVE_LIBDL 1
| #define HAVE_STRFTIME 1
| #define HAVE_ARPA_INET_H 1
| #define HAVE_ASSERT_H 1
| #define HAVE_ERRNO_H 1
| #define HAVE_GRP_H 1
| #define HAVE_LIMITS_H 1
| #define HAVE_NETDB_H 1
| #define HAVE_NETINET_IN_H 1
| #define HAVE_NETINET_TCP_H 1
| #define HAVE_PTHREAD_H 1
| #define HAVE_PWD_H 1
| #define HAVE_SIGNAL_H 1
| #define HAVE_STDARG_H 1
| #define HAVE_STDINT_H 1
| #define HAVE_STDIO_H 1
| #define HAVE_STDLIB_H 1
| #define HAVE_STRING_H 1
| #define HAVE_SYS_IOCTL_H 1
| #define HAVE_SYS_PARAM_H 1
| #define HAVE_SYS_SOCKET_H 1
| #define HAVE_SYS_STAT_H 1
| #define HAVE_SYS_TIME_H 1
| #define HAVE_SYS_TIMEB_H 1
| #define HAVE_SYS_TYPES_H 1
| #define HAVE_SYS_UIO_H 1
| #define HAVE_SYS_UN_H 1
| #define HAVE_TIME_H 1
| #define HAVE_UNISTD_H 1
| /* end confdefs.h.  */
| #include <stdio.h>
| #ifdef HAVE_SYS_TYPES_H
| # include <sys/types.h>
| #endif
| #ifdef HAVE_SYS_STAT_H
| # include <sys/stat.h>
| #endif
| #ifdef STDC_HEADERS
| # include <stdlib.h>
| # include <stddef.h>
| #else
| # ifdef HAVE_STDLIB_H
| #  include <stdlib.h>
| # endif
| #endif
| #ifdef HAVE_STRING_H
| # if !defined STDC_HEADERS && defined HAVE_MEMORY_H
| #  include <memory.h>
| # endif
| # include <string.h>
| #endif
| #ifdef HAVE_STRINGS_H
| # include <strings.h>
| #endif
| #ifdef HAVE_INTTYPES_H
| # include <inttypes.h>
| #endif
| #ifdef HAVE_STDINT_H
| # include <stdint.h>
| #endif
| #ifdef HAVE_UNISTD_H
| # include <unistd.h>
| #endif
| #include <windows.h>
configure:4981: result: no
configure:4981: checking windows.h presence
configure:4981: gcc -E  conftest.c
conftest.c:54:10: fatal error: windows.h: No such file or directory
   54 | #include <windows.h>
      |          ^~~~~~~~~~~
compilation terminated.
configure:4981: $? = 1
configure: failed program was:
| /* confdefs.h */
| #define PACKAGE_NAME "Spines"
| #define PACKAGE_TARNAME "spines"
| #define PACKAGE_VERSION "5.3"
| #define PACKAGE_STRING "Spines 5.3"
| #define PACKAGE_BUGREPORT ""
| #define PACKAGE_URL ""
| #define STDC_HEADERS 1
| #define HAVE_SYS_TYPES_H 1
| #define HAVE_SYS_STAT_H 1
| #define HAVE_STDLIB_H 1
| #define HAVE_STRING_H 1
| #define HAVE_MEMORY_H 1
| #define HAVE_STRINGS_H 1
| #define HAVE_INTTYPES_H 1
| #define HAVE_STDINT_H 1
| #define HAVE_UNISTD_H 1
| #define HAVE_LIBCRYPTO 1
| #define HAVE_LIBPTHREAD 1
| #define HAVE_PTHREAD_ATFORK 1
| #define HAVE_LIBNSL 1
| #define HAVE_LIBM 1
| #define HAVE_LIBRT 1
| #define HAVE_LIBDL 1
| #define HAVE_STRFTIME 1
| #define HAVE_ARPA_INET_H 1
| #define HAVE_ASSERT_H 1
| #define HAVE_ERRNO_H 1
| #define HAVE_GRP_H 1
| #define HAVE_LIMITS_H 1
| #define HAVE_NETDB_H 1
| #define HAVE_NETINET_IN_H 1
| #define HAVE_NETINET_TCP_H 1
| #define HAVE_PTHREAD_H 1
| #define HAVE_PWD_H 1
| #define HAVE_SIGNAL_H 1
| #define HAVE_STDARG_H 1
| #define HAVE_STDINT_H 1
| #define HAVE_STDIO_H 1
| #define HAVE_STDLIB_H 1
| #define HAVE_STRING_H 1
| #define HAVE_SYS_IOCTL_H 1
| #define HAVE_SYS_PARAM_H 1
| #define HAVE_SYS_SOCKET_H 1
| #define HAVE_SYS_STAT_H 1
| #define HAVE_SYS_TIME_H 1
| #define HAVE_SYS_TIMEB_H 1
| #define HAVE_SYS_TYPES_H 1
| #define HAVE_SYS_UIO_H 1
| #define HAVE_SYS_UN_H 1
| #define HAVE_TIME_H 1
| #define HAVE_UNISTD_H 1
| /* end confdefs.h.  */
| #include <windows.h>
configure:4981: result: no
configure:4981: checking for windows.h
configure:4981: result: no
configure:4981: checking winsock.h usability
configure:4981: gcc -c -g -O2 -Wall -march=native -D_REENTRANT -DNDEBUG  conftest.c >&5
conftest.c:87:10: fatal error: winsock.h: No such file or directory
   87 | #include <winsock.h>
      |          ^~~~~~~~~~~
compilation terminated.
configure:4981: $? = 1
configure: failed program was:
| /* confdefs.h */
| #define PACKAGE_NAME "Spines"
| #define PACKAGE_TARNAME "spines"
| #define PACKAGE_VERSION "5.3"
| #define PACKAGE_STRING "Spines 5.3"
| #define PACKAGE_BUGREPORT ""
| #define PACKAGE_URL ""
| #define STDC_HEADERS 1
| #define HAVE_SYS_TYPES_H 1
| #define HAVE_SYS_STAT_H 1
| #define HAVE_STDLIB_H 1
| #define HAVE_STRING_H 1
| #define HAVE_MEMORY_H 1
| #define HAVE_STRINGS_H 1
| #define HAVE_INTTYPES_H 1
| #define HAVE_STDINT_H 1
| #define HAVE_UNISTD_H 1
| #define HAVE_LIBCRYPTO 1
| #define HAVE_LIBPTHREAD 1
| #define HAVE_PTHREAD_ATFORK 1
| #define HAVE_LIBNSL 1
| #define HAVE_LIBM 1
| #define HAVE_LIBRT 1
| #define HAVE_LIBDL 1
| #define HAVE_STRFTIME 1
| #define HAVE_ARPA_INET_H 1
| #define HAVE_ASSERT_H 1
| #define HAVE_ERRNO_H 1
| #define HAVE_GRP_H 1
| #define HAVE_LIMITS_H 1
| #define HAVE_NETDB_H 1
| #define HAVE_NETINET_IN_H 1
| #define HAVE_NETINET_TCP_H 1
| #define HAVE_PTHREAD_H 1
| #define HAVE_PWD_H 1
| #define HAVE_SIGNAL_H 1
| #define HAVE_STDARG_H 1
| #define HAVE_STDINT_H 1
| #define HAVE_STDIO_H 1
| #define HAVE_STDLIB_H 1
| #define HAVE_STRING_H 1
| #define HAVE_SYS_IOCTL_H 1
| #define HAVE_SYS_PARAM_H 1
| #define HAVE_SYS_SOCKET_H 1
| #define HAVE_SYS_STAT_H 1
| #define HAVE_SYS_TIME_H 1
| #define HAVE_SYS_TIMEB_H 1
| #define HAVE_SYS_TYPES_H 1
| #define HAVE_SYS_UIO_H 1
| #define HAVE_SYS_UN_H 1
| #define HAVE_TIME_H 1
| #define HAVE_UNISTD_H 1
| /* end confdefs.h.  */
| #include <stdio.h>
| #ifdef HAVE_SYS_TYPES_H
| # include <sys/types.h>
| #endif
| #ifdef HAVE_SYS_STAT_H
| # include <sys/stat.h>
| #endif
| #ifdef STDC_HEADERS
| # include <stdlib.h>
| # include <stddef.h>
| #else
| # ifdef HAVE_STDLIB_H
| #  include <stdlib.h>
| # endif
| #endif
| #ifdef HAVE_STRING_H
| # if !defined STDC_HEADERS && defined HAVE_MEMORY_H
| #  include <memory.h>
| # endif
| # include <string.h>
| #endif
| #ifdef HAVE_STRINGS_H
| # include <strings.h>
| #endif
| #ifdef HAVE_INTTYPES_H
| # include <inttypes.h>
| #endif
| #ifdef HAVE_STDINT_H
| # include <stdint.h>
| #endif
| #ifdef HAVE_UNISTD_H
| # include <unistd.h>
| #endif
| #include <winsock.h>
configure:4981: result: no
configure:4981: checking winsock.h presence
configure:4981: gcc -E  conftest.c
conftest.c:54:10: fatal error: winsock.h: No such file or directory
   54 | #include <winsock.h>
      |          ^~~~~~~~~~~
compilation terminated.
configure:4981: $? = 1
configure: failed program was:
| /* confdefs.h */
| #define PACKAGE_NAME "Spines"
| #define PACKAGE_TARNAME "spines"
| #define PACKAGE_VERSION "5.3"
| #define PACKAGE_STRING "Spines 5.3"
| #define PACKAGE_BUGREPORT ""
| #define PACKAGE_URL ""
| #define STDC_HEADERS 1
| #define HAVE_SYS_TYPES_H 1
| #define HAVE_SYS_STAT_H 1
| #define HAVE_STDLIB_H 1
| #define HAVE_STRING_H 1
| #define HAVE_MEMORY_H 1
| #define HAVE_STRINGS_H 1
| #define HAVE_INTTYPES_H 1
| #define HAVE_STDINT_H 1
| #define HAVE_UNISTD_H 1
| #define HAVE_LIBCRYPTO 1
| #define HAVE_LIBPTHREAD 1
| #define HAVE_PTHREAD_ATFORK 1
| #define HAVE_LIBNSL 1
| #define HAVE_LIBM 1
| #define HAVE_LIBRT 1
| #define HAVE_LIBDL 1
| #define HAVE_STRFTIME 1
| #define HAVE_ARPA_INET_H 1
| #define HAVE_ASSERT_H 1
| #define HAVE_ERRNO_H 1
| #define HAVE_GRP_H 1
| #define HAVE_LIMITS_H 1
| #define HAVE_NETDB_H 1
| #define HAVE_NETINET_IN_H 1
| #define HAVE_NETINET_TCP_H 1
| #define HAVE_PTHREAD_H 1
| #define HAVE_PWD_H 1
| #define HAVE_SIGNAL_H 1
| #define HAVE_STDARG_H 1
| #define HAVE_STDINT_H 1
| #define HAVE_STDIO_H 1
| #define HAVE_STDLIB_H 1
| #define HAVE_STRING_H 1
| #define HAVE_SYS_IOCTL_H 1
| #define HAVE_SYS_PARAM_H 1
| #define HAVE_SYS_SOCKET_H 1
| #define HAVE_SYS_STAT_H 1
| #define HAVE_SYS_TIME_H 1
| #define HAVE_SYS_TIMEB_H 1
| #define HAVE_SYS_TYPES_H 1
| #define HAVE_SYS_UIO_H 1
| #define HAVE_SYS_UN_H 1
| #define HAVE_TIME_H 1
| #define HAVE_UNISTD_H 1
| /* end confdefs.h.  */
| #include <winsock.h>
configure:4981: result: no
configure:4981: checking for winsock.h
configure:4981: result: no
configure:4996: checking features.h usability
configure:4996: gcc -c -g -O2 -Wall -march=native -D_REENTRANT -DNDEBUG  conftest.c >&5
configure:4996: $? = 0
configure:4996: result: yes
configure:4996: checking features.h presence
configure:4996: gcc -E  conftest.c
configure:4996: $? = 0
configure:4996: result: yes
configure:4996: checking for features.h
configure:4996: result: yes
configure:4996: checking netpacket/packet.h usability
configure:4996: gcc -c -g -O2 -Wall -march=native -D_REENTRANT -DNDEBUG  conftest.c >&5
configure:4996: $? = 0
configure:4996: result: yes
configure:4996: checking netpacket/packet.h presence
configure:4996: gcc -E  conftest.c
configure:4996: $? = 0
configure:4996: result: yes
configure:4996: checking for netpacket/packet.h
configure:4996: result: yes
configure:4996: checking net/ethernet.h usability
configure:4996: gcc -c -g -O2 -Wall -march=native -D_REENTRANT -DNDEBUG  conftest.c >&5
configure:4996: $? = 0
configure:4996: result: yes
configure:4996: checking net/ethernet.h presence
configure:4996: gcc -E  conftest.c
configure:4996: $? = 0
configure:4996: result: yes
configure:4996: checking for net/ethernet.h
configure:4996: result: yes
configure:4996: checking net/if_arp.h usability
configure:4996: gcc -c -g -O2 -Wall -march=native -D_REENTRANT -DNDEBUG  conftest.c >&5
configure:4996: $? = 0
configure:4996: result: yes
configure:4996: checking net/if_arp.h presence
configure:4996: gcc -E  conftest.c
configure:4996: $? = 0
configure:4996: result: yes
configure:4996: checking for net/if_arp.h
configure:4996: result: yes
configure:4996: checking dlfcn.h usability
configure:4996: gcc -c -g -O2 -Wall -march=native -D_REENTRANT -DNDEBUG  conftest.c >&5
configure:4996: $? = 0
configure:4996: result: yes
configure:4996: checking dlfcn.h presence
configure:4996: gcc -E  conftest.c
configure:4996: $? = 0
configure:4996: result: yes
configure:4996: checking for dlfcn.h
configure:4996: result: yes
configure:5011: checking openssl/dh.h usability
configure:5011: gcc -c -g -O2 -Wall -march=native -D_REENTRANT -DNDEBUG  conftest.c >&5
configure:5011: $? = 0
configure:5011: result: yes
configure:5011: checking openssl/dh.h presence
configure:5011: gcc -E  conftest.c
configure:5011: $? = 0
configure:5011: result: yes
configure:5011: checking for openssl/dh.h
configure:5011: result: yes
configure:5011: checking openssl/engine.h usability
configure:5011: gcc -c -g -O2 -Wall -march=native -D_REENTRANT -DNDEBUG  conftest.c >&5
configure:5011: $? = 0
configure:5011: result: yes
configure:5011: checking openssl/engine.h presence
configure:5011: gcc -E  conftest.c
configure:5011: $? = 0
configure:5011: result: yes
configure:5011: checking for openssl/engine.h
configure:5011: result: yes
configure:5011: checking openssl/evp.h usability
configure:5011: gcc -c -g -O2 -Wall -march=native -D_REENTRANT -DNDEBUG  conftest.c >&5
configure:5011: $? = 0
configure:5011: result: yes
configure:5011: checking openssl/evp.h presence
configure:5011: gcc -E  conftest.c
configure:5011: $? = 0
configure:5011: result: yes
configure:5011: checking for openssl/evp.h
configure:5011: result: yes
configure:5011: checking openssl/hmac.h usability
configure:5011: gcc -c -g -O2 -Wall -march=native -D_REENTRANT -DNDEBUG  conftest.c >&5
configure:5011: $? = 0
configure:5011: result: yes
configure:5011: checking openssl/hmac.h presence
configure:5011: gcc -E  conftest.c
configure:5011: $? = 0
configure:5011: result: yes
configure:5011: checking for openssl/hmac.h
configure:5011: result: yes
configure:5011: checking openssl/pem.h usability
configure:5011: gcc -c -g -O2 -Wall -march=native -D_REENTRANT -DNDEBUG  conftest.c >&5
configure:5011: $? = 0
configure:5011: result: yes
configure:5011: checking openssl/pem.h presence
configure:5011: gcc -E  conftest.c
configure:5011: $? = 0
configure:5011: result: yes
configure:5011: checking for openssl/pem.h
configure:5011: result: yes
configure:5011: checking openssl/sha.h usability
configure:5011: gcc -c -g -O2 -Wall -march=native -D_REENTRANT -DNDEBUG  conftest.c >&5
configure:5011: $? = 0
configure:5011: result: yes
configure:5011: checking openssl/sha.h presence
configure:5011: gcc -E  conftest.c
configure:5011: $? = 0
configure:5011: result: yes
configure:5011: checking for openssl/sha.h
configure:5011: result: yes
configure:5025: checking for bcopy
configure:5025: gcc -o conftest -g -O2 -Wall -march=native -D_REENTRANT -DNDEBUG   conftest.c -ldl -lrt -lm -lnsl -lpthread -lcrypto  >&5
conftest.c:88:6: warning: conflicting types for built-in function 'bcopy'; expected 'void(const void *, void *, long unsigned int)' [-Wbuiltin-declaration-mismatch]
   88 | char bcopy ();
      |      ^~~~~
configure:5025: $? = 0
configure:5025: result: yes
configure:5025: checking for inet_aton
configure:5025: gcc -o conftest -g -O2 -Wall -march=native -D_REENTRANT -DNDEBUG   conftest.c -ldl -lrt -lm -lnsl -lpthread -lcrypto  >&5
configure:5025: $? = 0
configure:5025: result: yes
configure:5025: checking for inet_ntoa
configure:5025: gcc -o conftest -g -O2 -Wall -march=native -D_REENTRANT -DNDEBUG   conftest.c -ldl -lrt -lm -lnsl -lpthread -lcrypto  >&5
configure:5025: $? = 0
configure:5025: result: yes
configure:5025: checking for inet_ntop
configure:5025: gcc -o conftest -g -O2 -Wall -march=native -D_REENTRANT -DNDEBUG   conftest.c -ldl -lrt -lm -lnsl -lpthread -lcrypto  >&5
configure:5025: $? = 0
configure:5025: result: yes
configure:5025: checking for memmove
configure:5025: gcc -o conftest -g -O2 -Wall -march=native -D_REENTRANT -DNDEBUG   conftest.c -ldl -lrt -lm -lnsl -lpthread -lcrypto  >&5
conftest.c:92:6: warning: conflicting types for built-in function 'memmove'; expected 'void *(void *, const void *, long unsigned int)' [-Wbuiltin-declaration-mismatch]
   92 | char memmove ();
      |      ^~~~~~~
conftest.c:80:1: note: 'memmove' is declared in header '<string.h>'
   79 | # include <limits.h>
   80 | #else
configure:5025: $? = 0
configure:5025: result: yes
configure:5025: checking for setsid
configure:5025: gcc -o conftest -g -O2 -Wall -march=native -D_REENTRANT -DNDEBUG   conftest.c -ldl -lrt -lm -lnsl -lpthread -lcrypto  >&5
configure:5025: $? = 0
configure:5025: result: yes
configure:5025: checking for snprintf
configure:5025: gcc -o conftest -g -O2 -Wall -march=native -D_REENTRANT -DNDEBUG   conftest.c -ldl -lrt -lm -lnsl -lpthread -lcrypto  >&5
conftest.c:94:6: warning: conflicting types for built-in function 'snprintf'; expected 'int(char *, long unsigned int,  const char *, ...)' [-Wbuiltin-declaration-mismatch]
   94 | char snprintf ();
      |      ^~~~~~~~
conftest.c:82:1: note: 'snprintf' is declared in header '<stdio.h>'
   81 | # include <limits.h>
   82 | #else
configure:5025: $? = 0
configure:5025: result: yes
configure:5025: checking for strerror
configure:5025: gcc -o conftest -g -O2 -Wall -march=native -D_REENTRANT -DNDEBUG   conftest.c -ldl -lrt -lm -lnsl -lpthread -lcrypto  >&5
configure:5025: $? = 0
configure:5025: result: yes
configure:5025: checking for lrand48
configure:5025: gcc -o conftest -g -O2 -Wall -march=native -D_REENTRANT -DNDEBUG   conftest.c -ldl -lrt -lm -lnsl -lpthread -lcrypto  >&5
configure:5025: $? = 0
configure:5025: result: yes
configure:5037: checking for gettimeofday
configure:5037: gcc -o conftest -g -O2 -Wall -march=native -D_REENTRANT -DNDEBUG   conftest.c -ldl -lrt -lm -lnsl -lpthread -lcrypto  >&5
configure:5037: $? = 0
configure:5037: result: yes
configure:5037: checking for time
configure:5037: gcc -o conftest -g -O2 -Wall -march=native -D_REENTRANT -DNDEBUG   conftest.c -ldl -lrt -lm -lnsl -lpthread -lcrypto  >&5
configure:5037: $? = 0
configure:5037: result: yes
configure:5049: checking whether snprintf correctly terminates long strings
configure:5064: gcc -o conftest -g -O2 -Wall -march=native -D_REENTRANT -DNDEBUG   conftest.c -ldl -lrt -lm -lnsl -lpthread -lcrypto  >&5
conftest.c: In function 'main':
conftest.c:78:45: warning: '123456789' directive output truncated writing 9 bytes into a region of size 5 [-Wformat-truncation=]
   78 | int main(void){char b[5];snprintf(b,5,"123456789");return(b[4]!='\0');}
      |                                        ~~~~~^~~~
In file included from /usr/include/stdio.h:867,
                 from conftest.c:77:
/usr/include/x86_64-linux-gnu/bits/stdio2.h:67:10: note: '__builtin_snprintf' output 10 bytes into a destination of size 5
   67 |   return __builtin___snprintf_chk (__s, __n, __USE_FORTIFY_LEVEL - 1,
      |          ^~~~~~~~~~~~~~~~~~~~~~~~~~~~~~~~~~~~~~~~~~~~~~~~~~~~~~~~~~~~
   68 |        __bos (__s), __fmt, __va_arg_pack ());
      |        ~~~~~~~~~~~~~~~~~~~~~~~~~~~~~~~~~~~~~
configure:5064: $? = 0
configure:5064: ./conftest
configure:5064: $? = 0
configure:5065: result: yes
configure:5095: checking size of char
configure:5100: gcc -o conftest -g -O2 -Wall -march=native -D_REENTRANT -DNDEBUG   conftest.c -ldl -lrt -lm -lnsl -lpthread -lcrypto  >&5
configure:5100: $? = 0
configure:5100: ./conftest
configure:5100: $? = 0
configure:5114: result: 1
configure:5128: checking size of short int
configure:5133: gcc -o conftest -g -O2 -Wall -march=native -D_REENTRANT -DNDEBUG   conftest.c -ldl -lrt -lm -lnsl -lpthread -lcrypto  >&5
configure:5133: $? = 0
configure:5133: ./conftest
configure:5133: $? = 0
configure:5147: result: 2
configure:5161: checking size of int
configure:5166: gcc -o conftest -g -O2 -Wall -march=native -D_REENTRANT -DNDEBUG   conftest.c -ldl -lrt -lm -lnsl -lpthread -lcrypto  >&5
configure:5166: $? = 0
configure:5166: ./conftest
configure:5166: $? = 0
configure:5180: result: 4
configure:5194: checking size of long int
configure:5199: gcc -o conftest -g -O2 -Wall -march=native -D_REENTRANT -DNDEBUG   conftest.c -ldl -lrt -lm -lnsl -lpthread -lcrypto  >&5
configure:5199: $? = 0
configure:5199: ./conftest
configure:5199: $? = 0
configure:5213: result: 8
configure:5227: checking size of long long int
configure:5232: gcc -o conftest -g -O2 -Wall -march=native -D_REENTRANT -DNDEBUG   conftest.c -ldl -lrt -lm -lnsl -lpthread -lcrypto  >&5
configure:5232: $? = 0
configure:5232: ./conftest
configure:5232: $? = 0
configure:5246: result: 8
configure:5258: checking for windows arch
configure:5275: gcc -c -g -O2 -Wall -march=native -D_REENTRANT -DNDEBUG  conftest.c >&5
conftest.c:81:11: fatal error: process.h: No such file or directory
   81 |  #include <process.h>
      |           ^~~~~~~~~~~
compilation terminated.
configure:5275: $? = 1
configure: failed program was:
| /* confdefs.h */
| #define PACKAGE_NAME "Spines"
| #define PACKAGE_TARNAME "spines"
| #define PACKAGE_VERSION "5.3"
| #define PACKAGE_STRING "Spines 5.3"
| #define PACKAGE_BUGREPORT ""
| #define PACKAGE_URL ""
| #define STDC_HEADERS 1
| #define HAVE_SYS_TYPES_H 1
| #define HAVE_SYS_STAT_H 1
| #define HAVE_STDLIB_H 1
| #define HAVE_STRING_H 1
| #define HAVE_MEMORY_H 1
| #define HAVE_STRINGS_H 1
| #define HAVE_INTTYPES_H 1
| #define HAVE_STDINT_H 1
| #define HAVE_UNISTD_H 1
| #define HAVE_LIBCRYPTO 1
| #define HAVE_LIBPTHREAD 1
| #define HAVE_PTHREAD_ATFORK 1
| #define HAVE_LIBNSL 1
| #define HAVE_LIBM 1
| #define HAVE_LIBRT 1
| #define HAVE_LIBDL 1
| #define HAVE_STRFTIME 1
| #define HAVE_ARPA_INET_H 1
| #define HAVE_ASSERT_H 1
| #define HAVE_ERRNO_H 1
| #define HAVE_GRP_H 1
| #define HAVE_LIMITS_H 1
| #define HAVE_NETDB_H 1
| #define HAVE_NETINET_IN_H 1
| #define HAVE_NETINET_TCP_H 1
| #define HAVE_PTHREAD_H 1
| #define HAVE_PWD_H 1
| #define HAVE_SIGNAL_H 1
| #define HAVE_STDARG_H 1
| #define HAVE_STDINT_H 1
| #define HAVE_STDIO_H 1
| #define HAVE_STDLIB_H 1
| #define HAVE_STRING_H 1
| #define HAVE_SYS_IOCTL_H 1
| #define HAVE_SYS_PARAM_H 1
| #define HAVE_SYS_SOCKET_H 1
| #define HAVE_SYS_STAT_H 1
| #define HAVE_SYS_TIME_H 1
| #define HAVE_SYS_TIMEB_H 1
| #define HAVE_SYS_TYPES_H 1
| #define HAVE_SYS_UIO_H 1
| #define HAVE_SYS_UN_H 1
| #define HAVE_TIME_H 1
| #define HAVE_UNISTD_H 1
| #define HAVE_FEATURES_H 1
| #define HAVE_NETPACKET_PACKET_H 1
| #define HAVE_NET_ETHERNET_H 1
| #define HAVE_NET_IF_ARP_H 1
| #define HAVE_DLFCN_H 1
| #define HAVE_OPENSSL_DH_H 1
| #define HAVE_OPENSSL_ENGINE_H 1
| #define HAVE_OPENSSL_EVP_H 1
| #define HAVE_OPENSSL_HMAC_H 1
| #define HAVE_OPENSSL_PEM_H 1
| #define HAVE_OPENSSL_SHA_H 1
| #define HAVE_BCOPY 1
| #define HAVE_INET_ATON 1
| #define HAVE_INET_NTOA 1
| #define HAVE_INET_NTOP 1
| #define HAVE_MEMMOVE 1
| #define HAVE_SETSID 1
| #define HAVE_SNPRINTF 1
| #define HAVE_STRERROR 1
| #define HAVE_LRAND48 1
| #define HAVE_GETTIMEOFDAY 1
| #define HAVE_TIME 1
| #define SIZEOF_CHAR 1
| #define SIZEOF_SHORT_INT 2
| #define SIZEOF_INT 4
| #define SIZEOF_LONG_INT 8
| #define SIZEOF_LONG_LONG_INT 8
| /* end confdefs.h.  */
|  #include <process.h>
| int
| main ()
| {
|  CRITICAL_SECTION mutex; InitializeCriticalSection(mutex);
|   ;
|   return 0;
| }
configure:5284: result: no
configure:5292: checking for struct timezone type
configure:5311: gcc -c -g -O2 -Wall -march=native -D_REENTRANT -DNDEBUG  conftest.c >&5
conftest.c: In function 'main':
conftest.c:87:18: warning: unused variable 'opt' [-Wunused-variable]
   87 |  struct timezone opt;
      |                  ^~~
configure:5311: $? = 0
configure:5320: result: yes
configure:5328: checking for struct sockopt_len_t type
configure:5346: gcc -c -g -O2 -Wall -march=native -D_REENTRANT -DNDEBUG  conftest.c >&5
conftest.c: In function 'main':
conftest.c:87:9: error: unknown type name 'sockopt_len_t'
   87 |  static sockopt_len_t opt; opt=0;
      |         ^~~~~~~~~~~~~
conftest.c:87:23: warning: variable 'opt' set but not used [-Wunused-but-set-variable]
   87 |  static sockopt_len_t opt; opt=0;
      |                       ^~~
configure:5346: $? = 1
configure: failed program was:
| /* confdefs.h */
| #define PACKAGE_NAME "Spines"
| #define PACKAGE_TARNAME "spines"
| #define PACKAGE_VERSION "5.3"
| #define PACKAGE_STRING "Spines 5.3"
| #define PACKAGE_BUGREPORT ""
| #define PACKAGE_URL ""
| #define STDC_HEADERS 1
| #define HAVE_SYS_TYPES_H 1
| #define HAVE_SYS_STAT_H 1
| #define HAVE_STDLIB_H 1
| #define HAVE_STRING_H 1
| #define HAVE_MEMORY_H 1
| #define HAVE_STRINGS_H 1
| #define HAVE_INTTYPES_H 1
| #define HAVE_STDINT_H 1
| #define HAVE_UNISTD_H 1
| #define HAVE_LIBCRYPTO 1
| #define HAVE_LIBPTHREAD 1
| #define HAVE_PTHREAD_ATFORK 1
| #define HAVE_LIBNSL 1
| #define HAVE_LIBM 1
| #define HAVE_LIBRT 1
| #define HAVE_LIBDL 1
| #define HAVE_STRFTIME 1
| #define HAVE_ARPA_INET_H 1
| #define HAVE_ASSERT_H 1
| #define HAVE_ERRNO_H 1
| #define HAVE_GRP_H 1
| #define HAVE_LIMITS_H 1
| #define HAVE_NETDB_H 1
| #define HAVE_NETINET_IN_H 1
| #define HAVE_NETINET_TCP_H 1
| #define HAVE_PTHREAD_H 1
| #define HAVE_PWD_H 1
| #define HAVE_SIGNAL_H 1
| #define HAVE_STDARG_H 1
| #define HAVE_STDINT_H 1
| #define HAVE_STDIO_H 1
| #define HAVE_STDLIB_H 1
| #define HAVE_STRING_H 1
| #define HAVE_SYS_IOCTL_H 1
| #define HAVE_SYS_PARAM_H 1
| #define HAVE_SYS_SOCKET_H 1
| #define HAVE_SYS_STAT_H 1
| #define HAVE_SYS_TIME_H 1
| #define HAVE_SYS_TIMEB_H 1
| #define HAVE_SYS_TYPES_H 1
| #define HAVE_SYS_UIO_H 1
| #define HAVE_SYS_UN_H 1
| #define HAVE_TIME_H 1
| #define HAVE_UNISTD_H 1
| #define HAVE_FEATURES_H 1
| #define HAVE_NETPACKET_PACKET_H 1
| #define HAVE_NET_ETHERNET_H 1
| #define HAVE_NET_IF_ARP_H 1
| #define HAVE_DLFCN_H 1
| #define HAVE_OPENSSL_DH_H 1
| #define HAVE_OPENSSL_ENGINE_H 1
| #define HAVE_OPENSSL_EVP_H 1
| #define HAVE_OPENSSL_HMAC_H 1
| #define HAVE_OPENSSL_PEM_H 1
| #define HAVE_OPENSSL_SHA_H 1
| #define HAVE_BCOPY 1
| #define HAVE_INET_ATON 1
| #define HAVE_INET_NTOA 1
| #define HAVE_INET_NTOP 1
| #define HAVE_MEMMOVE 1
| #define HAVE_SETSID 1
| #define HAVE_SNPRINTF 1
| #define HAVE_STRERROR 1
| #define HAVE_LRAND48 1
| #define HAVE_GETTIMEOFDAY 1
| #define HAVE_TIME 1
| #define SIZEOF_CHAR 1
| #define SIZEOF_SHORT_INT 2
| #define SIZEOF_INT 4
| #define SIZEOF_LONG_INT 8
| #define SIZEOF_LONG_LONG_INT 8
| #define HAVE_STRUCT_TIMEZONE 1
| /* end confdefs.h.  */
|  #include <sys/types.h>
| 		  #include <sys/socket.h>
| int
| main ()
| {
|  static sockopt_len_t opt; opt=0;
|   ;
|   return 0;
| }
configure:5355: result: no
configure:5363: checking for struct msghdr type
configure:5381: gcc -c -g -O2 -Wall -march=native -D_REENTRANT -DNDEBUG  conftest.c >&5
conftest.c: In function 'main':
conftest.c:87:25: warning: variable 'msg' set but not used [-Wunused-but-set-variable]
   87 |  static  struct  msghdr msg; msg.msg_namelen = 1;
      |                         ^~~
configure:5381: $? = 0
configure:5390: result: yes
configure:5398: checking for struct msghdr accrights
configure:5416: gcc -c -g -O2 -Wall -march=native -D_REENTRANT -DNDEBUG  conftest.c >&5
conftest.c: In function 'main':
conftest.c:87:33: error: 'struct msghdr' has no member named 'msg_accrightslen'
   87 |  static  struct  msghdr msg; msg.msg_accrightslen = 0;
      |                                 ^
conftest.c:87:25: warning: variable 'msg' set but not used [-Wunused-but-set-variable]
   87 |  static  struct  msghdr msg; msg.msg_accrightslen = 0;
      |                         ^~~
configure:5416: $? = 1
configure: failed program was:
| /* confdefs.h */
| #define PACKAGE_NAME "Spines"
| #define PACKAGE_TARNAME "spines"
| #define PACKAGE_VERSION "5.3"
| #define PACKAGE_STRING "Spines 5.3"
| #define PACKAGE_BUGREPORT ""
| #define PACKAGE_URL ""
| #define STDC_HEADERS 1
| #define HAVE_SYS_TYPES_H 1
| #define HAVE_SYS_STAT_H 1
| #define HAVE_STDLIB_H 1
| #define HAVE_STRING_H 1
| #define HAVE_MEMORY_H 1
| #define HAVE_STRINGS_H 1
| #define HAVE_INTTYPES_H 1
| #define HAVE_STDINT_H 1
| #define HAVE_UNISTD_H 1
| #define HAVE_LIBCRYPTO 1
| #define HAVE_LIBPTHREAD 1
| #define HAVE_PTHREAD_ATFORK 1
| #define HAVE_LIBNSL 1
| #define HAVE_LIBM 1
| #define HAVE_LIBRT 1
| #define HAVE_LIBDL 1
| #define HAVE_STRFTIME 1
| #define HAVE_ARPA_INET_H 1
| #define HAVE_ASSERT_H 1
| #define HAVE_ERRNO_H 1
| #define HAVE_GRP_H 1
| #define HAVE_LIMITS_H 1
| #define HAVE_NETDB_H 1
| #define HAVE_NETINET_IN_H 1
| #define HAVE_NETINET_TCP_H 1
| #define HAVE_PTHREAD_H 1
| #define HAVE_PWD_H 1
| #define HAVE_SIGNAL_H 1
| #define HAVE_STDARG_H 1
| #define HAVE_STDINT_H 1
| #define HAVE_STDIO_H 1
| #define HAVE_STDLIB_H 1
| #define HAVE_STRING_H 1
| #define HAVE_SYS_IOCTL_H 1
| #define HAVE_SYS_PARAM_H 1
| #define HAVE_SYS_SOCKET_H 1
| #define HAVE_SYS_STAT_H 1
| #define HAVE_SYS_TIME_H 1
| #define HAVE_SYS_TIMEB_H 1
| #define HAVE_SYS_TYPES_H 1
| #define HAVE_SYS_UIO_H 1
| #define HAVE_SYS_UN_H 1
| #define HAVE_TIME_H 1
| #define HAVE_UNISTD_H 1
| #define HAVE_FEATURES_H 1
| #define HAVE_NETPACKET_PACKET_H 1
| #define HAVE_NET_ETHERNET_H 1
| #define HAVE_NET_IF_ARP_H 1
| #define HAVE_DLFCN_H 1
| #define HAVE_OPENSSL_DH_H 1
| #define HAVE_OPENSSL_ENGINE_H 1
| #define HAVE_OPENSSL_EVP_H 1
| #define HAVE_OPENSSL_HMAC_H 1
| #define HAVE_OPENSSL_PEM_H 1
| #define HAVE_OPENSSL_SHA_H 1
| #define HAVE_BCOPY 1
| #define HAVE_INET_ATON 1
| #define HAVE_INET_NTOA 1
| #define HAVE_INET_NTOP 1
| #define HAVE_MEMMOVE 1
| #define HAVE_SETSID 1
| #define HAVE_SNPRINTF 1
| #define HAVE_STRERROR 1
| #define HAVE_LRAND48 1
| #define HAVE_GETTIMEOFDAY 1
| #define HAVE_TIME 1
| #define SIZEOF_CHAR 1
| #define SIZEOF_SHORT_INT 2
| #define SIZEOF_INT 4
| #define SIZEOF_LONG_INT 8
| #define SIZEOF_LONG_LONG_INT 8
| #define HAVE_STRUCT_TIMEZONE 1
| /* end confdefs.h.  */
|  #include <sys/types.h>
| 		  #include <sys/socket.h>
| int
| main ()
| {
|  static  struct  msghdr msg; msg.msg_accrightslen = 0;
|   ;
|   return 0;
| }
configure:5425: result: no
configure:5434: checking for struct msghdr control
configure:5452: gcc -c -g -O2 -Wall -march=native -D_REENTRANT -DNDEBUG  conftest.c >&5
conftest.c: In function 'main':
conftest.c:87:25: warning: variable 'msg' set but not used [-Wunused-but-set-variable]
   87 |  static  struct  msghdr msg; msg.msg_controllen = 0;
      |                         ^~~
configure:5452: $? = 0
configure:5461: result: yes
configure:5475: checking for u_int type
configure:5492: gcc -c -g -O2 -Wall -march=native -D_REENTRANT -DNDEBUG  conftest.c >&5
conftest.c: In function 'main':
conftest.c:87:8: warning: variable 'a' set but not used [-Wunused-but-set-variable]
   87 |  u_int a; a = 1;
      |        ^
configure:5492: $? = 0
configure:5501: result: yes
configure:5510: checking for intXX_t types
configure:5527: gcc -c -g -O2 -Wall -march=native -D_REENTRANT -DNDEBUG  conftest.c >&5
conftest.c: In function 'main':
conftest.c:88:9: warning: variable 'a' set but not used [-Wunused-but-set-variable]
   88 |  int8_t a; int16_t b; int32_t c; a = b = c = 1;
      |         ^
configure:5527: $? = 0
configure:5536: result: yes
configure:5545: checking for int64_t type
configure:5562: gcc -c -g -O2 -Wall -march=native -D_REENTRANT -DNDEBUG  conftest.c >&5
conftest.c: In function 'main':
conftest.c:89:10: warning: variable 'a' set but not used [-Wunused-but-set-variable]
   89 |  int64_t a; a = 1;
      |          ^
configure:5562: $? = 0
configure:5571: result: yes
configure:5580: checking for u_intXX_t types
configure:5597: gcc -c -g -O2 -Wall -march=native -D_REENTRANT -DNDEBUG  conftest.c >&5
conftest.c: In function 'main':
conftest.c:90:11: warning: variable 'a' set but not used [-Wunused-but-set-variable]
   90 |  u_int8_t a; u_int16_t b; u_int32_t c; a = b = c = 1;
      |           ^
configure:5597: $? = 0
configure:5606: result: yes
configure:5615: checking for u_int64_t types
configure:5632: gcc -c -g -O2 -Wall -march=native -D_REENTRANT -DNDEBUG  conftest.c >&5
conftest.c: In function 'main':
conftest.c:91:12: warning: variable 'a' set but not used [-Wunused-but-set-variable]
   91 |  u_int64_t a; a = 1;
      |            ^
configure:5632: $? = 0
configure:5641: result: yes
configure:5727: checking for socklen_t
configure:5747: gcc -c -g -O2 -Wall -march=native -D_REENTRANT -DNDEBUG  conftest.c >&5
conftest.c: In function 'main':
conftest.c:95:11: warning: variable 'foo' set but not used [-Wunused-but-set-variable]
   95 | socklen_t foo; foo = 1235;
      |           ^~~
configure:5747: $? = 0
configure:5756: result: yes
configure:5764: checking for size_t
configure:5783: gcc -c -g -O2 -Wall -march=native -D_REENTRANT -DNDEBUG  conftest.c >&5
conftest.c: In function 'main':
conftest.c:95:9: warning: variable 'foo' set but not used [-Wunused-but-set-variable]
   95 |  size_t foo; foo = 1235;
      |         ^~~
configure:5783: $? = 0
configure:5792: result: yes
configure:5800: checking for ssize_t
configure:5819: gcc -c -g -O2 -Wall -march=native -D_REENTRANT -DNDEBUG  conftest.c >&5
conftest.c: In function 'main':
conftest.c:96:10: warning: variable 'foo' set but not used [-Wunused-but-set-variable]
   96 |  ssize_t foo; foo = 1235;
      |          ^~~
configure:5819: $? = 0
configure:5828: result: yes
configure:5836: checking for clock_t
configure:5855: gcc -c -g -O2 -Wall -march=native -D_REENTRANT -DNDEBUG  conftest.c >&5
conftest.c: In function 'main':
conftest.c:97:10: warning: variable 'foo' set but not used [-Wunused-but-set-variable]
   97 |  clock_t foo; foo = 1235;
      |          ^~~
configure:5855: $? = 0
configure:5864: result: yes
configure:5872: checking for sa_family_t
configure:5892: gcc -c -g -O2 -Wall -march=native -D_REENTRANT -DNDEBUG  conftest.c >&5
conftest.c: In function 'main':
conftest.c:99:14: warning: variable 'foo' set but not used [-Wunused-but-set-variable]
   99 |  sa_family_t foo; foo = 1235;
      |              ^~~
configure:5892: $? = 0
configure:5922: result: yes
configure:5931: checking for struct sockaddr_storage
configure:5951: gcc -c -g -O2 -Wall -march=native -D_REENTRANT -DNDEBUG  conftest.c >&5
conftest.c: In function 'main':
conftest.c:100:26: warning: unused variable 's' [-Wunused-variable]
  100 |  struct sockaddr_storage s;
      |                          ^
configure:5951: $? = 0
configure:5960: result: yes
configure:5968: checking for struct sockaddr_in6
configure:5988: gcc -c -g -O2 -Wall -march=native -D_REENTRANT -DNDEBUG  conftest.c >&5
conftest.c: In function 'main':
conftest.c:101:22: warning: variable 's' set but not used [-Wunused-but-set-variable]
  101 |  struct sockaddr_in6 s; s.sin6_family = 0;
      |                      ^
configure:5988: $? = 0
configure:5997: result: yes
configure:6005: checking for struct in6_addr
configure:6025: gcc -c -g -O2 -Wall -march=native -D_REENTRANT -DNDEBUG  conftest.c >&5
conftest.c: In function 'main':
conftest.c:102:18: warning: variable 's' set but not used [-Wunused-but-set-variable]
  102 |  struct in6_addr s; s.s6_addr[0] = 0;
      |                  ^
configure:6025: $? = 0
configure:6034: result: yes
configure:6042: checking for struct addrinfo
configure:6063: gcc -c -g -O2 -Wall -march=native -D_REENTRANT -DNDEBUG  conftest.c >&5
conftest.c: In function 'main':
conftest.c:104:18: warning: variable 's' set but not used [-Wunused-but-set-variable]
  104 |  struct addrinfo s; s.ai_flags = AI_PASSIVE;
      |                  ^
configure:6063: $? = 0
configure:6072: result: yes
configure:6080: checking for struct timeval
configure:6097: gcc -c -g -O2 -Wall -march=native -D_REENTRANT -DNDEBUG  conftest.c >&5
conftest.c: In function 'main':
conftest.c:101:17: warning: variable 'tv' set but not used [-Wunused-but-set-variable]
  101 |  struct timeval tv; tv.tv_sec = 1;
      |                 ^~
configure:6097: $? = 0
configure:6106: result: yes
configure:6115: checking for sun_len field in struct sockaddr_un
configure:6135: gcc -c -g -O2 -Wall -march=native -D_REENTRANT -DNDEBUG  conftest.c >&5
conftest.c: In function 'main':
conftest.c:105:21: error: storage size of 's' isn't known
  105 |  struct sockaddr_un s; s.sun_len = 1;
      |                     ^
conftest.c:105:21: warning: unused variable 's' [-Wunused-variable]
configure:6135: $? = 1
configure: failed program was:
| /* confdefs.h */
| #define PACKAGE_NAME "Spines"
| #define PACKAGE_TARNAME "spines"
| #define PACKAGE_VERSION "5.3"
| #define PACKAGE_STRING "Spines 5.3"
| #define PACKAGE_BUGREPORT ""
| #define PACKAGE_URL ""
| #define STDC_HEADERS 1
| #define HAVE_SYS_TYPES_H 1
| #define HAVE_SYS_STAT_H 1
| #define HAVE_STDLIB_H 1
| #define HAVE_STRING_H 1
| #define HAVE_MEMORY_H 1
| #define HAVE_STRINGS_H 1
| #define HAVE_INTTYPES_H 1
| #define HAVE_STDINT_H 1
| #define HAVE_UNISTD_H 1
| #define HAVE_LIBCRYPTO 1
| #define HAVE_LIBPTHREAD 1
| #define HAVE_PTHREAD_ATFORK 1
| #define HAVE_LIBNSL 1
| #define HAVE_LIBM 1
| #define HAVE_LIBRT 1
| #define HAVE_LIBDL 1
| #define HAVE_STRFTIME 1
| #define HAVE_ARPA_INET_H 1
| #define HAVE_ASSERT_H 1
| #define HAVE_ERRNO_H 1
| #define HAVE_GRP_H 1
| #define HAVE_LIMITS_H 1
| #define HAVE_NETDB_H 1
| #define HAVE_NETINET_IN_H 1
| #define HAVE_NETINET_TCP_H 1
| #define HAVE_PTHREAD_H 1
| #define HAVE_PWD_H 1
| #define HAVE_SIGNAL_H 1
| #define HAVE_STDARG_H 1
| #define HAVE_STDINT_H 1
| #define HAVE_STDIO_H 1
| #define HAVE_STDLIB_H 1
| #define HAVE_STRING_H 1
| #define HAVE_SYS_IOCTL_H 1
| #define HAVE_SYS_PARAM_H 1
| #define HAVE_SYS_SOCKET_H 1
| #define HAVE_SYS_STAT_H 1
| #define HAVE_SYS_TIME_H 1
| #define HAVE_SYS_TIMEB_H 1
| #define HAVE_SYS_TYPES_H 1
| #define HAVE_SYS_UIO_H 1
| #define HAVE_SYS_UN_H 1
| #define HAVE_TIME_H 1
| #define HAVE_UNISTD_H 1
| #define HAVE_FEATURES_H 1
| #define HAVE_NETPACKET_PACKET_H 1
| #define HAVE_NET_ETHERNET_H 1
| #define HAVE_NET_IF_ARP_H 1
| #define HAVE_DLFCN_H 1
| #define HAVE_OPENSSL_DH_H 1
| #define HAVE_OPENSSL_ENGINE_H 1
| #define HAVE_OPENSSL_EVP_H 1
| #define HAVE_OPENSSL_HMAC_H 1
| #define HAVE_OPENSSL_PEM_H 1
| #define HAVE_OPENSSL_SHA_H 1
| #define HAVE_BCOPY 1
| #define HAVE_INET_ATON 1
| #define HAVE_INET_NTOA 1
| #define HAVE_INET_NTOP 1
| #define HAVE_MEMMOVE 1
| #define HAVE_SETSID 1
| #define HAVE_SNPRINTF 1
| #define HAVE_STRERROR 1
| #define HAVE_LRAND48 1
| #define HAVE_GETTIMEOFDAY 1
| #define HAVE_TIME 1
| #define SIZEOF_CHAR 1
| #define SIZEOF_SHORT_INT 2
| #define SIZEOF_INT 4
| #define SIZEOF_LONG_INT 8
| #define SIZEOF_LONG_LONG_INT 8
| #define HAVE_STRUCT_TIMEZONE 1
| #define ARCH_SCATTER_CONTROL 1
| #define HAVE_U_INT 1
| #define HAVE_INTXX_T 1
| #define HAVE_INT64_T 1
| #define HAVE_U_INTXX_T 1
| #define HAVE_U_INT64_T 1
| #define HAVE_SOCKLEN_T 1
| #define HAVE_SIZE_T 1
| #define HAVE_SSIZE_T 1
| #define HAVE_CLOCK_T 1
| #define HAVE_SA_FAMILY_T 1
| #define HAVE_STRUCT_SOCKADDR_STORAGE 1
| #define HAVE_STRUCT_SOCKADDR_IN6 1
| #define HAVE_STRUCT_IN6_ADDR 1
| #define HAVE_STRUCT_ADDRINFO 1
| #define HAVE_STRUCT_TIMEVAL 1
| /* end confdefs.h.  */
| 
| #include <sys/types.h>
| #include <sys/socket.h>
| 
| int
| main ()
| {
|  struct sockaddr_un s; s.sun_len = 1;
|   ;
|   return 0;
| }
configure:6143: result: no
configure:6151: checking for sin_len field in sockaddr_in
configure:6172: gcc -c -g -O2 -Wall -march=native -D_REENTRANT -DNDEBUG  conftest.c >&5
conftest.c: In function 'main':
conftest.c:106:25: error: 'struct sockaddr_in' has no member named 'sin_len'
  106 |  struct sockaddr_in s; s.sin_len = sizeof(s);
      |                         ^
configure:6172: $? = 1
configure: failed program was:
| /* confdefs.h */
| #define PACKAGE_NAME "Spines"
| #define PACKAGE_TARNAME "spines"
| #define PACKAGE_VERSION "5.3"
| #define PACKAGE_STRING "Spines 5.3"
| #define PACKAGE_BUGREPORT ""
| #define PACKAGE_URL ""
| #define STDC_HEADERS 1
| #define HAVE_SYS_TYPES_H 1
| #define HAVE_SYS_STAT_H 1
| #define HAVE_STDLIB_H 1
| #define HAVE_STRING_H 1
| #define HAVE_MEMORY_H 1
| #define HAVE_STRINGS_H 1
| #define HAVE_INTTYPES_H 1
| #define HAVE_STDINT_H 1
| #define HAVE_UNISTD_H 1
| #define HAVE_LIBCRYPTO 1
| #define HAVE_LIBPTHREAD 1
| #define HAVE_PTHREAD_ATFORK 1
| #define HAVE_LIBNSL 1
| #define HAVE_LIBM 1
| #define HAVE_LIBRT 1
| #define HAVE_LIBDL 1
| #define HAVE_STRFTIME 1
| #define HAVE_ARPA_INET_H 1
| #define HAVE_ASSERT_H 1
| #define HAVE_ERRNO_H 1
| #define HAVE_GRP_H 1
| #define HAVE_LIMITS_H 1
| #define HAVE_NETDB_H 1
| #define HAVE_NETINET_IN_H 1
| #define HAVE_NETINET_TCP_H 1
| #define HAVE_PTHREAD_H 1
| #define HAVE_PWD_H 1
| #define HAVE_SIGNAL_H 1
| #define HAVE_STDARG_H 1
| #define HAVE_STDINT_H 1
| #define HAVE_STDIO_H 1
| #define HAVE_STDLIB_H 1
| #define HAVE_STRING_H 1
| #define HAVE_SYS_IOCTL_H 1
| #define HAVE_SYS_PARAM_H 1
| #define HAVE_SYS_SOCKET_H 1
| #define HAVE_SYS_STAT_H 1
| #define HAVE_SYS_TIME_H 1
| #define HAVE_SYS_TIMEB_H 1
| #define HAVE_SYS_TYPES_H 1
| #define HAVE_SYS_UIO_H 1
| #define HAVE_SYS_UN_H 1
| #define HAVE_TIME_H 1
| #define HAVE_UNISTD_H 1
| #define HAVE_FEATURES_H 1
| #define HAVE_NETPACKET_PACKET_H 1
| #define HAVE_NET_ETHERNET_H 1
| #define HAVE_NET_IF_ARP_H 1
| #define HAVE_DLFCN_H 1
| #define HAVE_OPENSSL_DH_H 1
| #define HAVE_OPENSSL_ENGINE_H 1
| #define HAVE_OPENSSL_EVP_H 1
| #define HAVE_OPENSSL_HMAC_H 1
| #define HAVE_OPENSSL_PEM_H 1
| #define HAVE_OPENSSL_SHA_H 1
| #define HAVE_BCOPY 1
| #define HAVE_INET_ATON 1
| #define HAVE_INET_NTOA 1
| #define HAVE_INET_NTOP 1
| #define HAVE_MEMMOVE 1
| #define HAVE_SETSID 1
| #define HAVE_SNPRINTF 1
| #define HAVE_STRERROR 1
| #define HAVE_LRAND48 1
| #define HAVE_GETTIMEOFDAY 1
| #define HAVE_TIME 1
| #define SIZEOF_CHAR 1
| #define SIZEOF_SHORT_INT 2
| #define SIZEOF_INT 4
| #define SIZEOF_LONG_INT 8
| #define SIZEOF_LONG_LONG_INT 8
| #define HAVE_STRUCT_TIMEZONE 1
| #define ARCH_SCATTER_CONTROL 1
| #define HAVE_U_INT 1
| #define HAVE_INTXX_T 1
| #define HAVE_INT64_T 1
| #define HAVE_U_INTXX_T 1
| #define HAVE_U_INT64_T 1
| #define HAVE_SOCKLEN_T 1
| #define HAVE_SIZE_T 1
| #define HAVE_SSIZE_T 1
| #define HAVE_CLOCK_T 1
| #define HAVE_SA_FAMILY_T 1
| #define HAVE_STRUCT_SOCKADDR_STORAGE 1
| #define HAVE_STRUCT_SOCKADDR_IN6 1
| #define HAVE_STRUCT_IN6_ADDR 1
| #define HAVE_STRUCT_ADDRINFO 1
| #define HAVE_STRUCT_TIMEVAL 1
| /* end confdefs.h.  */
| 
| #include <sys/types.h>
| #include <sys/socket.h>
| #include <netinet/in.h>
| 
| int
| main ()
| {
|  struct sockaddr_in s; s.sin_len = sizeof(s);
|   ;
|   return 0;
| }
configure:6180: result: no
configure:6188: checking for ss_family field in struct sockaddr_storage
configure:6208: gcc -c -g -O2 -Wall -march=native -D_REENTRANT -DNDEBUG  conftest.c >&5
conftest.c: In function 'main':
conftest.c:105:26: warning: variable 's' set but not used [-Wunused-but-set-variable]
  105 |  struct sockaddr_storage s; s.ss_family = 1;
      |                          ^
configure:6208: $? = 0
configure:6216: result: yes
configure:6224: checking for __ss_family field in struct sockaddr_storage
configure:6244: gcc -c -g -O2 -Wall -march=native -D_REENTRANT -DNDEBUG  conftest.c >&5
conftest.c: In function 'main':
conftest.c:106:31: error: 'struct sockaddr_storage' has no member named '__ss_family'; did you mean 'ss_family'?
  106 |  struct sockaddr_storage s; s.__ss_family = 1;
      |                               ^~~~~~~~~~~
      |                               ss_family
conftest.c:106:26: warning: variable 's' set but not used [-Wunused-but-set-variable]
  106 |  struct sockaddr_storage s; s.__ss_family = 1;
      |                          ^
configure:6244: $? = 1
configure: failed program was:
| /* confdefs.h */
| #define PACKAGE_NAME "Spines"
| #define PACKAGE_TARNAME "spines"
| #define PACKAGE_VERSION "5.3"
| #define PACKAGE_STRING "Spines 5.3"
| #define PACKAGE_BUGREPORT ""
| #define PACKAGE_URL ""
| #define STDC_HEADERS 1
| #define HAVE_SYS_TYPES_H 1
| #define HAVE_SYS_STAT_H 1
| #define HAVE_STDLIB_H 1
| #define HAVE_STRING_H 1
| #define HAVE_MEMORY_H 1
| #define HAVE_STRINGS_H 1
| #define HAVE_INTTYPES_H 1
| #define HAVE_STDINT_H 1
| #define HAVE_UNISTD_H 1
| #define HAVE_LIBCRYPTO 1
| #define HAVE_LIBPTHREAD 1
| #define HAVE_PTHREAD_ATFORK 1
| #define HAVE_LIBNSL 1
| #define HAVE_LIBM 1
| #define HAVE_LIBRT 1
| #define HAVE_LIBDL 1
| #define HAVE_STRFTIME 1
| #define HAVE_ARPA_INET_H 1
| #define HAVE_ASSERT_H 1
| #define HAVE_ERRNO_H 1
| #define HAVE_GRP_H 1
| #define HAVE_LIMITS_H 1
| #define HAVE_NETDB_H 1
| #define HAVE_NETINET_IN_H 1
| #define HAVE_NETINET_TCP_H 1
| #define HAVE_PTHREAD_H 1
| #define HAVE_PWD_H 1
| #define HAVE_SIGNAL_H 1
| #define HAVE_STDARG_H 1
| #define HAVE_STDINT_H 1
| #define HAVE_STDIO_H 1
| #define HAVE_STDLIB_H 1
| #define HAVE_STRING_H 1
| #define HAVE_SYS_IOCTL_H 1
| #define HAVE_SYS_PARAM_H 1
| #define HAVE_SYS_SOCKET_H 1
| #define HAVE_SYS_STAT_H 1
| #define HAVE_SYS_TIME_H 1
| #define HAVE_SYS_TIMEB_H 1
| #define HAVE_SYS_TYPES_H 1
| #define HAVE_SYS_UIO_H 1
| #define HAVE_SYS_UN_H 1
| #define HAVE_TIME_H 1
| #define HAVE_UNISTD_H 1
| #define HAVE_FEATURES_H 1
| #define HAVE_NETPACKET_PACKET_H 1
| #define HAVE_NET_ETHERNET_H 1
| #define HAVE_NET_IF_ARP_H 1
| #define HAVE_DLFCN_H 1
| #define HAVE_OPENSSL_DH_H 1
| #define HAVE_OPENSSL_ENGINE_H 1
| #define HAVE_OPENSSL_EVP_H 1
| #define HAVE_OPENSSL_HMAC_H 1
| #define HAVE_OPENSSL_PEM_H 1
| #define HAVE_OPENSSL_SHA_H 1
| #define HAVE_BCOPY 1
| #define HAVE_INET_ATON 1
| #define HAVE_INET_NTOA 1
| #define HAVE_INET_NTOP 1
| #define HAVE_MEMMOVE 1
| #define HAVE_SETSID 1
| #define HAVE_SNPRINTF 1
| #define HAVE_STRERROR 1
| #define HAVE_LRAND48 1
| #define HAVE_GETTIMEOFDAY 1
| #define HAVE_TIME 1
| #define SIZEOF_CHAR 1
| #define SIZEOF_SHORT_INT 2
| #define SIZEOF_INT 4
| #define SIZEOF_LONG_INT 8
| #define SIZEOF_LONG_LONG_INT 8
| #define HAVE_STRUCT_TIMEZONE 1
| #define ARCH_SCATTER_CONTROL 1
| #define HAVE_U_INT 1
| #define HAVE_INTXX_T 1
| #define HAVE_INT64_T 1
| #define HAVE_U_INTXX_T 1
| #define HAVE_U_INT64_T 1
| #define HAVE_SOCKLEN_T 1
| #define HAVE_SIZE_T 1
| #define HAVE_SSIZE_T 1
| #define HAVE_CLOCK_T 1
| #define HAVE_SA_FAMILY_T 1
| #define HAVE_STRUCT_SOCKADDR_STORAGE 1
| #define HAVE_STRUCT_SOCKADDR_IN6 1
| #define HAVE_STRUCT_IN6_ADDR 1
| #define HAVE_STRUCT_ADDRINFO 1
| #define HAVE_STRUCT_TIMEVAL 1
| #define HAVE_SS_FAMILY_IN_SS 1
| /* end confdefs.h.  */
| 
| #include <sys/types.h>
| #include <sys/socket.h>
| 
| int
| main ()
| {
|  struct sockaddr_storage s; s.__ss_family = 1;
|   ;
|   return 0;
| }
configure:6253: result: no
configure:6261: checking for pid_t
configure:6280: gcc -c -g -O2 -Wall -march=native -D_REENTRANT -DNDEBUG  conftest.c >&5
conftest.c: In function 'main':
conftest.c:105:8: warning: variable 'foo' set but not used [-Wunused-but-set-variable]
  105 |  pid_t foo; foo = 1235;
      |        ^~~
configure:6280: $? = 0
configure:6289: result: yes
configure:6297: checking if libc defines __progname
configure:6314: gcc -o conftest -g -O2 -Wall -march=native -D_REENTRANT -DNDEBUG   conftest.c -ldl -lrt -lm -lnsl -lpthread -lcrypto  >&5
conftest.c: In function 'main':
conftest.c:104:27: warning: implicit declaration of function 'printf' [-Wimplicit-function-declaration]
  104 |  extern char *__progname; printf("%s", __progname);
      |                           ^~~~~~
conftest.c:104:27: warning: incompatible implicit declaration of built-in function 'printf'
conftest.c:1:1: note: include '<stdio.h>' or provide a declaration of 'printf'
    1 | /* confdefs.h */
configure:6314: $? = 0
configure:6324: result: yes
configure:6333: checking if libc defines sys_errlist
configure:6350: gcc -o conftest -g -O2 -Wall -march=native -D_REENTRANT -DNDEBUG   conftest.c -ldl -lrt -lm -lnsl -lpthread -lcrypto  >&5
conftest.c: In function 'main':
conftest.c:105:42: warning: implicit declaration of function 'printf' [-Wimplicit-function-declaration]
  105 |  extern const char *const sys_errlist[]; printf("%s", sys_errlist[0]);
      |                                          ^~~~~~
conftest.c:105:42: warning: incompatible implicit declaration of built-in function 'printf'
conftest.c:1:1: note: include '<stdio.h>' or provide a declaration of 'printf'
    1 | /* confdefs.h */
/usr/bin/ld: /tmp/ccW74WIW.o: in function `main':
/home/gledisgjinaj/git/city/dissertation/prime-src-3.3/spines/conftest.c:105: warning: `sys_errlist' is deprecated; use `strerror' or `strerror_r' instead
configure:6350: $? = 0
configure:6360: result: yes
configure:6369: checking if libc defines sys_nerr
configure:6386: gcc -o conftest -g -O2 -Wall -march=native -D_REENTRANT -DNDEBUG   conftest.c -ldl -lrt -lm -lnsl -lpthread -lcrypto  >&5
conftest.c: In function 'main':
conftest.c:106:23: warning: implicit declaration of function 'printf' [-Wimplicit-function-declaration]
  106 |  extern int sys_nerr; printf("%i", sys_nerr);
      |                       ^~~~~~
conftest.c:106:23: warning: incompatible implicit declaration of built-in function 'printf'
conftest.c:1:1: note: include '<stdio.h>' or provide a declaration of 'printf'
    1 | /* confdefs.h */
/usr/bin/ld: /tmp/cc3aDikX.o: in function `main':
/home/gledisgjinaj/git/city/dissertation/prime-src-3.3/spines/conftest.c:106: warning: `sys_nerr' is deprecated; use `strerror' or `strerror_r' instead
configure:6386: $? = 0
configure:6396: result: yes
configure:6427: checking for nroff
configure:6446: found /usr/bin/nroff
configure:6458: result: /usr/bin/nroff
configure:6710: creating ./config.status

## ---------------------- ##
## Running config.status. ##
## ---------------------- ##

This file was extended by Spines config.status 5.3, which was
generated by GNU Autoconf 2.69.  Invocation command line was

  CONFIG_FILES    = 
  CONFIG_HEADERS  = 
  CONFIG_LINKS    = 
  CONFIG_COMMANDS = 
  $ ./config.status 

on gledisgjinaj-Inspiron-7580

config.status:925: creating Makefile
config.status:925: creating Makefile.general
config.status:925: creating daemon/Makefile
config.status:925: creating libspines/Makefile
config.status:925: creating testprogs/Makefile
config.status:925: creating controlprogs/Makefile
config.status:925: creating daemon/config.h
configure:7982: === configuring in stdutil (/home/gledisgjinaj/git/city/dissertation/prime-src-3.3/spines/stdutil)
configure:8045: running /bin/bash ./configure --disable-option-checking '--prefix=/usr/local'  --cache-file=/dev/null --srcdir=.
configure:7982: === configuring in libspread-util (/home/gledisgjinaj/git/city/dissertation/prime-src-3.3/spines/libspread-util)
configure:8045: running /bin/bash ./configure --disable-option-checking '--prefix=/usr/local'  --cache-file=/dev/null --srcdir=.

## ---------------- ##
## Cache variables. ##
## ---------------- ##

ac_cv_arch_win=no
ac_cv_build=x86_64-unknown-linux-gnu
ac_cv_c_bigendian=no
ac_cv_c_compiler_gnu=yes
ac_cv_c_inline=inline
ac_cv_env_CC_set=
ac_cv_env_CC_value=
ac_cv_env_CFLAGS_set=
ac_cv_env_CFLAGS_value=
ac_cv_env_CPPFLAGS_set=
ac_cv_env_CPPFLAGS_value=
ac_cv_env_CPP_set=
ac_cv_env_CPP_value=
ac_cv_env_LDFLAGS_set=
ac_cv_env_LDFLAGS_value=
ac_cv_env_LIBS_set=
ac_cv_env_LIBS_value=
ac_cv_env_YACC_set=
ac_cv_env_YACC_value=
ac_cv_env_YFLAGS_set=
ac_cv_env_YFLAGS_value=
ac_cv_env_build_alias_set=
ac_cv_env_build_alias_value=
ac_cv_env_host_alias_set=
ac_cv_env_host_alias_value=
ac_cv_env_target_alias_set=
ac_cv_env_target_alias_value=
ac_cv_func_bcopy=yes
ac_cv_func_gettimeofday=yes
ac_cv_func_inet_aton=yes
ac_cv_func_inet_ntoa=yes
ac_cv_func_inet_ntop=yes
ac_cv_func_lrand48=yes
ac_cv_func_memmove=yes
ac_cv_func_pthread_atfork=yes
ac_cv_func_setsid=yes
ac_cv_func_snprintf=yes
ac_cv_func_strerror=yes
ac_cv_func_strftime=yes
ac_cv_func_time=yes
ac_cv_have___ss_family_in_struct_ss=no
ac_cv_have_clock_t=yes
ac_cv_have_int64_t=yes
ac_cv_have_intxx_t=yes
ac_cv_have_pid_t=yes
ac_cv_have_sa_family_t=yes
ac_cv_have_sin_len_in_struct_sockaddr_in=no
ac_cv_have_size_t=yes
ac_cv_have_socklen_t=yes
ac_cv_have_sockopt_len_t=no
ac_cv_have_ss_family_in_struct_ss=yes
ac_cv_have_ssize_t=yes
ac_cv_have_struct_addrinfo=yes
ac_cv_have_struct_in6_addr=yes
ac_cv_have_struct_msghdr=yes
ac_cv_have_struct_msghdr_acc=no
ac_cv_have_struct_msghdr_ctl=yes
ac_cv_have_struct_sockaddr_in6=yes
ac_cv_have_struct_sockaddr_storage=yes
ac_cv_have_struct_timeval=yes
ac_cv_have_struct_timezone=yes
ac_cv_have_sun_len_in_struct_sockaddr_un=no
ac_cv_have_u_int64_t=yes
ac_cv_have_u_int=yes
ac_cv_have_u_intxx_t=yes
ac_cv_header_arpa_inet_h=yes
ac_cv_header_assert_h=yes
ac_cv_header_dlfcn_h=yes
ac_cv_header_errno_h=yes
ac_cv_header_features_h=yes
ac_cv_header_grp_h=yes
ac_cv_header_inttypes_h=yes
ac_cv_header_limits_h=yes
ac_cv_header_memory_h=yes
ac_cv_header_net_ethernet_h=yes
ac_cv_header_net_if_arp_h=yes
ac_cv_header_netdb_h=yes
ac_cv_header_netinet_in_h=yes
ac_cv_header_netinet_tcp_h=yes
ac_cv_header_netpacket_packet_h=yes
ac_cv_header_openssl_dh_h=yes
ac_cv_header_openssl_engine_h=yes
ac_cv_header_openssl_evp_h=yes
ac_cv_header_openssl_hmac_h=yes
ac_cv_header_openssl_pem_h=yes
ac_cv_header_openssl_sha_h=yes
ac_cv_header_process_h=no
ac_cv_header_pthread_h=yes
ac_cv_header_pwd_h=yes
ac_cv_header_signal_h=yes
ac_cv_header_stdarg_h=yes
ac_cv_header_stdc=yes
ac_cv_header_stdint_h=yes
ac_cv_header_stdio_h=yes
ac_cv_header_stdlib_h=yes
ac_cv_header_string_h=yes
ac_cv_header_strings_h=yes
ac_cv_header_sys_filio_h=no
ac_cv_header_sys_inttypes_h=no
ac_cv_header_sys_ioctl_h=yes
ac_cv_header_sys_param_h=yes
ac_cv_header_sys_socket_h=yes
ac_cv_header_sys_sockio_h=no
ac_cv_header_sys_stat_h=yes
ac_cv_header_sys_time_h=yes
ac_cv_header_sys_timeb_h=yes
ac_cv_header_sys_types_h=yes
ac_cv_header_sys_uio_h=yes
ac_cv_header_sys_un_h=yes
ac_cv_header_time_h=yes
ac_cv_header_unistd_h=yes
ac_cv_header_windows_h=no
ac_cv_header_winsock_h=no
ac_cv_host=x86_64-unknown-linux-gnu
ac_cv_lib_crypto_PEM_read_PUBKEY=yes
ac_cv_lib_dl_dladdr=yes
ac_cv_lib_m_sqrt=yes
ac_cv_lib_nsl_gethostbyaddr=yes
ac_cv_lib_posix4_sem_wait=no
ac_cv_lib_pthread_pthread_create=yes
ac_cv_lib_rt_clock_gettime=yes
ac_cv_lib_socket_socket=no
ac_cv_lib_thread_thr_create=no
ac_cv_libc_defines___progname=yes
ac_cv_libc_defines_sys_errlist=yes
ac_cv_libc_defines_sys_nerr=yes
ac_cv_objext=o
ac_cv_path_AR=/usr/bin/ar
ac_cv_path_EGREP='/usr/bin/grep -E'
ac_cv_path_GREP=/usr/bin/grep
ac_cv_path_LEX=/usr/bin/flex
ac_cv_path_NROFF=/usr/bin/nroff
ac_cv_path_PERL=/usr/bin/perl
ac_cv_path_install='/usr/bin/install -c'
ac_cv_prog_CPP='gcc -E'
ac_cv_prog_YACC='bison -y'
ac_cv_prog_ac_ct_CC=gcc
ac_cv_prog_ac_ct_RANLIB=ranlib
ac_cv_prog_cc_c89=
ac_cv_prog_cc_g=yes
ac_cv_sizeof_char=1
ac_cv_sizeof_int=4
ac_cv_sizeof_long_int=8
ac_cv_sizeof_long_long_int=8
ac_cv_sizeof_short_int=2

## ----------------- ##
## Output variables. ##
## ----------------- ##

AR='/usr/bin/ar'
CC='gcc'
CFLAGS='-g -O2 -Wall -march=native -D_REENTRANT -DNDEBUG -fPIC'
CPP='gcc -E'
CPPFLAGS=''
DEFS='-DHAVE_CONFIG_H'
ECHO_C=''
ECHO_N='-n'
ECHO_T=''
EGREP='/usr/bin/grep -E'
EXEEXT=''
GREP='/usr/bin/grep'
INSTALL_DATA='${INSTALL} -m 644'
INSTALL_PROGRAM='${INSTALL}'
INSTALL_SCRIPT='${INSTALL}'
LD='gcc'
LDFLAGS=''
LEX='/usr/bin/flex'
LIBOBJS=''
LIBS='-ldl -lrt -lm -lnsl -lpthread -lcrypto '
LN_S='ln -s'
LTLIBOBJS=''
MANTYPE='cat'
NROFF='/usr/bin/nroff'
OBJEXT='o'
PACKAGE_BUGREPORT=''
PACKAGE_NAME='Spines'
PACKAGE_STRING='Spines 5.3'
PACKAGE_TARNAME='spines'
PACKAGE_URL=''
PACKAGE_VERSION='5.3'
PATH_SEPARATOR=':'
PERL='/usr/bin/perl'
RANLIB='ranlib'
SHCC='gcc'
SHCFLAGS='-g -O2 -Wall -march=native -D_REENTRANT -DNDEBUG -fPIC'
SHCPPFLAGS=''
SHELL='/bin/bash'
SHLD='gcc -shared'
SHLDCONVERTSTATIC='-Wl,--whole-archive'
SHLDCONVERTSTATICEND='-Wl,--no-whole-archive'
SHLDFLAGS=' '
SHLIBS='-ldl -lrt -lm -lnsl -lpthread -lcrypto '
THLDFLAGS=''
WIRELESS_SUPPORT=''
YACC='bison -y'
YFLAGS=''
ac_ct_CC='gcc'
bindir='${exec_prefix}/bin'
build='x86_64-unknown-linux-gnu'
build_alias=''
build_cpu='x86_64'
build_os='linux-gnu'
build_vendor='unknown'
datadir='${datarootdir}'
datarootdir='${prefix}/share'
docdir='${datadir}/doc/spread'
dvidir='${docdir}'
exec_prefix='${prefix}'
host='x86_64-unknown-linux-gnu'
host_alias=''
host_cpu='x86_64'
host_os='linux-gnu'
host_vendor='unknown'
htmldir='${docdir}'
includedir='${prefix}/include'
infodir='${datarootdir}/info'
libdir='${exec_prefix}/lib'
libexecdir='${exec_prefix}/libexec'
localedir='${datarootdir}/locale'
localstatedir='${prefix}/var'
mandir='${datarootdir}/man'
mansubdir='cat'
oldincludedir='/usr/include'
pdfdir='${docdir}'
piddir='/var/run'
prefix='/usr/local'
program_transform_name='s,x,x,'
psdir='${docdir}'
sbindir='${exec_prefix}/sbin'
sharedstatedir='${prefix}/com'
subdirs=' stdutil libspread-util'
sysconfdir='${prefix}/etc'
target_alias=''

## ----------- ##
## confdefs.h. ##
## ----------- ##

/* confdefs.h */
#define PACKAGE_NAME "Spines"
#define PACKAGE_TARNAME "spines"
#define PACKAGE_VERSION "5.3"
#define PACKAGE_STRING "Spines 5.3"
#define PACKAGE_BUGREPORT ""
#define PACKAGE_URL ""
#define STDC_HEADERS 1
#define HAVE_SYS_TYPES_H 1
#define HAVE_SYS_STAT_H 1
#define HAVE_STDLIB_H 1
#define HAVE_STRING_H 1
#define HAVE_MEMORY_H 1
#define HAVE_STRINGS_H 1
#define HAVE_INTTYPES_H 1
#define HAVE_STDINT_H 1
#define HAVE_UNISTD_H 1
#define HAVE_LIBCRYPTO 1
#define HAVE_LIBPTHREAD 1
#define HAVE_PTHREAD_ATFORK 1
#define HAVE_LIBNSL 1
#define HAVE_LIBM 1
#define HAVE_LIBRT 1
#define HAVE_LIBDL 1
#define HAVE_STRFTIME 1
#define HAVE_ARPA_INET_H 1
#define HAVE_ASSERT_H 1
#define HAVE_ERRNO_H 1
#define HAVE_GRP_H 1
#define HAVE_LIMITS_H 1
#define HAVE_NETDB_H 1
#define HAVE_NETINET_IN_H 1
#define HAVE_NETINET_TCP_H 1
#define HAVE_PTHREAD_H 1
#define HAVE_PWD_H 1
#define HAVE_SIGNAL_H 1
#define HAVE_STDARG_H 1
#define HAVE_STDINT_H 1
#define HAVE_STDIO_H 1
#define HAVE_STDLIB_H 1
#define HAVE_STRING_H 1
#define HAVE_SYS_IOCTL_H 1
#define HAVE_SYS_PARAM_H 1
#define HAVE_SYS_SOCKET_H 1
#define HAVE_SYS_STAT_H 1
#define HAVE_SYS_TIME_H 1
#define HAVE_SYS_TIMEB_H 1
#define HAVE_SYS_TYPES_H 1
#define HAVE_SYS_UIO_H 1
#define HAVE_SYS_UN_H 1
#define HAVE_TIME_H 1
#define HAVE_UNISTD_H 1
#define HAVE_FEATURES_H 1
#define HAVE_NETPACKET_PACKET_H 1
#define HAVE_NET_ETHERNET_H 1
#define HAVE_NET_IF_ARP_H 1
#define HAVE_DLFCN_H 1
#define HAVE_OPENSSL_DH_H 1
#define HAVE_OPENSSL_ENGINE_H 1
#define HAVE_OPENSSL_EVP_H 1
#define HAVE_OPENSSL_HMAC_H 1
#define HAVE_OPENSSL_PEM_H 1
#define HAVE_OPENSSL_SHA_H 1
#define HAVE_BCOPY 1
#define HAVE_INET_ATON 1
#define HAVE_INET_NTOA 1
#define HAVE_INET_NTOP 1
#define HAVE_MEMMOVE 1
#define HAVE_SETSID 1
#define HAVE_SNPRINTF 1
#define HAVE_STRERROR 1
#define HAVE_LRAND48 1
#define HAVE_GETTIMEOFDAY 1
#define HAVE_TIME 1
#define SIZEOF_CHAR 1
#define SIZEOF_SHORT_INT 2
#define SIZEOF_INT 4
#define SIZEOF_LONG_INT 8
#define SIZEOF_LONG_LONG_INT 8
#define HAVE_STRUCT_TIMEZONE 1
#define ARCH_SCATTER_CONTROL 1
#define HAVE_U_INT 1
#define HAVE_INTXX_T 1
#define HAVE_INT64_T 1
#define HAVE_U_INTXX_T 1
#define HAVE_U_INT64_T 1
#define HAVE_SOCKLEN_T 1
#define HAVE_SIZE_T 1
#define HAVE_SSIZE_T 1
#define HAVE_CLOCK_T 1
#define HAVE_SA_FAMILY_T 1
#define HAVE_STRUCT_SOCKADDR_STORAGE 1
#define HAVE_STRUCT_SOCKADDR_IN6 1
#define HAVE_STRUCT_IN6_ADDR 1
#define HAVE_STRUCT_ADDRINFO 1
#define HAVE_STRUCT_TIMEVAL 1
#define HAVE_SS_FAMILY_IN_SS 1
#define HAVE_PID_T 1
#define HAVE___PROGNAME 1
#define HAVE_SYS_ERRLIST 1
#define HAVE_SYS_NERR 1
#define _PATH_SPREAD_PIDDIR "/var/run"
#define SPREAD_ETCDIR "/usr/local/etc"

configure: exit 0
