This file contains any messages produced by compilers while
running configure, to aid debugging if configure makes a mistake.

It was created by Spread_Util configure 4.2.0, which was
generated by GNU Autoconf 2.62.  Invocation command line was

  $ ./configure --enable-threaded-alarm

## --------- ##
## Platform. ##
## --------- ##

hostname = gledisgjinaj-Inspiron-7580
uname -m = x86_64
uname -r = 5.13.0-27-generic
uname -s = Linux
uname -v = #29~20.04.1-Ubuntu SMP Fri Jan 14 00:32:30 UTC 2022

/usr/bin/uname -p = x86_64
/bin/uname -X     = unknown

/bin/arch              = x86_64
/usr/bin/arch -k       = unknown
/usr/convex/getsysinfo = unknown
/usr/bin/hostinfo      = unknown
/bin/machine           = unknown
/usr/bin/oslevel       = unknown
/bin/universe          = unknown

PATH: /home/gledisgjinaj/git/my-docs/city-files/cloud-computing/google-cloud-sdk/bin
PATH: /home/gledisgjinaj/Documents/node/bin
PATH: /home/gledisgjinaj/.local/bin
PATH: /home/gledisgjinaj/bin
PATH: /usr/local/sbin
PATH: /usr/local/bin
PATH: /usr/sbin
PATH: /usr/bin
PATH: /sbin
PATH: /bin
PATH: /usr/games
PATH: /usr/local/games
PATH: /snap/bin
PATH: usr/share/maven/bin
PATH: usr/share/maven/bin
PATH: /opt/gradle-6.5/bin
PATH: /home/gledisgjinaj/.dotnet/tools
PATH: /usr/lib/jvm/java-8-openjdk-amd64/bin
PATH: /usr/share/maven/bin
PATH: /usr/share/maven/bin
PATH: /opt/gradle-6.5/bin
PATH: /opt/spark/bin
PATH: /opt/spark/sbin
PATH: /opt/pycharm/bin
PATH: /home/gledisgjinaj/bin


## ----------- ##
## Core tests. ##
## ----------- ##

configure:1865: checking build system type
configure:1883: result: x86_64-unknown-linux-gnu
configure:1905: checking host system type
configure:1920: result: x86_64-unknown-linux-gnu
configure:1998: checking for gcc
configure:2014: found /usr/bin/gcc
configure:2025: result: gcc
configure:2263: checking for C compiler version
configure:2271: gcc --version >&5
gcc (Ubuntu 9.4.0-1ubuntu1~20.04.1) 9.4.0
Copyright (C) 2019 Free Software Foundation, Inc.
This is free software; see the source for copying conditions.  There is NO
warranty; not even for MERCHANTABILITY or FITNESS FOR A PARTICULAR PURPOSE.

configure:2275: $? = 0
configure:2282: gcc -v >&5
Using built-in specs.
COLLECT_GCC=gcc
COLLECT_LTO_WRAPPER=/usr/lib/gcc/x86_64-linux-gnu/9/lto-wrapper
OFFLOAD_TARGET_NAMES=nvptx-none:hsa
OFFLOAD_TARGET_DEFAULT=1
Target: x86_64-linux-gnu
Configured with: ../src/configure -v --with-pkgversion='Ubuntu 9.4.0-1ubuntu1~20.04.1' --with-bugurl=file:///usr/share/doc/gcc-9/README.Bugs --enable-languages=c,ada,c++,go,brig,d,fortran,objc,obj-c++,gm2 --prefix=/usr --with-gcc-major-version-only --program-suffix=-9 --program-prefix=x86_64-linux-gnu- --enable-shared --enable-linker-build-id --libexecdir=/usr/lib --without-included-gettext --enable-threads=posix --libdir=/usr/lib --enable-nls --enable-clocale=gnu --enable-libstdcxx-debug --enable-libstdcxx-time=yes --with-default-libstdcxx-abi=new --enable-gnu-unique-object --disable-vtable-verify --enable-plugin --enable-default-pie --with-system-zlib --with-target-system-zlib=auto --enable-objc-gc=auto --enable-multiarch --disable-werror --with-arch-32=i686 --with-abi=m64 --with-multilib-list=m32,m64,mx32 --enable-multilib --with-tune=generic --enable-offload-targets=nvptx-none=/build/gcc-9-Av3uEd/gcc-9-9.4.0/debian/tmp-nvptx/usr,hsa --without-cuda-driver --enable-checking=release --build=x86_64-linux-gnu --host=x86_64-linux-gnu --target=x86_64-linux-gnu
Thread model: posix
gcc version 9.4.0 (Ubuntu 9.4.0-1ubuntu1~20.04.1) 
configure:2286: $? = 0
configure:2293: gcc -V >&5
gcc: error: unrecognized command line option '-V'
gcc: fatal error: no input files
compilation terminated.
configure:2297: $? = 1
configure:2320: checking for C compiler default output file name
configure:2342: gcc    conftest.c  >&5
configure:2346: $? = 0
configure:2384: result: a.out
configure:2401: checking whether the C compiler works
configure:2411: ./a.out
configure:2415: $? = 0
configure:2432: result: yes
configure:2439: checking whether we are cross compiling
configure:2441: result: no
configure:2444: checking for suffix of executables
configure:2451: gcc -o conftest    conftest.c  >&5
configure:2455: $? = 0
configure:2479: result: 
configure:2485: checking for suffix of object files
configure:2511: gcc -c   conftest.c >&5
configure:2515: $? = 0
configure:2538: result: o
configure:2542: checking whether we are using the GNU C compiler
configure:2571: gcc -c   conftest.c >&5
configure:2578: $? = 0
configure:2595: result: yes
configure:2604: checking whether gcc accepts -g
configure:2634: gcc -c -g  conftest.c >&5
configure:2641: $? = 0
configure:2742: result: yes
configure:2759: checking for gcc option to accept ISO C89
configure:2833: gcc  -c -g -O2  conftest.c >&5
configure:2840: $? = 0
configure:2863: result: none needed
configure:2887: checking how to run the C preprocessor
configure:2927: gcc -E  conftest.c
configure:2934: $? = 0
configure:2965: gcc -E  conftest.c
conftest.c:8:10: fatal error: ac_nonexistent.h: No such file or directory
    8 | #include <ac_nonexistent.h>
      |          ^~~~~~~~~~~~~~~~~~
compilation terminated.
configure:2972: $? = 1
configure: failed program was:
| /* confdefs.h.  */
| #define PACKAGE_NAME "Spread_Util"
| #define PACKAGE_TARNAME "spread_util"
| #define PACKAGE_VERSION "4.2.0"
| #define PACKAGE_STRING "Spread_Util 4.2.0"
| #define PACKAGE_BUGREPORT ""
| /* end confdefs.h.  */
| #include <ac_nonexistent.h>
configure:3005: result: gcc -E
configure:3034: gcc -E  conftest.c
configure:3041: $? = 0
configure:3072: gcc -E  conftest.c
conftest.c:8:10: fatal error: ac_nonexistent.h: No such file or directory
    8 | #include <ac_nonexistent.h>
      |          ^~~~~~~~~~~~~~~~~~
compilation terminated.
configure:3079: $? = 1
configure: failed program was:
| /* confdefs.h.  */
| #define PACKAGE_NAME "Spread_Util"
| #define PACKAGE_TARNAME "spread_util"
| #define PACKAGE_VERSION "4.2.0"
| #define PACKAGE_STRING "Spread_Util 4.2.0"
| #define PACKAGE_BUGREPORT ""
| /* end confdefs.h.  */
| #include <ac_nonexistent.h>
configure:3117: checking for grep that handles long lines and -e
configure:3177: result: /usr/bin/grep
configure:3182: checking for egrep
configure:3246: result: /usr/bin/grep -E
configure:3251: checking for ANSI C header files
configure:3281: gcc -c -g -O2  conftest.c >&5
configure:3288: $? = 0
configure:3387: gcc -o conftest -g -O2   conftest.c  >&5
configure:3391: $? = 0
configure:3397: ./conftest
configure:3401: $? = 0
configure:3419: result: yes
configure:3443: checking for sys/types.h
configure:3464: gcc -c -g -O2  conftest.c >&5
configure:3471: $? = 0
configure:3488: result: yes
configure:3443: checking for sys/stat.h
configure:3464: gcc -c -g -O2  conftest.c >&5
configure:3471: $? = 0
configure:3488: result: yes
configure:3443: checking for stdlib.h
configure:3464: gcc -c -g -O2  conftest.c >&5
configure:3471: $? = 0
configure:3488: result: yes
configure:3443: checking for string.h
configure:3464: gcc -c -g -O2  conftest.c >&5
configure:3471: $? = 0
configure:3488: result: yes
configure:3443: checking for memory.h
configure:3464: gcc -c -g -O2  conftest.c >&5
configure:3471: $? = 0
configure:3488: result: yes
configure:3443: checking for strings.h
configure:3464: gcc -c -g -O2  conftest.c >&5
configure:3471: $? = 0
configure:3488: result: yes
configure:3443: checking for inttypes.h
configure:3464: gcc -c -g -O2  conftest.c >&5
configure:3471: $? = 0
configure:3488: result: yes
configure:3443: checking for stdint.h
configure:3464: gcc -c -g -O2  conftest.c >&5
configure:3471: $? = 0
configure:3488: result: yes
configure:3443: checking for unistd.h
configure:3464: gcc -c -g -O2  conftest.c >&5
configure:3471: $? = 0
configure:3488: result: yes
configure:3502: checking whether byte ordering is bigendian
configure:3527: gcc -c -g -O2  conftest.c >&5
conftest.c:19:9: error: unknown type name 'neither'
   19 |         neither is defined;
      |         ^~~~~~~
conftest.c:19:20: error: expected '=', ',', ';', 'asm' or '__attribute__' before 'defined'
   19 |         neither is defined;
      |                    ^~~~~~~
configure:3534: $? = 1
configure: failed program was:
| /* confdefs.h.  */
| #define PACKAGE_NAME "Spread_Util"
| #define PACKAGE_TARNAME "spread_util"
| #define PACKAGE_VERSION "4.2.0"
| #define PACKAGE_STRING "Spread_Util 4.2.0"
| #define PACKAGE_BUGREPORT ""
| #define STDC_HEADERS 1
| #define HAVE_SYS_TYPES_H 1
| #define HAVE_SYS_STAT_H 1
| #define HAVE_STDLIB_H 1
| #define HAVE_STRING_H 1
| #define HAVE_MEMORY_H 1
| #define HAVE_STRINGS_H 1
| #define HAVE_INTTYPES_H 1
| #define HAVE_STDINT_H 1
| #define HAVE_UNISTD_H 1
| /* end confdefs.h.  */
| #if ! (defined __BIG_ENDIAN__ || defined __LITTLE_ENDIAN__)
| 	       neither is defined;
| 	     #endif
| 	     typedef int dummy;
| 
configure:3578: gcc -c -g -O2  conftest.c >&5
configure:3585: $? = 0
configure:3617: gcc -c -g -O2  conftest.c >&5
conftest.c: In function 'main':
conftest.c:25:4: error: unknown type name 'not'; did you mean 'ino_t'?
   25 |    not big endian
      |    ^~~
      |    ino_t
conftest.c:25:12: error: expected '=', ',', ';', 'asm' or '__attribute__' before 'endian'
   25 |    not big endian
      |            ^~~~~~
configure:3624: $? = 1
configure: failed program was:
| /* confdefs.h.  */
| #define PACKAGE_NAME "Spread_Util"
| #define PACKAGE_TARNAME "spread_util"
| #define PACKAGE_VERSION "4.2.0"
| #define PACKAGE_STRING "Spread_Util 4.2.0"
| #define PACKAGE_BUGREPORT ""
| #define STDC_HEADERS 1
| #define HAVE_SYS_TYPES_H 1
| #define HAVE_SYS_STAT_H 1
| #define HAVE_STDLIB_H 1
| #define HAVE_STRING_H 1
| #define HAVE_MEMORY_H 1
| #define HAVE_STRINGS_H 1
| #define HAVE_INTTYPES_H 1
| #define HAVE_STDINT_H 1
| #define HAVE_UNISTD_H 1
| /* end confdefs.h.  */
| #include <sys/types.h>
| 		#include <sys/param.h>
| 
| int
| main ()
| {
| #if BYTE_ORDER != BIG_ENDIAN
| 		 not big endian
| 		#endif
| 
|   ;
|   return 0;
| }
configure:3876: result: no
configure:3903: checking how to run the C preprocessor
configure:4021: result: gcc -E
configure:4050: gcc -E  conftest.c
configure:4057: $? = 0
configure:4088: gcc -E  conftest.c
conftest.c:18:10: fatal error: ac_nonexistent.h: No such file or directory
   18 | #include <ac_nonexistent.h>
      |          ^~~~~~~~~~~~~~~~~~
compilation terminated.
configure:4095: $? = 1
configure: failed program was:
| /* confdefs.h.  */
| #define PACKAGE_NAME "Spread_Util"
| #define PACKAGE_TARNAME "spread_util"
| #define PACKAGE_VERSION "4.2.0"
| #define PACKAGE_STRING "Spread_Util 4.2.0"
| #define PACKAGE_BUGREPORT ""
| #define STDC_HEADERS 1
| #define HAVE_SYS_TYPES_H 1
| #define HAVE_SYS_STAT_H 1
| #define HAVE_STDLIB_H 1
| #define HAVE_STRING_H 1
| #define HAVE_MEMORY_H 1
| #define HAVE_STRINGS_H 1
| #define HAVE_INTTYPES_H 1
| #define HAVE_STDINT_H 1
| #define HAVE_UNISTD_H 1
| /* end confdefs.h.  */
| #include <ac_nonexistent.h>
configure:4175: checking for ranlib
configure:4191: found /usr/bin/ranlib
configure:4202: result: ranlib
configure:4242: checking for a BSD-compatible install
configure:4310: result: /usr/bin/install -c
configure:4321: checking whether ln -s works
configure:4325: result: yes
configure:4334: checking for ar
configure:4352: found /usr/bin/ar
configure:4364: result: /usr/bin/ar
configure:4376: checking for perl5
configure:4409: result: no
configure:4376: checking for perl
configure:4394: found /usr/bin/perl
configure:4406: result: /usr/bin/perl
configure:4431: checking for inline
configure:4457: gcc -c -g -O2  conftest.c >&5
configure:4464: $? = 0
configure:4482: result: inline
configure:4554: checking if we need -pthread for threads
configure:4582: gcc -o conftest -g -O2 -Wall  -pthread  conftest.c  >&5
configure:4589: $? = 0
configure:4613: result: yes
configure:4627: checking for pthread_create in -lpthread
configure:4662: gcc -o conftest -g -O2 -Wall   conftest.c -lpthread   >&5
configure:4669: $? = 0
configure:4690: result: yes
configure:4702: checking for thr_create in -lthread
configure:4737: gcc -o conftest -g -O2 -Wall   conftest.c -lthread  -lpthread  >&5
/usr/bin/ld: cannot find -lthread
collect2: error: ld returned 1 exit status
configure:4744: $? = 1
configure: failed program was:
| /* confdefs.h.  */
| #define PACKAGE_NAME "Spread_Util"
| #define PACKAGE_TARNAME "spread_util"
| #define PACKAGE_VERSION "4.2.0"
| #define PACKAGE_STRING "Spread_Util 4.2.0"
| #define PACKAGE_BUGREPORT ""
| #define STDC_HEADERS 1
| #define HAVE_SYS_TYPES_H 1
| #define HAVE_SYS_STAT_H 1
| #define HAVE_STDLIB_H 1
| #define HAVE_STRING_H 1
| #define HAVE_MEMORY_H 1
| #define HAVE_STRINGS_H 1
| #define HAVE_INTTYPES_H 1
| #define HAVE_STDINT_H 1
| #define HAVE_UNISTD_H 1
| #define HAVE_LIBPTHREAD 1
| /* end confdefs.h.  */
| 
| /* Override any GCC internal prototype to avoid an error.
|    Use char because int might match the return type of a GCC
|    builtin and then its argument prototype would still apply.  */
| #ifdef __cplusplus
| extern "C"
| #endif
| char thr_create ();
| int
| main ()
| {
| return thr_create ();
|   ;
|   return 0;
| }
configure:4765: result: no
configure:4777: checking for sem_wait in -lposix4
configure:4812: gcc -o conftest -g -O2 -Wall   conftest.c -lposix4  -lpthread  >&5
/usr/bin/ld: cannot find -lposix4
collect2: error: ld returned 1 exit status
configure:4819: $? = 1
configure: failed program was:
| /* confdefs.h.  */
| #define PACKAGE_NAME "Spread_Util"
| #define PACKAGE_TARNAME "spread_util"
| #define PACKAGE_VERSION "4.2.0"
| #define PACKAGE_STRING "Spread_Util 4.2.0"
| #define PACKAGE_BUGREPORT ""
| #define STDC_HEADERS 1
| #define HAVE_SYS_TYPES_H 1
| #define HAVE_SYS_STAT_H 1
| #define HAVE_STDLIB_H 1
| #define HAVE_STRING_H 1
| #define HAVE_MEMORY_H 1
| #define HAVE_STRINGS_H 1
| #define HAVE_INTTYPES_H 1
| #define HAVE_STDINT_H 1
| #define HAVE_UNISTD_H 1
| #define HAVE_LIBPTHREAD 1
| /* end confdefs.h.  */
| 
| /* Override any GCC internal prototype to avoid an error.
|    Use char because int might match the return type of a GCC
|    builtin and then its argument prototype would still apply.  */
| #ifdef __cplusplus
| extern "C"
| #endif
| char sem_wait ();
| int
| main ()
| {
| return sem_wait ();
|   ;
|   return 0;
| }
configure:4840: result: no
configure:4857: checking for pthread_atfork
configure:4913: gcc -o conftest -g -O2 -Wall   conftest.c -lpthread  >&5
configure:4920: $? = 0
configure:4942: result: yes
configure:4956: checking for gethostbyaddr in -lnsl
configure:4991: gcc -o conftest -g -O2 -Wall   conftest.c -lnsl   >&5
configure:4998: $? = 0
configure:5019: result: yes
configure:5031: checking for socket in -lsocket
configure:5066: gcc -o conftest -g -O2 -Wall   conftest.c -lsocket  -lnsl  >&5
/usr/bin/ld: cannot find -lsocket
collect2: error: ld returned 1 exit status
configure:5073: $? = 1
configure: failed program was:
| /* confdefs.h.  */
| #define PACKAGE_NAME "Spread_Util"
| #define PACKAGE_TARNAME "spread_util"
| #define PACKAGE_VERSION "4.2.0"
| #define PACKAGE_STRING "Spread_Util 4.2.0"
| #define PACKAGE_BUGREPORT ""
| #define STDC_HEADERS 1
| #define HAVE_SYS_TYPES_H 1
| #define HAVE_SYS_STAT_H 1
| #define HAVE_STDLIB_H 1
| #define HAVE_STRING_H 1
| #define HAVE_MEMORY_H 1
| #define HAVE_STRINGS_H 1
| #define HAVE_INTTYPES_H 1
| #define HAVE_STDINT_H 1
| #define HAVE_UNISTD_H 1
| #define HAVE_LIBPTHREAD 1
| #define HAVE_PTHREAD_ATFORK 1
| #define HAVE_LIBNSL 1
| /* end confdefs.h.  */
| 
| /* Override any GCC internal prototype to avoid an error.
|    Use char because int might match the return type of a GCC
|    builtin and then its argument prototype would still apply.  */
| #ifdef __cplusplus
| extern "C"
| #endif
| char socket ();
| int
| main ()
| {
| return socket ();
|   ;
|   return 0;
| }
configure:5094: result: no
configure:5105: checking for library containing shm_open
configure:5146: gcc -o conftest -g -O2 -Wall   conftest.c -lnsl  >&5
/usr/bin/ld: /tmp/ccFOqMhz.o: in function `main':
/home/gledisgjinaj/git/city/dissertation/prime-src-3.3/libspread-util/conftest.c:32: undefined reference to `shm_open'
collect2: error: ld returned 1 exit status
configure:5153: $? = 1
configure: failed program was:
| /* confdefs.h.  */
| #define PACKAGE_NAME "Spread_Util"
| #define PACKAGE_TARNAME "spread_util"
| #define PACKAGE_VERSION "4.2.0"
| #define PACKAGE_STRING "Spread_Util 4.2.0"
| #define PACKAGE_BUGREPORT ""
| #define STDC_HEADERS 1
| #define HAVE_SYS_TYPES_H 1
| #define HAVE_SYS_STAT_H 1
| #define HAVE_STDLIB_H 1
| #define HAVE_STRING_H 1
| #define HAVE_MEMORY_H 1
| #define HAVE_STRINGS_H 1
| #define HAVE_INTTYPES_H 1
| #define HAVE_STDINT_H 1
| #define HAVE_UNISTD_H 1
| #define HAVE_LIBPTHREAD 1
| #define HAVE_PTHREAD_ATFORK 1
| #define HAVE_LIBNSL 1
| /* end confdefs.h.  */
| 
| /* Override any GCC internal prototype to avoid an error.
|    Use char because int might match the return type of a GCC
|    builtin and then its argument prototype would still apply.  */
| #ifdef __cplusplus
| extern "C"
| #endif
| char shm_open ();
| int
| main ()
| {
| return shm_open ();
|   ;
|   return 0;
| }
configure:5146: gcc -o conftest -g -O2 -Wall   conftest.c -lrt  -lnsl  >&5
configure:5153: $? = 0
configure:5184: result: -lrt
configure:5192: checking for library containing nanosleep
configure:5233: gcc -o conftest -g -O2 -Wall   conftest.c -lrt -lnsl  >&5
configure:5240: $? = 0
configure:5271: result: none required
configure:5280: checking for sqrt in -lm
configure:5315: gcc -o conftest -g -O2 -Wall   conftest.c -lm  -lrt -lnsl  >&5
conftest.c:28:6: warning: conflicting types for built-in function 'sqrt'; expected 'double(double)' [-Wbuiltin-declaration-mismatch]
   28 | char sqrt ();
      |      ^~~~
conftest.c:1:1: note: 'sqrt' is declared in header '<math.h>'
    1 | /* confdefs.h.  */
configure:5322: $? = 0
configure:5343: result: yes
configure:5359: checking for strftime
configure:5415: gcc -o conftest -g -O2 -Wall   conftest.c -lm -lrt -lnsl  >&5
conftest.c:45:6: warning: conflicting types for built-in function 'strftime'; expected 'long unsigned int(char *, long unsigned int,  const char *, const void *)' [-Wbuiltin-declaration-mismatch]
   45 | char strftime ();
      |      ^~~~~~~~
conftest.c:33:1: note: 'strftime' is declared in header '<time.h>'
   32 | # include <limits.h>
   33 | #else
configure:5422: $? = 0
configure:5444: result: yes
configure:5579: checking arpa/inet.h usability
configure:5596: gcc -c -g -O2 -Wall  conftest.c >&5
configure:5603: $? = 0
configure:5617: result: yes
configure:5621: checking arpa/inet.h presence
configure:5636: gcc -E  conftest.c
configure:5643: $? = 0
configure:5657: result: yes
configure:5685: checking for arpa/inet.h
configure:5694: result: yes
configure:5579: checking assert.h usability
configure:5596: gcc -c -g -O2 -Wall  conftest.c >&5
configure:5603: $? = 0
configure:5617: result: yes
configure:5621: checking assert.h presence
configure:5636: gcc -E  conftest.c
configure:5643: $? = 0
configure:5657: result: yes
configure:5685: checking for assert.h
configure:5694: result: yes
configure:5579: checking errno.h usability
configure:5596: gcc -c -g -O2 -Wall  conftest.c >&5
configure:5603: $? = 0
configure:5617: result: yes
configure:5621: checking errno.h presence
configure:5636: gcc -E  conftest.c
configure:5643: $? = 0
configure:5657: result: yes
configure:5685: checking for errno.h
configure:5694: result: yes
configure:5579: checking grp.h usability
configure:5596: gcc -c -g -O2 -Wall  conftest.c >&5
configure:5603: $? = 0
configure:5617: result: yes
configure:5621: checking grp.h presence
configure:5636: gcc -E  conftest.c
configure:5643: $? = 0
configure:5657: result: yes
configure:5685: checking for grp.h
configure:5694: result: yes
configure:5579: checking limits.h usability
configure:5596: gcc -c -g -O2 -Wall  conftest.c >&5
configure:5603: $? = 0
configure:5617: result: yes
configure:5621: checking limits.h presence
configure:5636: gcc -E  conftest.c
configure:5643: $? = 0
configure:5657: result: yes
configure:5685: checking for limits.h
configure:5694: result: yes
configure:5579: checking netdb.h usability
configure:5596: gcc -c -g -O2 -Wall  conftest.c >&5
configure:5603: $? = 0
configure:5617: result: yes
configure:5621: checking netdb.h presence
configure:5636: gcc -E  conftest.c
configure:5643: $? = 0
configure:5657: result: yes
configure:5685: checking for netdb.h
configure:5694: result: yes
configure:5579: checking netinet/in.h usability
configure:5596: gcc -c -g -O2 -Wall  conftest.c >&5
configure:5603: $? = 0
configure:5617: result: yes
configure:5621: checking netinet/in.h presence
configure:5636: gcc -E  conftest.c
configure:5643: $? = 0
configure:5657: result: yes
configure:5685: checking for netinet/in.h
configure:5694: result: yes
configure:5579: checking netinet/tcp.h usability
configure:5596: gcc -c -g -O2 -Wall  conftest.c >&5
configure:5603: $? = 0
configure:5617: result: yes
configure:5621: checking netinet/tcp.h presence
configure:5636: gcc -E  conftest.c
configure:5643: $? = 0
configure:5657: result: yes
configure:5685: checking for netinet/tcp.h
configure:5694: result: yes
configure:5579: checking process.h usability
configure:5596: gcc -c -g -O2 -Wall  conftest.c >&5
conftest.c:64:10: fatal error: process.h: No such file or directory
   64 | #include <process.h>
      |          ^~~~~~~~~~~
compilation terminated.
configure:5603: $? = 1
configure: failed program was:
| /* confdefs.h.  */
| #define PACKAGE_NAME "Spread_Util"
| #define PACKAGE_TARNAME "spread_util"
| #define PACKAGE_VERSION "4.2.0"
| #define PACKAGE_STRING "Spread_Util 4.2.0"
| #define PACKAGE_BUGREPORT ""
| #define STDC_HEADERS 1
| #define HAVE_SYS_TYPES_H 1
| #define HAVE_SYS_STAT_H 1
| #define HAVE_STDLIB_H 1
| #define HAVE_STRING_H 1
| #define HAVE_MEMORY_H 1
| #define HAVE_STRINGS_H 1
| #define HAVE_INTTYPES_H 1
| #define HAVE_STDINT_H 1
| #define HAVE_UNISTD_H 1
| #define HAVE_LIBPTHREAD 1
| #define HAVE_PTHREAD_ATFORK 1
| #define HAVE_LIBNSL 1
| #define HAVE_LIBM 1
| #define HAVE_STRFTIME 1
| #define HAVE_ARPA_INET_H 1
| #define HAVE_ASSERT_H 1
| #define HAVE_ERRNO_H 1
| #define HAVE_GRP_H 1
| #define HAVE_LIMITS_H 1
| #define HAVE_NETDB_H 1
| #define HAVE_NETINET_IN_H 1
| #define HAVE_NETINET_TCP_H 1
| /* end confdefs.h.  */
| #include <stdio.h>
| #ifdef HAVE_SYS_TYPES_H
| # include <sys/types.h>
| #endif
| #ifdef HAVE_SYS_STAT_H
| # include <sys/stat.h>
| #endif
| #ifdef STDC_HEADERS
| # include <stdlib.h>
| # include <stddef.h>
| #else
| # ifdef HAVE_STDLIB_H
| #  include <stdlib.h>
| # endif
| #endif
| #ifdef HAVE_STRING_H
| # if !defined STDC_HEADERS && defined HAVE_MEMORY_H
| #  include <memory.h>
| # endif
| # include <string.h>
| #endif
| #ifdef HAVE_STRINGS_H
| # include <strings.h>
| #endif
| #ifdef HAVE_INTTYPES_H
| # include <inttypes.h>
| #endif
| #ifdef HAVE_STDINT_H
| # include <stdint.h>
| #endif
| #ifdef HAVE_UNISTD_H
| # include <unistd.h>
| #endif
| #include <process.h>
configure:5617: result: no
configure:5621: checking process.h presence
configure:5636: gcc -E  conftest.c
conftest.c:31:10: fatal error: process.h: No such file or directory
   31 | #include <process.h>
      |          ^~~~~~~~~~~
compilation terminated.
configure:5643: $? = 1
configure: failed program was:
| /* confdefs.h.  */
| #define PACKAGE_NAME "Spread_Util"
| #define PACKAGE_TARNAME "spread_util"
| #define PACKAGE_VERSION "4.2.0"
| #define PACKAGE_STRING "Spread_Util 4.2.0"
| #define PACKAGE_BUGREPORT ""
| #define STDC_HEADERS 1
| #define HAVE_SYS_TYPES_H 1
| #define HAVE_SYS_STAT_H 1
| #define HAVE_STDLIB_H 1
| #define HAVE_STRING_H 1
| #define HAVE_MEMORY_H 1
| #define HAVE_STRINGS_H 1
| #define HAVE_INTTYPES_H 1
| #define HAVE_STDINT_H 1
| #define HAVE_UNISTD_H 1
| #define HAVE_LIBPTHREAD 1
| #define HAVE_PTHREAD_ATFORK 1
| #define HAVE_LIBNSL 1
| #define HAVE_LIBM 1
| #define HAVE_STRFTIME 1
| #define HAVE_ARPA_INET_H 1
| #define HAVE_ASSERT_H 1
| #define HAVE_ERRNO_H 1
| #define HAVE_GRP_H 1
| #define HAVE_LIMITS_H 1
| #define HAVE_NETDB_H 1
| #define HAVE_NETINET_IN_H 1
| #define HAVE_NETINET_TCP_H 1
| /* end confdefs.h.  */
| #include <process.h>
configure:5657: result: no
configure:5685: checking for process.h
configure:5694: result: no
configure:5579: checking pthread.h usability
configure:5596: gcc -c -g -O2 -Wall  conftest.c >&5
configure:5603: $? = 0
configure:5617: result: yes
configure:5621: checking pthread.h presence
configure:5636: gcc -E  conftest.c
configure:5643: $? = 0
configure:5657: result: yes
configure:5685: checking for pthread.h
configure:5694: result: yes
configure:5579: checking pwd.h usability
configure:5596: gcc -c -g -O2 -Wall  conftest.c >&5
configure:5603: $? = 0
configure:5617: result: yes
configure:5621: checking pwd.h presence
configure:5636: gcc -E  conftest.c
configure:5643: $? = 0
configure:5657: result: yes
configure:5685: checking for pwd.h
configure:5694: result: yes
configure:5579: checking signal.h usability
configure:5596: gcc -c -g -O2 -Wall  conftest.c >&5
configure:5603: $? = 0
configure:5617: result: yes
configure:5621: checking signal.h presence
configure:5636: gcc -E  conftest.c
configure:5643: $? = 0
configure:5657: result: yes
configure:5685: checking for signal.h
configure:5694: result: yes
configure:5579: checking stdarg.h usability
configure:5596: gcc -c -g -O2 -Wall  conftest.c >&5
configure:5603: $? = 0
configure:5617: result: yes
configure:5621: checking stdarg.h presence
configure:5636: gcc -E  conftest.c
configure:5643: $? = 0
configure:5657: result: yes
configure:5685: checking for stdarg.h
configure:5694: result: yes
configure:5568: checking for stdint.h
configure:5575: result: yes
configure:5579: checking stdio.h usability
configure:5596: gcc -c -g -O2 -Wall  conftest.c >&5
configure:5603: $? = 0
configure:5617: result: yes
configure:5621: checking stdio.h presence
configure:5636: gcc -E  conftest.c
configure:5643: $? = 0
configure:5657: result: yes
configure:5685: checking for stdio.h
configure:5694: result: yes
configure:5568: checking for stdlib.h
configure:5575: result: yes
configure:5568: checking for string.h
configure:5575: result: yes
configure:5579: checking sys/inttypes.h usability
configure:5596: gcc -c -g -O2 -Wall  conftest.c >&5
conftest.c:72:10: fatal error: sys/inttypes.h: No such file or directory
   72 | #include <sys/inttypes.h>
      |          ^~~~~~~~~~~~~~~~
compilation terminated.
configure:5603: $? = 1
configure: failed program was:
| /* confdefs.h.  */
| #define PACKAGE_NAME "Spread_Util"
| #define PACKAGE_TARNAME "spread_util"
| #define PACKAGE_VERSION "4.2.0"
| #define PACKAGE_STRING "Spread_Util 4.2.0"
| #define PACKAGE_BUGREPORT ""
| #define STDC_HEADERS 1
| #define HAVE_SYS_TYPES_H 1
| #define HAVE_SYS_STAT_H 1
| #define HAVE_STDLIB_H 1
| #define HAVE_STRING_H 1
| #define HAVE_MEMORY_H 1
| #define HAVE_STRINGS_H 1
| #define HAVE_INTTYPES_H 1
| #define HAVE_STDINT_H 1
| #define HAVE_UNISTD_H 1
| #define HAVE_LIBPTHREAD 1
| #define HAVE_PTHREAD_ATFORK 1
| #define HAVE_LIBNSL 1
| #define HAVE_LIBM 1
| #define HAVE_STRFTIME 1
| #define HAVE_ARPA_INET_H 1
| #define HAVE_ASSERT_H 1
| #define HAVE_ERRNO_H 1
| #define HAVE_GRP_H 1
| #define HAVE_LIMITS_H 1
| #define HAVE_NETDB_H 1
| #define HAVE_NETINET_IN_H 1
| #define HAVE_NETINET_TCP_H 1
| #define HAVE_PTHREAD_H 1
| #define HAVE_PWD_H 1
| #define HAVE_SIGNAL_H 1
| #define HAVE_STDARG_H 1
| #define HAVE_STDINT_H 1
| #define HAVE_STDIO_H 1
| #define HAVE_STDLIB_H 1
| #define HAVE_STRING_H 1
| /* end confdefs.h.  */
| #include <stdio.h>
| #ifdef HAVE_SYS_TYPES_H
| # include <sys/types.h>
| #endif
| #ifdef HAVE_SYS_STAT_H
| # include <sys/stat.h>
| #endif
| #ifdef STDC_HEADERS
| # include <stdlib.h>
| # include <stddef.h>
| #else
| # ifdef HAVE_STDLIB_H
| #  include <stdlib.h>
| # endif
| #endif
| #ifdef HAVE_STRING_H
| # if !defined STDC_HEADERS && defined HAVE_MEMORY_H
| #  include <memory.h>
| # endif
| # include <string.h>
| #endif
| #ifdef HAVE_STRINGS_H
| # include <strings.h>
| #endif
| #ifdef HAVE_INTTYPES_H
| # include <inttypes.h>
| #endif
| #ifdef HAVE_STDINT_H
| # include <stdint.h>
| #endif
| #ifdef HAVE_UNISTD_H
| # include <unistd.h>
| #endif
| #include <sys/inttypes.h>
configure:5617: result: no
configure:5621: checking sys/inttypes.h presence
configure:5636: gcc -E  conftest.c
conftest.c:39:10: fatal error: sys/inttypes.h: No such file or directory
   39 | #include <sys/inttypes.h>
      |          ^~~~~~~~~~~~~~~~
compilation terminated.
configure:5643: $? = 1
configure: failed program was:
| /* confdefs.h.  */
| #define PACKAGE_NAME "Spread_Util"
| #define PACKAGE_TARNAME "spread_util"
| #define PACKAGE_VERSION "4.2.0"
| #define PACKAGE_STRING "Spread_Util 4.2.0"
| #define PACKAGE_BUGREPORT ""
| #define STDC_HEADERS 1
| #define HAVE_SYS_TYPES_H 1
| #define HAVE_SYS_STAT_H 1
| #define HAVE_STDLIB_H 1
| #define HAVE_STRING_H 1
| #define HAVE_MEMORY_H 1
| #define HAVE_STRINGS_H 1
| #define HAVE_INTTYPES_H 1
| #define HAVE_STDINT_H 1
| #define HAVE_UNISTD_H 1
| #define HAVE_LIBPTHREAD 1
| #define HAVE_PTHREAD_ATFORK 1
| #define HAVE_LIBNSL 1
| #define HAVE_LIBM 1
| #define HAVE_STRFTIME 1
| #define HAVE_ARPA_INET_H 1
| #define HAVE_ASSERT_H 1
| #define HAVE_ERRNO_H 1
| #define HAVE_GRP_H 1
| #define HAVE_LIMITS_H 1
| #define HAVE_NETDB_H 1
| #define HAVE_NETINET_IN_H 1
| #define HAVE_NETINET_TCP_H 1
| #define HAVE_PTHREAD_H 1
| #define HAVE_PWD_H 1
| #define HAVE_SIGNAL_H 1
| #define HAVE_STDARG_H 1
| #define HAVE_STDINT_H 1
| #define HAVE_STDIO_H 1
| #define HAVE_STDLIB_H 1
| #define HAVE_STRING_H 1
| /* end confdefs.h.  */
| #include <sys/inttypes.h>
configure:5657: result: no
configure:5685: checking for sys/inttypes.h
configure:5694: result: no
configure:5579: checking sys/ioctl.h usability
configure:5596: gcc -c -g -O2 -Wall  conftest.c >&5
configure:5603: $? = 0
configure:5617: result: yes
configure:5621: checking sys/ioctl.h presence
configure:5636: gcc -E  conftest.c
configure:5643: $? = 0
configure:5657: result: yes
configure:5685: checking for sys/ioctl.h
configure:5694: result: yes
configure:5579: checking sys/param.h usability
configure:5596: gcc -c -g -O2 -Wall  conftest.c >&5
configure:5603: $? = 0
configure:5617: result: yes
configure:5621: checking sys/param.h presence
configure:5636: gcc -E  conftest.c
configure:5643: $? = 0
configure:5657: result: yes
configure:5685: checking for sys/param.h
configure:5694: result: yes
configure:5579: checking sys/socket.h usability
configure:5596: gcc -c -g -O2 -Wall  conftest.c >&5
configure:5603: $? = 0
configure:5617: result: yes
configure:5621: checking sys/socket.h presence
configure:5636: gcc -E  conftest.c
configure:5643: $? = 0
configure:5657: result: yes
configure:5685: checking for sys/socket.h
configure:5694: result: yes
configure:5568: checking for sys/stat.h
configure:5575: result: yes
configure:5579: checking sys/time.h usability
configure:5596: gcc -c -g -O2 -Wall  conftest.c >&5
configure:5603: $? = 0
configure:5617: result: yes
configure:5621: checking sys/time.h presence
configure:5636: gcc -E  conftest.c
configure:5643: $? = 0
configure:5657: result: yes
configure:5685: checking for sys/time.h
configure:5694: result: yes
configure:5579: checking sys/timeb.h usability
configure:5596: gcc -c -g -O2 -Wall  conftest.c >&5
configure:5603: $? = 0
configure:5617: result: yes
configure:5621: checking sys/timeb.h presence
configure:5636: gcc -E  conftest.c
configure:5643: $? = 0
configure:5657: result: yes
configure:5685: checking for sys/timeb.h
configure:5694: result: yes
configure:5568: checking for sys/types.h
configure:5575: result: yes
configure:5579: checking sys/uio.h usability
configure:5596: gcc -c -g -O2 -Wall  conftest.c >&5
configure:5603: $? = 0
configure:5617: result: yes
configure:5621: checking sys/uio.h presence
configure:5636: gcc -E  conftest.c
configure:5643: $? = 0
configure:5657: result: yes
configure:5685: checking for sys/uio.h
configure:5694: result: yes
configure:5579: checking sys/un.h usability
configure:5596: gcc -c -g -O2 -Wall  conftest.c >&5
configure:5603: $? = 0
configure:5617: result: yes
configure:5621: checking sys/un.h presence
configure:5636: gcc -E  conftest.c
configure:5643: $? = 0
configure:5657: result: yes
configure:5685: checking for sys/un.h
configure:5694: result: yes
configure:5579: checking sys/filio.h usability
configure:5596: gcc -c -g -O2 -Wall  conftest.c >&5
conftest.c:81:10: fatal error: sys/filio.h: No such file or directory
   81 | #include <sys/filio.h>
      |          ^~~~~~~~~~~~~
compilation terminated.
configure:5603: $? = 1
configure: failed program was:
| /* confdefs.h.  */
| #define PACKAGE_NAME "Spread_Util"
| #define PACKAGE_TARNAME "spread_util"
| #define PACKAGE_VERSION "4.2.0"
| #define PACKAGE_STRING "Spread_Util 4.2.0"
| #define PACKAGE_BUGREPORT ""
| #define STDC_HEADERS 1
| #define HAVE_SYS_TYPES_H 1
| #define HAVE_SYS_STAT_H 1
| #define HAVE_STDLIB_H 1
| #define HAVE_STRING_H 1
| #define HAVE_MEMORY_H 1
| #define HAVE_STRINGS_H 1
| #define HAVE_INTTYPES_H 1
| #define HAVE_STDINT_H 1
| #define HAVE_UNISTD_H 1
| #define HAVE_LIBPTHREAD 1
| #define HAVE_PTHREAD_ATFORK 1
| #define HAVE_LIBNSL 1
| #define HAVE_LIBM 1
| #define HAVE_STRFTIME 1
| #define HAVE_ARPA_INET_H 1
| #define HAVE_ASSERT_H 1
| #define HAVE_ERRNO_H 1
| #define HAVE_GRP_H 1
| #define HAVE_LIMITS_H 1
| #define HAVE_NETDB_H 1
| #define HAVE_NETINET_IN_H 1
| #define HAVE_NETINET_TCP_H 1
| #define HAVE_PTHREAD_H 1
| #define HAVE_PWD_H 1
| #define HAVE_SIGNAL_H 1
| #define HAVE_STDARG_H 1
| #define HAVE_STDINT_H 1
| #define HAVE_STDIO_H 1
| #define HAVE_STDLIB_H 1
| #define HAVE_STRING_H 1
| #define HAVE_SYS_IOCTL_H 1
| #define HAVE_SYS_PARAM_H 1
| #define HAVE_SYS_SOCKET_H 1
| #define HAVE_SYS_STAT_H 1
| #define HAVE_SYS_TIME_H 1
| #define HAVE_SYS_TIMEB_H 1
| #define HAVE_SYS_TYPES_H 1
| #define HAVE_SYS_UIO_H 1
| #define HAVE_SYS_UN_H 1
| /* end confdefs.h.  */
| #include <stdio.h>
| #ifdef HAVE_SYS_TYPES_H
| # include <sys/types.h>
| #endif
| #ifdef HAVE_SYS_STAT_H
| # include <sys/stat.h>
| #endif
| #ifdef STDC_HEADERS
| # include <stdlib.h>
| # include <stddef.h>
| #else
| # ifdef HAVE_STDLIB_H
| #  include <stdlib.h>
| # endif
| #endif
| #ifdef HAVE_STRING_H
| # if !defined STDC_HEADERS && defined HAVE_MEMORY_H
| #  include <memory.h>
| # endif
| # include <string.h>
| #endif
| #ifdef HAVE_STRINGS_H
| # include <strings.h>
| #endif
| #ifdef HAVE_INTTYPES_H
| # include <inttypes.h>
| #endif
| #ifdef HAVE_STDINT_H
| # include <stdint.h>
| #endif
| #ifdef HAVE_UNISTD_H
| # include <unistd.h>
| #endif
| #include <sys/filio.h>
configure:5617: result: no
configure:5621: checking sys/filio.h presence
configure:5636: gcc -E  conftest.c
conftest.c:48:10: fatal error: sys/filio.h: No such file or directory
   48 | #include <sys/filio.h>
      |          ^~~~~~~~~~~~~
compilation terminated.
configure:5643: $? = 1
configure: failed program was:
| /* confdefs.h.  */
| #define PACKAGE_NAME "Spread_Util"
| #define PACKAGE_TARNAME "spread_util"
| #define PACKAGE_VERSION "4.2.0"
| #define PACKAGE_STRING "Spread_Util 4.2.0"
| #define PACKAGE_BUGREPORT ""
| #define STDC_HEADERS 1
| #define HAVE_SYS_TYPES_H 1
| #define HAVE_SYS_STAT_H 1
| #define HAVE_STDLIB_H 1
| #define HAVE_STRING_H 1
| #define HAVE_MEMORY_H 1
| #define HAVE_STRINGS_H 1
| #define HAVE_INTTYPES_H 1
| #define HAVE_STDINT_H 1
| #define HAVE_UNISTD_H 1
| #define HAVE_LIBPTHREAD 1
| #define HAVE_PTHREAD_ATFORK 1
| #define HAVE_LIBNSL 1
| #define HAVE_LIBM 1
| #define HAVE_STRFTIME 1
| #define HAVE_ARPA_INET_H 1
| #define HAVE_ASSERT_H 1
| #define HAVE_ERRNO_H 1
| #define HAVE_GRP_H 1
| #define HAVE_LIMITS_H 1
| #define HAVE_NETDB_H 1
| #define HAVE_NETINET_IN_H 1
| #define HAVE_NETINET_TCP_H 1
| #define HAVE_PTHREAD_H 1
| #define HAVE_PWD_H 1
| #define HAVE_SIGNAL_H 1
| #define HAVE_STDARG_H 1
| #define HAVE_STDINT_H 1
| #define HAVE_STDIO_H 1
| #define HAVE_STDLIB_H 1
| #define HAVE_STRING_H 1
| #define HAVE_SYS_IOCTL_H 1
| #define HAVE_SYS_PARAM_H 1
| #define HAVE_SYS_SOCKET_H 1
| #define HAVE_SYS_STAT_H 1
| #define HAVE_SYS_TIME_H 1
| #define HAVE_SYS_TIMEB_H 1
| #define HAVE_SYS_TYPES_H 1
| #define HAVE_SYS_UIO_H 1
| #define HAVE_SYS_UN_H 1
| /* end confdefs.h.  */
| #include <sys/filio.h>
configure:5657: result: no
configure:5685: checking for sys/filio.h
configure:5694: result: no
configure:5579: checking time.h usability
configure:5596: gcc -c -g -O2 -Wall  conftest.c >&5
configure:5603: $? = 0
configure:5617: result: yes
configure:5621: checking time.h presence
configure:5636: gcc -E  conftest.c
configure:5643: $? = 0
configure:5657: result: yes
configure:5685: checking for time.h
configure:5694: result: yes
configure:5568: checking for unistd.h
configure:5575: result: yes
configure:5579: checking windows.h usability
configure:5596: gcc -c -g -O2 -Wall  conftest.c >&5
conftest.c:83:10: fatal error: windows.h: No such file or directory
   83 | #include <windows.h>
      |          ^~~~~~~~~~~
compilation terminated.
configure:5603: $? = 1
configure: failed program was:
| /* confdefs.h.  */
| #define PACKAGE_NAME "Spread_Util"
| #define PACKAGE_TARNAME "spread_util"
| #define PACKAGE_VERSION "4.2.0"
| #define PACKAGE_STRING "Spread_Util 4.2.0"
| #define PACKAGE_BUGREPORT ""
| #define STDC_HEADERS 1
| #define HAVE_SYS_TYPES_H 1
| #define HAVE_SYS_STAT_H 1
| #define HAVE_STDLIB_H 1
| #define HAVE_STRING_H 1
| #define HAVE_MEMORY_H 1
| #define HAVE_STRINGS_H 1
| #define HAVE_INTTYPES_H 1
| #define HAVE_STDINT_H 1
| #define HAVE_UNISTD_H 1
| #define HAVE_LIBPTHREAD 1
| #define HAVE_PTHREAD_ATFORK 1
| #define HAVE_LIBNSL 1
| #define HAVE_LIBM 1
| #define HAVE_STRFTIME 1
| #define HAVE_ARPA_INET_H 1
| #define HAVE_ASSERT_H 1
| #define HAVE_ERRNO_H 1
| #define HAVE_GRP_H 1
| #define HAVE_LIMITS_H 1
| #define HAVE_NETDB_H 1
| #define HAVE_NETINET_IN_H 1
| #define HAVE_NETINET_TCP_H 1
| #define HAVE_PTHREAD_H 1
| #define HAVE_PWD_H 1
| #define HAVE_SIGNAL_H 1
| #define HAVE_STDARG_H 1
| #define HAVE_STDINT_H 1
| #define HAVE_STDIO_H 1
| #define HAVE_STDLIB_H 1
| #define HAVE_STRING_H 1
| #define HAVE_SYS_IOCTL_H 1
| #define HAVE_SYS_PARAM_H 1
| #define HAVE_SYS_SOCKET_H 1
| #define HAVE_SYS_STAT_H 1
| #define HAVE_SYS_TIME_H 1
| #define HAVE_SYS_TIMEB_H 1
| #define HAVE_SYS_TYPES_H 1
| #define HAVE_SYS_UIO_H 1
| #define HAVE_SYS_UN_H 1
| #define HAVE_TIME_H 1
| #define HAVE_UNISTD_H 1
| /* end confdefs.h.  */
| #include <stdio.h>
| #ifdef HAVE_SYS_TYPES_H
| # include <sys/types.h>
| #endif
| #ifdef HAVE_SYS_STAT_H
| # include <sys/stat.h>
| #endif
| #ifdef STDC_HEADERS
| # include <stdlib.h>
| # include <stddef.h>
| #else
| # ifdef HAVE_STDLIB_H
| #  include <stdlib.h>
| # endif
| #endif
| #ifdef HAVE_STRING_H
| # if !defined STDC_HEADERS && defined HAVE_MEMORY_H
| #  include <memory.h>
| # endif
| # include <string.h>
| #endif
| #ifdef HAVE_STRINGS_H
| # include <strings.h>
| #endif
| #ifdef HAVE_INTTYPES_H
| # include <inttypes.h>
| #endif
| #ifdef HAVE_STDINT_H
| # include <stdint.h>
| #endif
| #ifdef HAVE_UNISTD_H
| # include <unistd.h>
| #endif
| #include <windows.h>
configure:5617: result: no
configure:5621: checking windows.h presence
configure:5636: gcc -E  conftest.c
conftest.c:50:10: fatal error: windows.h: No such file or directory
   50 | #include <windows.h>
      |          ^~~~~~~~~~~
compilation terminated.
configure:5643: $? = 1
configure: failed program was:
| /* confdefs.h.  */
| #define PACKAGE_NAME "Spread_Util"
| #define PACKAGE_TARNAME "spread_util"
| #define PACKAGE_VERSION "4.2.0"
| #define PACKAGE_STRING "Spread_Util 4.2.0"
| #define PACKAGE_BUGREPORT ""
| #define STDC_HEADERS 1
| #define HAVE_SYS_TYPES_H 1
| #define HAVE_SYS_STAT_H 1
| #define HAVE_STDLIB_H 1
| #define HAVE_STRING_H 1
| #define HAVE_MEMORY_H 1
| #define HAVE_STRINGS_H 1
| #define HAVE_INTTYPES_H 1
| #define HAVE_STDINT_H 1
| #define HAVE_UNISTD_H 1
| #define HAVE_LIBPTHREAD 1
| #define HAVE_PTHREAD_ATFORK 1
| #define HAVE_LIBNSL 1
| #define HAVE_LIBM 1
| #define HAVE_STRFTIME 1
| #define HAVE_ARPA_INET_H 1
| #define HAVE_ASSERT_H 1
| #define HAVE_ERRNO_H 1
| #define HAVE_GRP_H 1
| #define HAVE_LIMITS_H 1
| #define HAVE_NETDB_H 1
| #define HAVE_NETINET_IN_H 1
| #define HAVE_NETINET_TCP_H 1
| #define HAVE_PTHREAD_H 1
| #define HAVE_PWD_H 1
| #define HAVE_SIGNAL_H 1
| #define HAVE_STDARG_H 1
| #define HAVE_STDINT_H 1
| #define HAVE_STDIO_H 1
| #define HAVE_STDLIB_H 1
| #define HAVE_STRING_H 1
| #define HAVE_SYS_IOCTL_H 1
| #define HAVE_SYS_PARAM_H 1
| #define HAVE_SYS_SOCKET_H 1
| #define HAVE_SYS_STAT_H 1
| #define HAVE_SYS_TIME_H 1
| #define HAVE_SYS_TIMEB_H 1
| #define HAVE_SYS_TYPES_H 1
| #define HAVE_SYS_UIO_H 1
| #define HAVE_SYS_UN_H 1
| #define HAVE_TIME_H 1
| #define HAVE_UNISTD_H 1
| /* end confdefs.h.  */
| #include <windows.h>
configure:5657: result: no
configure:5685: checking for windows.h
configure:5694: result: no
configure:5579: checking winsock.h usability
configure:5596: gcc -c -g -O2 -Wall  conftest.c >&5
conftest.c:83:10: fatal error: winsock.h: No such file or directory
   83 | #include <winsock.h>
      |          ^~~~~~~~~~~
compilation terminated.
configure:5603: $? = 1
configure: failed program was:
| /* confdefs.h.  */
| #define PACKAGE_NAME "Spread_Util"
| #define PACKAGE_TARNAME "spread_util"
| #define PACKAGE_VERSION "4.2.0"
| #define PACKAGE_STRING "Spread_Util 4.2.0"
| #define PACKAGE_BUGREPORT ""
| #define STDC_HEADERS 1
| #define HAVE_SYS_TYPES_H 1
| #define HAVE_SYS_STAT_H 1
| #define HAVE_STDLIB_H 1
| #define HAVE_STRING_H 1
| #define HAVE_MEMORY_H 1
| #define HAVE_STRINGS_H 1
| #define HAVE_INTTYPES_H 1
| #define HAVE_STDINT_H 1
| #define HAVE_UNISTD_H 1
| #define HAVE_LIBPTHREAD 1
| #define HAVE_PTHREAD_ATFORK 1
| #define HAVE_LIBNSL 1
| #define HAVE_LIBM 1
| #define HAVE_STRFTIME 1
| #define HAVE_ARPA_INET_H 1
| #define HAVE_ASSERT_H 1
| #define HAVE_ERRNO_H 1
| #define HAVE_GRP_H 1
| #define HAVE_LIMITS_H 1
| #define HAVE_NETDB_H 1
| #define HAVE_NETINET_IN_H 1
| #define HAVE_NETINET_TCP_H 1
| #define HAVE_PTHREAD_H 1
| #define HAVE_PWD_H 1
| #define HAVE_SIGNAL_H 1
| #define HAVE_STDARG_H 1
| #define HAVE_STDINT_H 1
| #define HAVE_STDIO_H 1
| #define HAVE_STDLIB_H 1
| #define HAVE_STRING_H 1
| #define HAVE_SYS_IOCTL_H 1
| #define HAVE_SYS_PARAM_H 1
| #define HAVE_SYS_SOCKET_H 1
| #define HAVE_SYS_STAT_H 1
| #define HAVE_SYS_TIME_H 1
| #define HAVE_SYS_TIMEB_H 1
| #define HAVE_SYS_TYPES_H 1
| #define HAVE_SYS_UIO_H 1
| #define HAVE_SYS_UN_H 1
| #define HAVE_TIME_H 1
| #define HAVE_UNISTD_H 1
| /* end confdefs.h.  */
| #include <stdio.h>
| #ifdef HAVE_SYS_TYPES_H
| # include <sys/types.h>
| #endif
| #ifdef HAVE_SYS_STAT_H
| # include <sys/stat.h>
| #endif
| #ifdef STDC_HEADERS
| # include <stdlib.h>
| # include <stddef.h>
| #else
| # ifdef HAVE_STDLIB_H
| #  include <stdlib.h>
| # endif
| #endif
| #ifdef HAVE_STRING_H
| # if !defined STDC_HEADERS && defined HAVE_MEMORY_H
| #  include <memory.h>
| # endif
| # include <string.h>
| #endif
| #ifdef HAVE_STRINGS_H
| # include <strings.h>
| #endif
| #ifdef HAVE_INTTYPES_H
| # include <inttypes.h>
| #endif
| #ifdef HAVE_STDINT_H
| # include <stdint.h>
| #endif
| #ifdef HAVE_UNISTD_H
| # include <unistd.h>
| #endif
| #include <winsock.h>
configure:5617: result: no
configure:5621: checking winsock.h presence
configure:5636: gcc -E  conftest.c
conftest.c:50:10: fatal error: winsock.h: No such file or directory
   50 | #include <winsock.h>
      |          ^~~~~~~~~~~
compilation terminated.
configure:5643: $? = 1
configure: failed program was:
| /* confdefs.h.  */
| #define PACKAGE_NAME "Spread_Util"
| #define PACKAGE_TARNAME "spread_util"
| #define PACKAGE_VERSION "4.2.0"
| #define PACKAGE_STRING "Spread_Util 4.2.0"
| #define PACKAGE_BUGREPORT ""
| #define STDC_HEADERS 1
| #define HAVE_SYS_TYPES_H 1
| #define HAVE_SYS_STAT_H 1
| #define HAVE_STDLIB_H 1
| #define HAVE_STRING_H 1
| #define HAVE_MEMORY_H 1
| #define HAVE_STRINGS_H 1
| #define HAVE_INTTYPES_H 1
| #define HAVE_STDINT_H 1
| #define HAVE_UNISTD_H 1
| #define HAVE_LIBPTHREAD 1
| #define HAVE_PTHREAD_ATFORK 1
| #define HAVE_LIBNSL 1
| #define HAVE_LIBM 1
| #define HAVE_STRFTIME 1
| #define HAVE_ARPA_INET_H 1
| #define HAVE_ASSERT_H 1
| #define HAVE_ERRNO_H 1
| #define HAVE_GRP_H 1
| #define HAVE_LIMITS_H 1
| #define HAVE_NETDB_H 1
| #define HAVE_NETINET_IN_H 1
| #define HAVE_NETINET_TCP_H 1
| #define HAVE_PTHREAD_H 1
| #define HAVE_PWD_H 1
| #define HAVE_SIGNAL_H 1
| #define HAVE_STDARG_H 1
| #define HAVE_STDINT_H 1
| #define HAVE_STDIO_H 1
| #define HAVE_STDLIB_H 1
| #define HAVE_STRING_H 1
| #define HAVE_SYS_IOCTL_H 1
| #define HAVE_SYS_PARAM_H 1
| #define HAVE_SYS_SOCKET_H 1
| #define HAVE_SYS_STAT_H 1
| #define HAVE_SYS_TIME_H 1
| #define HAVE_SYS_TIMEB_H 1
| #define HAVE_SYS_TYPES_H 1
| #define HAVE_SYS_UIO_H 1
| #define HAVE_SYS_UN_H 1
| #define HAVE_TIME_H 1
| #define HAVE_UNISTD_H 1
| /* end confdefs.h.  */
| #include <winsock.h>
configure:5657: result: no
configure:5685: checking for winsock.h
configure:5694: result: no
configure:5721: checking for bcopy
configure:5777: gcc -o conftest -g -O2 -Wall   conftest.c -lm -lrt -lnsl  >&5
conftest.c:73:6: warning: conflicting types for built-in function 'bcopy'; expected 'void(const void *, void *, long unsigned int)' [-Wbuiltin-declaration-mismatch]
   73 | char bcopy ();
      |      ^~~~~
configure:5784: $? = 0
configure:5806: result: yes
configure:5721: checking for inet_aton
configure:5777: gcc -o conftest -g -O2 -Wall   conftest.c -lm -lrt -lnsl  >&5
configure:5784: $? = 0
configure:5806: result: yes
configure:5721: checking for inet_ntoa
configure:5777: gcc -o conftest -g -O2 -Wall   conftest.c -lm -lrt -lnsl  >&5
configure:5784: $? = 0
configure:5806: result: yes
configure:5721: checking for inet_ntop
configure:5777: gcc -o conftest -g -O2 -Wall   conftest.c -lm -lrt -lnsl  >&5
configure:5784: $? = 0
configure:5806: result: yes
configure:5721: checking for memmove
configure:5777: gcc -o conftest -g -O2 -Wall   conftest.c -lm -lrt -lnsl  >&5
conftest.c:77:6: warning: conflicting types for built-in function 'memmove'; expected 'void *(void *, const void *, long unsigned int)' [-Wbuiltin-declaration-mismatch]
   77 | char memmove ();
      |      ^~~~~~~
conftest.c:65:1: note: 'memmove' is declared in header '<string.h>'
   64 | # include <limits.h>
   65 | #else
configure:5784: $? = 0
configure:5806: result: yes
configure:5721: checking for setsid
configure:5777: gcc -o conftest -g -O2 -Wall   conftest.c -lm -lrt -lnsl  >&5
configure:5784: $? = 0
configure:5806: result: yes
configure:5721: checking for snprintf
configure:5777: gcc -o conftest -g -O2 -Wall   conftest.c -lm -lrt -lnsl  >&5
conftest.c:79:6: warning: conflicting types for built-in function 'snprintf'; expected 'int(char *, long unsigned int,  const char *, ...)' [-Wbuiltin-declaration-mismatch]
   79 | char snprintf ();
      |      ^~~~~~~~
conftest.c:67:1: note: 'snprintf' is declared in header '<stdio.h>'
   66 | # include <limits.h>
   67 | #else
configure:5784: $? = 0
configure:5806: result: yes
configure:5721: checking for strerror
configure:5777: gcc -o conftest -g -O2 -Wall   conftest.c -lm -lrt -lnsl  >&5
configure:5784: $? = 0
configure:5806: result: yes
configure:5721: checking for lrand48
configure:5777: gcc -o conftest -g -O2 -Wall   conftest.c -lm -lrt -lnsl  >&5
configure:5784: $? = 0
configure:5806: result: yes
configure:5822: checking for gettimeofday
configure:5878: gcc -o conftest -g -O2 -Wall   conftest.c -lm -lrt -lnsl  >&5
configure:5885: $? = 0
configure:5907: result: yes
configure:5822: checking for time
configure:5878: gcc -o conftest -g -O2 -Wall   conftest.c -lm -lrt -lnsl  >&5
configure:5885: $? = 0
configure:5907: result: yes
configure:5920: checking for clock_gettime(CLOCK_MONOTONIC)
configure:5947: gcc -c -g -O2 -Wall  conftest.c >&5
configure:5954: $? = 0
configure:5971: result: yes
configure:5982: checking for library containing dladdr
configure:6023: gcc -o conftest -g -O2 -Wall   conftest.c -lm -lrt -lnsl  >&5
/usr/bin/ld: /tmp/cc5a6aqx.o: in function `main':
/home/gledisgjinaj/git/city/dissertation/prime-src-3.3/libspread-util/conftest.c:73: undefined reference to `dladdr'
collect2: error: ld returned 1 exit status
configure:6030: $? = 1
configure: failed program was:
| /* confdefs.h.  */
| #define PACKAGE_NAME "Spread_Util"
| #define PACKAGE_TARNAME "spread_util"
| #define PACKAGE_VERSION "4.2.0"
| #define PACKAGE_STRING "Spread_Util 4.2.0"
| #define PACKAGE_BUGREPORT ""
| #define STDC_HEADERS 1
| #define HAVE_SYS_TYPES_H 1
| #define HAVE_SYS_STAT_H 1
| #define HAVE_STDLIB_H 1
| #define HAVE_STRING_H 1
| #define HAVE_MEMORY_H 1
| #define HAVE_STRINGS_H 1
| #define HAVE_INTTYPES_H 1
| #define HAVE_STDINT_H 1
| #define HAVE_UNISTD_H 1
| #define HAVE_LIBPTHREAD 1
| #define HAVE_PTHREAD_ATFORK 1
| #define HAVE_LIBNSL 1
| #define HAVE_LIBM 1
| #define HAVE_STRFTIME 1
| #define HAVE_ARPA_INET_H 1
| #define HAVE_ASSERT_H 1
| #define HAVE_ERRNO_H 1
| #define HAVE_GRP_H 1
| #define HAVE_LIMITS_H 1
| #define HAVE_NETDB_H 1
| #define HAVE_NETINET_IN_H 1
| #define HAVE_NETINET_TCP_H 1
| #define HAVE_PTHREAD_H 1
| #define HAVE_PWD_H 1
| #define HAVE_SIGNAL_H 1
| #define HAVE_STDARG_H 1
| #define HAVE_STDINT_H 1
| #define HAVE_STDIO_H 1
| #define HAVE_STDLIB_H 1
| #define HAVE_STRING_H 1
| #define HAVE_SYS_IOCTL_H 1
| #define HAVE_SYS_PARAM_H 1
| #define HAVE_SYS_SOCKET_H 1
| #define HAVE_SYS_STAT_H 1
| #define HAVE_SYS_TIME_H 1
| #define HAVE_SYS_TIMEB_H 1
| #define HAVE_SYS_TYPES_H 1
| #define HAVE_SYS_UIO_H 1
| #define HAVE_SYS_UN_H 1
| #define HAVE_TIME_H 1
| #define HAVE_UNISTD_H 1
| #define HAVE_BCOPY 1
| #define HAVE_INET_ATON 1
| #define HAVE_INET_NTOA 1
| #define HAVE_INET_NTOP 1
| #define HAVE_MEMMOVE 1
| #define HAVE_SETSID 1
| #define HAVE_SNPRINTF 1
| #define HAVE_STRERROR 1
| #define HAVE_LRAND48 1
| #define HAVE_GETTIMEOFDAY 1
| #define HAVE_TIME 1
| #define HAVE_CLOCK_GETTIME_CLOCK_MONOTONIC 1
| /* end confdefs.h.  */
| 
| /* Override any GCC internal prototype to avoid an error.
|    Use char because int might match the return type of a GCC
|    builtin and then its argument prototype would still apply.  */
| #ifdef __cplusplus
| extern "C"
| #endif
| char dladdr ();
| int
| main ()
| {
| return dladdr ();
|   ;
|   return 0;
| }
configure:6023: gcc -o conftest -g -O2 -Wall   conftest.c -ldl  -lm -lrt -lnsl  >&5
configure:6030: $? = 0
configure:6061: result: -ldl
configure:6076: checking for dladdr
configure:6107: gcc -c -g -O2 -Wall  conftest.c >&5
conftest.c: In function 'main':
conftest.c:70:4: warning: argument 2 null where non-null expected [-Wnonnull]
   70 |    dladdr(0, info);
      |    ^~~~~~~~~~~~~~~
In file included from conftest.c:65:
/usr/include/dlfcn.h:98:12: note: in a call to function 'dladdr' declared here
   98 | extern int dladdr (const void *__address, Dl_info *__info)
      |            ^~~~~~
configure:6114: $? = 0
configure:6131: result: yes
configure:6144: checking whether snprintf correctly terminates long strings
configure:6170: gcc -o conftest -g -O2 -Wall   conftest.c -ldl -lm -lrt -lnsl  >&5
conftest.c: In function 'main':
conftest.c:65:45: warning: '123456789' directive output truncated writing 9 bytes into a region of size 5 [-Wformat-truncation=]
   65 | int main(void){char b[5];snprintf(b,5,"123456789");return(b[4]!='\0');}
      |                                        ~~~~~^~~~
In file included from /usr/include/stdio.h:867,
                 from conftest.c:64:
/usr/include/x86_64-linux-gnu/bits/stdio2.h:67:10: note: '__builtin_snprintf' output 10 bytes into a destination of size 5
   67 |   return __builtin___snprintf_chk (__s, __n, __USE_FORTIFY_LEVEL - 1,
      |          ^~~~~~~~~~~~~~~~~~~~~~~~~~~~~~~~~~~~~~~~~~~~~~~~~~~~~~~~~~~~
   68 |        __bos (__s), __fmt, __va_arg_pack ());
      |        ~~~~~~~~~~~~~~~~~~~~~~~~~~~~~~~~~~~~~
configure:6174: $? = 0
configure:6180: ./conftest
configure:6184: $? = 0
configure:6186: result: yes
configure:6224: checking size of char
configure:6527: gcc -o conftest -g -O2 -Wall   conftest.c -ldl -lm -lrt -lnsl  >&5
configure:6531: $? = 0
configure:6537: ./conftest
configure:6541: $? = 0
configure:6565: result: 1
configure:6579: checking size of short int
configure:6882: gcc -o conftest -g -O2 -Wall   conftest.c -ldl -lm -lrt -lnsl  >&5
configure:6886: $? = 0
configure:6892: ./conftest
configure:6896: $? = 0
configure:6920: result: 2
configure:6934: checking size of int
configure:7237: gcc -o conftest -g -O2 -Wall   conftest.c -ldl -lm -lrt -lnsl  >&5
configure:7241: $? = 0
configure:7247: ./conftest
configure:7251: $? = 0
configure:7275: result: 4
configure:7289: checking size of long int
configure:7592: gcc -o conftest -g -O2 -Wall   conftest.c -ldl -lm -lrt -lnsl  >&5
configure:7596: $? = 0
configure:7602: ./conftest
configure:7606: $? = 0
configure:7630: result: 8
configure:7644: checking size of long long int
configure:7947: gcc -o conftest -g -O2 -Wall   conftest.c -ldl -lm -lrt -lnsl  >&5
configure:7951: $? = 0
configure:7957: ./conftest
configure:7961: $? = 0
configure:7985: result: 8
configure:7997: checking for windows arch
configure:8024: gcc -c -g -O2 -Wall  conftest.c >&5
conftest.c:68:11: fatal error: process.h: No such file or directory
   68 |  #include <process.h>
      |           ^~~~~~~~~~~
compilation terminated.
configure:8031: $? = 1
configure: failed program was:
| /* confdefs.h.  */
| #define PACKAGE_NAME "Spread_Util"
| #define PACKAGE_TARNAME "spread_util"
| #define PACKAGE_VERSION "4.2.0"
| #define PACKAGE_STRING "Spread_Util 4.2.0"
| #define PACKAGE_BUGREPORT ""
| #define STDC_HEADERS 1
| #define HAVE_SYS_TYPES_H 1
| #define HAVE_SYS_STAT_H 1
| #define HAVE_STDLIB_H 1
| #define HAVE_STRING_H 1
| #define HAVE_MEMORY_H 1
| #define HAVE_STRINGS_H 1
| #define HAVE_INTTYPES_H 1
| #define HAVE_STDINT_H 1
| #define HAVE_UNISTD_H 1
| #define HAVE_LIBPTHREAD 1
| #define HAVE_PTHREAD_ATFORK 1
| #define HAVE_LIBNSL 1
| #define HAVE_LIBM 1
| #define HAVE_STRFTIME 1
| #define HAVE_ARPA_INET_H 1
| #define HAVE_ASSERT_H 1
| #define HAVE_ERRNO_H 1
| #define HAVE_GRP_H 1
| #define HAVE_LIMITS_H 1
| #define HAVE_NETDB_H 1
| #define HAVE_NETINET_IN_H 1
| #define HAVE_NETINET_TCP_H 1
| #define HAVE_PTHREAD_H 1
| #define HAVE_PWD_H 1
| #define HAVE_SIGNAL_H 1
| #define HAVE_STDARG_H 1
| #define HAVE_STDINT_H 1
| #define HAVE_STDIO_H 1
| #define HAVE_STDLIB_H 1
| #define HAVE_STRING_H 1
| #define HAVE_SYS_IOCTL_H 1
| #define HAVE_SYS_PARAM_H 1
| #define HAVE_SYS_SOCKET_H 1
| #define HAVE_SYS_STAT_H 1
| #define HAVE_SYS_TIME_H 1
| #define HAVE_SYS_TIMEB_H 1
| #define HAVE_SYS_TYPES_H 1
| #define HAVE_SYS_UIO_H 1
| #define HAVE_SYS_UN_H 1
| #define HAVE_TIME_H 1
| #define HAVE_UNISTD_H 1
| #define HAVE_BCOPY 1
| #define HAVE_INET_ATON 1
| #define HAVE_INET_NTOA 1
| #define HAVE_INET_NTOP 1
| #define HAVE_MEMMOVE 1
| #define HAVE_SETSID 1
| #define HAVE_SNPRINTF 1
| #define HAVE_STRERROR 1
| #define HAVE_LRAND48 1
| #define HAVE_GETTIMEOFDAY 1
| #define HAVE_TIME 1
| #define HAVE_CLOCK_GETTIME_CLOCK_MONOTONIC 1
| #define HAVE_DLADDR 1
| #define SIZEOF_CHAR 1
| #define SIZEOF_SHORT_INT 2
| #define SIZEOF_INT 4
| #define SIZEOF_LONG_INT 8
| #define SIZEOF_LONG_LONG_INT 8
| /* end confdefs.h.  */
|  #include <process.h>
| int
| main ()
| {
|  CRITICAL_SECTION mutex; InitializeCriticalSection(mutex);
|   ;
|   return 0;
| }
configure:8048: result: no
configure:8058: checking for struct timezone type
configure:8087: gcc -c -g -O2 -Wall  conftest.c >&5
conftest.c: In function 'main':
conftest.c:74:18: warning: unused variable 'opt' [-Wunused-variable]
   74 |  struct timezone opt;
      |                  ^~~
configure:8094: $? = 0
configure:8111: result: yes
configure:8121: checking for struct sockopt_len_t type
configure:8149: gcc -c -g -O2 -Wall  conftest.c >&5
conftest.c: In function 'main':
conftest.c:74:9: error: unknown type name 'sockopt_len_t'
   74 |  static sockopt_len_t opt; opt=0;
      |         ^~~~~~~~~~~~~
conftest.c:74:23: warning: variable 'opt' set but not used [-Wunused-but-set-variable]
   74 |  static sockopt_len_t opt; opt=0;
      |                       ^~~
configure:8156: $? = 1
configure: failed program was:
| /* confdefs.h.  */
| #define PACKAGE_NAME "Spread_Util"
| #define PACKAGE_TARNAME "spread_util"
| #define PACKAGE_VERSION "4.2.0"
| #define PACKAGE_STRING "Spread_Util 4.2.0"
| #define PACKAGE_BUGREPORT ""
| #define STDC_HEADERS 1
| #define HAVE_SYS_TYPES_H 1
| #define HAVE_SYS_STAT_H 1
| #define HAVE_STDLIB_H 1
| #define HAVE_STRING_H 1
| #define HAVE_MEMORY_H 1
| #define HAVE_STRINGS_H 1
| #define HAVE_INTTYPES_H 1
| #define HAVE_STDINT_H 1
| #define HAVE_UNISTD_H 1
| #define HAVE_LIBPTHREAD 1
| #define HAVE_PTHREAD_ATFORK 1
| #define HAVE_LIBNSL 1
| #define HAVE_LIBM 1
| #define HAVE_STRFTIME 1
| #define HAVE_ARPA_INET_H 1
| #define HAVE_ASSERT_H 1
| #define HAVE_ERRNO_H 1
| #define HAVE_GRP_H 1
| #define HAVE_LIMITS_H 1
| #define HAVE_NETDB_H 1
| #define HAVE_NETINET_IN_H 1
| #define HAVE_NETINET_TCP_H 1
| #define HAVE_PTHREAD_H 1
| #define HAVE_PWD_H 1
| #define HAVE_SIGNAL_H 1
| #define HAVE_STDARG_H 1
| #define HAVE_STDINT_H 1
| #define HAVE_STDIO_H 1
| #define HAVE_STDLIB_H 1
| #define HAVE_STRING_H 1
| #define HAVE_SYS_IOCTL_H 1
| #define HAVE_SYS_PARAM_H 1
| #define HAVE_SYS_SOCKET_H 1
| #define HAVE_SYS_STAT_H 1
| #define HAVE_SYS_TIME_H 1
| #define HAVE_SYS_TIMEB_H 1
| #define HAVE_SYS_TYPES_H 1
| #define HAVE_SYS_UIO_H 1
| #define HAVE_SYS_UN_H 1
| #define HAVE_TIME_H 1
| #define HAVE_UNISTD_H 1
| #define HAVE_BCOPY 1
| #define HAVE_INET_ATON 1
| #define HAVE_INET_NTOA 1
| #define HAVE_INET_NTOP 1
| #define HAVE_MEMMOVE 1
| #define HAVE_SETSID 1
| #define HAVE_SNPRINTF 1
| #define HAVE_STRERROR 1
| #define HAVE_LRAND48 1
| #define HAVE_GETTIMEOFDAY 1
| #define HAVE_TIME 1
| #define HAVE_CLOCK_GETTIME_CLOCK_MONOTONIC 1
| #define HAVE_DLADDR 1
| #define SIZEOF_CHAR 1
| #define SIZEOF_SHORT_INT 2
| #define SIZEOF_INT 4
| #define SIZEOF_LONG_INT 8
| #define SIZEOF_LONG_LONG_INT 8
| #define HAVE_STRUCT_TIMEZONE 1
| /* end confdefs.h.  */
|  #include <sys/types.h>
| 		  #include <sys/socket.h>
| int
| main ()
| {
|  static sockopt_len_t opt; opt=0;
|   ;
|   return 0;
| }
configure:8173: result: no
configure:8183: checking for struct msghdr type
configure:8211: gcc -c -g -O2 -Wall  conftest.c >&5
conftest.c: In function 'main':
conftest.c:74:25: warning: variable 'msg' set but not used [-Wunused-but-set-variable]
   74 |  static  struct  msghdr msg; msg.msg_namelen = 1;
      |                         ^~~
configure:8218: $? = 0
configure:8235: result: yes
configure:8245: checking for struct msghdr accrights
configure:8273: gcc -c -g -O2 -Wall  conftest.c >&5
conftest.c: In function 'main':
conftest.c:74:33: error: 'struct msghdr' has no member named 'msg_accrightslen'
   74 |  static  struct  msghdr msg; msg.msg_accrightslen = 0;
      |                                 ^
conftest.c:74:25: warning: variable 'msg' set but not used [-Wunused-but-set-variable]
   74 |  static  struct  msghdr msg; msg.msg_accrightslen = 0;
      |                         ^~~
configure:8280: $? = 1
configure: failed program was:
| /* confdefs.h.  */
| #define PACKAGE_NAME "Spread_Util"
| #define PACKAGE_TARNAME "spread_util"
| #define PACKAGE_VERSION "4.2.0"
| #define PACKAGE_STRING "Spread_Util 4.2.0"
| #define PACKAGE_BUGREPORT ""
| #define STDC_HEADERS 1
| #define HAVE_SYS_TYPES_H 1
| #define HAVE_SYS_STAT_H 1
| #define HAVE_STDLIB_H 1
| #define HAVE_STRING_H 1
| #define HAVE_MEMORY_H 1
| #define HAVE_STRINGS_H 1
| #define HAVE_INTTYPES_H 1
| #define HAVE_STDINT_H 1
| #define HAVE_UNISTD_H 1
| #define HAVE_LIBPTHREAD 1
| #define HAVE_PTHREAD_ATFORK 1
| #define HAVE_LIBNSL 1
| #define HAVE_LIBM 1
| #define HAVE_STRFTIME 1
| #define HAVE_ARPA_INET_H 1
| #define HAVE_ASSERT_H 1
| #define HAVE_ERRNO_H 1
| #define HAVE_GRP_H 1
| #define HAVE_LIMITS_H 1
| #define HAVE_NETDB_H 1
| #define HAVE_NETINET_IN_H 1
| #define HAVE_NETINET_TCP_H 1
| #define HAVE_PTHREAD_H 1
| #define HAVE_PWD_H 1
| #define HAVE_SIGNAL_H 1
| #define HAVE_STDARG_H 1
| #define HAVE_STDINT_H 1
| #define HAVE_STDIO_H 1
| #define HAVE_STDLIB_H 1
| #define HAVE_STRING_H 1
| #define HAVE_SYS_IOCTL_H 1
| #define HAVE_SYS_PARAM_H 1
| #define HAVE_SYS_SOCKET_H 1
| #define HAVE_SYS_STAT_H 1
| #define HAVE_SYS_TIME_H 1
| #define HAVE_SYS_TIMEB_H 1
| #define HAVE_SYS_TYPES_H 1
| #define HAVE_SYS_UIO_H 1
| #define HAVE_SYS_UN_H 1
| #define HAVE_TIME_H 1
| #define HAVE_UNISTD_H 1
| #define HAVE_BCOPY 1
| #define HAVE_INET_ATON 1
| #define HAVE_INET_NTOA 1
| #define HAVE_INET_NTOP 1
| #define HAVE_MEMMOVE 1
| #define HAVE_SETSID 1
| #define HAVE_SNPRINTF 1
| #define HAVE_STRERROR 1
| #define HAVE_LRAND48 1
| #define HAVE_GETTIMEOFDAY 1
| #define HAVE_TIME 1
| #define HAVE_CLOCK_GETTIME_CLOCK_MONOTONIC 1
| #define HAVE_DLADDR 1
| #define SIZEOF_CHAR 1
| #define SIZEOF_SHORT_INT 2
| #define SIZEOF_INT 4
| #define SIZEOF_LONG_INT 8
| #define SIZEOF_LONG_LONG_INT 8
| #define HAVE_STRUCT_TIMEZONE 1
| /* end confdefs.h.  */
|  #include <sys/types.h>
| 		  #include <sys/socket.h>
| int
| main ()
| {
|  static  struct  msghdr msg; msg.msg_accrightslen = 0;
|   ;
|   return 0;
| }
configure:8297: result: no
configure:8308: checking for struct msghdr control
configure:8336: gcc -c -g -O2 -Wall  conftest.c >&5
conftest.c: In function 'main':
conftest.c:74:25: warning: variable 'msg' set but not used [-Wunused-but-set-variable]
   74 |  static  struct  msghdr msg; msg.msg_controllen = 0;
      |                         ^~~
configure:8343: $? = 0
configure:8360: result: yes
configure:8378: checking for u_int type
configure:8405: gcc -c -g -O2 -Wall  conftest.c >&5
conftest.c: In function 'main':
conftest.c:74:8: warning: variable 'a' set but not used [-Wunused-but-set-variable]
   74 |  u_int a; a = 1;
      |        ^
configure:8412: $? = 0
configure:8429: result: yes
configure:8440: checking for intXX_t types
configure:8467: gcc -c -g -O2 -Wall  conftest.c >&5
conftest.c: In function 'main':
conftest.c:75:9: warning: variable 'a' set but not used [-Wunused-but-set-variable]
   75 |  int8_t a; int16_t b; int32_t c; a = b = c = 1;
      |         ^
configure:8474: $? = 0
configure:8491: result: yes
configure:8502: checking for int64_t type
configure:8529: gcc -c -g -O2 -Wall  conftest.c >&5
conftest.c: In function 'main':
conftest.c:76:10: warning: variable 'a' set but not used [-Wunused-but-set-variable]
   76 |  int64_t a; a = 1;
      |          ^
configure:8536: $? = 0
configure:8553: result: yes
configure:8564: checking for u_intXX_t types
configure:8591: gcc -c -g -O2 -Wall  conftest.c >&5
conftest.c: In function 'main':
conftest.c:77:11: warning: variable 'a' set but not used [-Wunused-but-set-variable]
   77 |  u_int8_t a; u_int16_t b; u_int32_t c; a = b = c = 1;
      |           ^
configure:8598: $? = 0
configure:8615: result: yes
configure:8626: checking for u_int64_t types
configure:8653: gcc -c -g -O2 -Wall  conftest.c >&5
conftest.c: In function 'main':
conftest.c:78:12: warning: variable 'a' set but not used [-Wunused-but-set-variable]
   78 |  u_int64_t a; a = 1;
      |            ^
configure:8660: $? = 0
configure:8677: result: yes
configure:8821: checking for socklen_t
configure:8851: gcc -c -g -O2 -Wall  conftest.c >&5
conftest.c: In function 'main':
conftest.c:82:11: warning: variable 'foo' set but not used [-Wunused-but-set-variable]
   82 | socklen_t foo; foo = 1235;
      |           ^~~
configure:8858: $? = 0
configure:8875: result: yes
configure:8885: checking for size_t
configure:8914: gcc -c -g -O2 -Wall  conftest.c >&5
conftest.c: In function 'main':
conftest.c:82:9: warning: variable 'foo' set but not used [-Wunused-but-set-variable]
   82 |  size_t foo; foo = 1235;
      |         ^~~
configure:8921: $? = 0
configure:8938: result: yes
configure:8948: checking for ssize_t
configure:8977: gcc -c -g -O2 -Wall  conftest.c >&5
conftest.c: In function 'main':
conftest.c:83:10: warning: variable 'foo' set but not used [-Wunused-but-set-variable]
   83 |  ssize_t foo; foo = 1235;
      |          ^~~
configure:8984: $? = 0
configure:9001: result: yes
configure:9011: checking for clock_t
configure:9040: gcc -c -g -O2 -Wall  conftest.c >&5
conftest.c: In function 'main':
conftest.c:84:10: warning: variable 'foo' set but not used [-Wunused-but-set-variable]
   84 |  clock_t foo; foo = 1235;
      |          ^~~
configure:9047: $? = 0
configure:9064: result: yes
configure:9074: checking for sa_family_t
configure:9104: gcc -c -g -O2 -Wall  conftest.c >&5
conftest.c: In function 'main':
conftest.c:86:14: warning: variable 'foo' set but not used [-Wunused-but-set-variable]
   86 |  sa_family_t foo; foo = 1235;
      |              ^~~
configure:9111: $? = 0
configure:9174: result: yes
configure:9185: checking for struct sockaddr_storage
configure:9215: gcc -c -g -O2 -Wall  conftest.c >&5
conftest.c: In function 'main':
conftest.c:87:26: warning: unused variable 's' [-Wunused-variable]
   87 |  struct sockaddr_storage s;
      |                          ^
configure:9222: $? = 0
configure:9239: result: yes
configure:9249: checking for struct sockaddr_in6
configure:9279: gcc -c -g -O2 -Wall  conftest.c >&5
conftest.c: In function 'main':
conftest.c:88:22: warning: variable 's' set but not used [-Wunused-but-set-variable]
   88 |  struct sockaddr_in6 s; s.sin6_family = 0;
      |                      ^
configure:9286: $? = 0
configure:9303: result: yes
configure:9313: checking for struct in6_addr
configure:9343: gcc -c -g -O2 -Wall  conftest.c >&5
conftest.c: In function 'main':
conftest.c:89:18: warning: variable 's' set but not used [-Wunused-but-set-variable]
   89 |  struct in6_addr s; s.s6_addr[0] = 0;
      |                  ^
configure:9350: $? = 0
configure:9367: result: yes
configure:9377: checking for struct addrinfo
configure:9408: gcc -c -g -O2 -Wall  conftest.c >&5
conftest.c: In function 'main':
conftest.c:91:18: warning: variable 's' set but not used [-Wunused-but-set-variable]
   91 |  struct addrinfo s; s.ai_flags = AI_PASSIVE;
      |                  ^
configure:9415: $? = 0
configure:9432: result: yes
configure:9442: checking for struct timeval
configure:9469: gcc -c -g -O2 -Wall  conftest.c >&5
conftest.c: In function 'main':
conftest.c:88:17: warning: variable 'tv' set but not used [-Wunused-but-set-variable]
   88 |  struct timeval tv; tv.tv_sec = 1;
      |                 ^~
configure:9476: $? = 0
configure:9493: result: yes
configure:9504: checking for sun_len field in struct sockaddr_un
configure:9534: gcc -c -g -O2 -Wall  conftest.c >&5
conftest.c: In function 'main':
conftest.c:92:21: error: storage size of 's' isn't known
   92 |  struct sockaddr_un s; s.sun_len = 1;
      |                     ^
conftest.c:92:21: warning: unused variable 's' [-Wunused-variable]
configure:9541: $? = 1
configure: failed program was:
| /* confdefs.h.  */
| #define PACKAGE_NAME "Spread_Util"
| #define PACKAGE_TARNAME "spread_util"
| #define PACKAGE_VERSION "4.2.0"
| #define PACKAGE_STRING "Spread_Util 4.2.0"
| #define PACKAGE_BUGREPORT ""
| #define STDC_HEADERS 1
| #define HAVE_SYS_TYPES_H 1
| #define HAVE_SYS_STAT_H 1
| #define HAVE_STDLIB_H 1
| #define HAVE_STRING_H 1
| #define HAVE_MEMORY_H 1
| #define HAVE_STRINGS_H 1
| #define HAVE_INTTYPES_H 1
| #define HAVE_STDINT_H 1
| #define HAVE_UNISTD_H 1
| #define HAVE_LIBPTHREAD 1
| #define HAVE_PTHREAD_ATFORK 1
| #define HAVE_LIBNSL 1
| #define HAVE_LIBM 1
| #define HAVE_STRFTIME 1
| #define HAVE_ARPA_INET_H 1
| #define HAVE_ASSERT_H 1
| #define HAVE_ERRNO_H 1
| #define HAVE_GRP_H 1
| #define HAVE_LIMITS_H 1
| #define HAVE_NETDB_H 1
| #define HAVE_NETINET_IN_H 1
| #define HAVE_NETINET_TCP_H 1
| #define HAVE_PTHREAD_H 1
| #define HAVE_PWD_H 1
| #define HAVE_SIGNAL_H 1
| #define HAVE_STDARG_H 1
| #define HAVE_STDINT_H 1
| #define HAVE_STDIO_H 1
| #define HAVE_STDLIB_H 1
| #define HAVE_STRING_H 1
| #define HAVE_SYS_IOCTL_H 1
| #define HAVE_SYS_PARAM_H 1
| #define HAVE_SYS_SOCKET_H 1
| #define HAVE_SYS_STAT_H 1
| #define HAVE_SYS_TIME_H 1
| #define HAVE_SYS_TIMEB_H 1
| #define HAVE_SYS_TYPES_H 1
| #define HAVE_SYS_UIO_H 1
| #define HAVE_SYS_UN_H 1
| #define HAVE_TIME_H 1
| #define HAVE_UNISTD_H 1
| #define HAVE_BCOPY 1
| #define HAVE_INET_ATON 1
| #define HAVE_INET_NTOA 1
| #define HAVE_INET_NTOP 1
| #define HAVE_MEMMOVE 1
| #define HAVE_SETSID 1
| #define HAVE_SNPRINTF 1
| #define HAVE_STRERROR 1
| #define HAVE_LRAND48 1
| #define HAVE_GETTIMEOFDAY 1
| #define HAVE_TIME 1
| #define HAVE_CLOCK_GETTIME_CLOCK_MONOTONIC 1
| #define HAVE_DLADDR 1
| #define SIZEOF_CHAR 1
| #define SIZEOF_SHORT_INT 2
| #define SIZEOF_INT 4
| #define SIZEOF_LONG_INT 8
| #define SIZEOF_LONG_LONG_INT 8
| #define HAVE_STRUCT_TIMEZONE 1
| #define ARCH_SCATTER_CONTROL 1
| #define HAVE_U_INT 1
| #define HAVE_INTXX_T 1
| #define HAVE_INT64_T 1
| #define HAVE_U_INTXX_T 1
| #define HAVE_U_INT64_T 1
| #define HAVE_SOCKLEN_T 1
| #define HAVE_SIZE_T 1
| #define HAVE_SSIZE_T 1
| #define HAVE_CLOCK_T 1
| #define HAVE_SA_FAMILY_T 1
| #define HAVE_STRUCT_SOCKADDR_STORAGE 1
| #define HAVE_STRUCT_SOCKADDR_IN6 1
| #define HAVE_STRUCT_IN6_ADDR 1
| #define HAVE_STRUCT_ADDRINFO 1
| #define HAVE_STRUCT_TIMEVAL 1
| /* end confdefs.h.  */
| 
| #include <sys/types.h>
| #include <sys/socket.h>
| 
| int
| main ()
| {
|  struct sockaddr_un s; s.sun_len = 1;
|   ;
|   return 0;
| }
configure:9557: result: no
configure:9567: checking for sin_len field in sockaddr_in
configure:9598: gcc -c -g -O2 -Wall  conftest.c >&5
conftest.c: In function 'main':
conftest.c:93:25: error: 'struct sockaddr_in' has no member named 'sin_len'
   93 |  struct sockaddr_in s; s.sin_len = sizeof(s);
      |                         ^
configure:9605: $? = 1
configure: failed program was:
| /* confdefs.h.  */
| #define PACKAGE_NAME "Spread_Util"
| #define PACKAGE_TARNAME "spread_util"
| #define PACKAGE_VERSION "4.2.0"
| #define PACKAGE_STRING "Spread_Util 4.2.0"
| #define PACKAGE_BUGREPORT ""
| #define STDC_HEADERS 1
| #define HAVE_SYS_TYPES_H 1
| #define HAVE_SYS_STAT_H 1
| #define HAVE_STDLIB_H 1
| #define HAVE_STRING_H 1
| #define HAVE_MEMORY_H 1
| #define HAVE_STRINGS_H 1
| #define HAVE_INTTYPES_H 1
| #define HAVE_STDINT_H 1
| #define HAVE_UNISTD_H 1
| #define HAVE_LIBPTHREAD 1
| #define HAVE_PTHREAD_ATFORK 1
| #define HAVE_LIBNSL 1
| #define HAVE_LIBM 1
| #define HAVE_STRFTIME 1
| #define HAVE_ARPA_INET_H 1
| #define HAVE_ASSERT_H 1
| #define HAVE_ERRNO_H 1
| #define HAVE_GRP_H 1
| #define HAVE_LIMITS_H 1
| #define HAVE_NETDB_H 1
| #define HAVE_NETINET_IN_H 1
| #define HAVE_NETINET_TCP_H 1
| #define HAVE_PTHREAD_H 1
| #define HAVE_PWD_H 1
| #define HAVE_SIGNAL_H 1
| #define HAVE_STDARG_H 1
| #define HAVE_STDINT_H 1
| #define HAVE_STDIO_H 1
| #define HAVE_STDLIB_H 1
| #define HAVE_STRING_H 1
| #define HAVE_SYS_IOCTL_H 1
| #define HAVE_SYS_PARAM_H 1
| #define HAVE_SYS_SOCKET_H 1
| #define HAVE_SYS_STAT_H 1
| #define HAVE_SYS_TIME_H 1
| #define HAVE_SYS_TIMEB_H 1
| #define HAVE_SYS_TYPES_H 1
| #define HAVE_SYS_UIO_H 1
| #define HAVE_SYS_UN_H 1
| #define HAVE_TIME_H 1
| #define HAVE_UNISTD_H 1
| #define HAVE_BCOPY 1
| #define HAVE_INET_ATON 1
| #define HAVE_INET_NTOA 1
| #define HAVE_INET_NTOP 1
| #define HAVE_MEMMOVE 1
| #define HAVE_SETSID 1
| #define HAVE_SNPRINTF 1
| #define HAVE_STRERROR 1
| #define HAVE_LRAND48 1
| #define HAVE_GETTIMEOFDAY 1
| #define HAVE_TIME 1
| #define HAVE_CLOCK_GETTIME_CLOCK_MONOTONIC 1
| #define HAVE_DLADDR 1
| #define SIZEOF_CHAR 1
| #define SIZEOF_SHORT_INT 2
| #define SIZEOF_INT 4
| #define SIZEOF_LONG_INT 8
| #define SIZEOF_LONG_LONG_INT 8
| #define HAVE_STRUCT_TIMEZONE 1
| #define ARCH_SCATTER_CONTROL 1
| #define HAVE_U_INT 1
| #define HAVE_INTXX_T 1
| #define HAVE_INT64_T 1
| #define HAVE_U_INTXX_T 1
| #define HAVE_U_INT64_T 1
| #define HAVE_SOCKLEN_T 1
| #define HAVE_SIZE_T 1
| #define HAVE_SSIZE_T 1
| #define HAVE_CLOCK_T 1
| #define HAVE_SA_FAMILY_T 1
| #define HAVE_STRUCT_SOCKADDR_STORAGE 1
| #define HAVE_STRUCT_SOCKADDR_IN6 1
| #define HAVE_STRUCT_IN6_ADDR 1
| #define HAVE_STRUCT_ADDRINFO 1
| #define HAVE_STRUCT_TIMEVAL 1
| /* end confdefs.h.  */
| 
| #include <sys/types.h>
| #include <sys/socket.h>
| #include <netinet/in.h>
| 
| int
| main ()
| {
|  struct sockaddr_in s; s.sin_len = sizeof(s);
|   ;
|   return 0;
| }
configure:9621: result: no
configure:9631: checking for ss_family field in struct sockaddr_storage
configure:9661: gcc -c -g -O2 -Wall  conftest.c >&5
conftest.c: In function 'main':
conftest.c:92:26: warning: variable 's' set but not used [-Wunused-but-set-variable]
   92 |  struct sockaddr_storage s; s.ss_family = 1;
      |                          ^
configure:9668: $? = 0
configure:9684: result: yes
configure:9694: checking for __ss_family field in struct sockaddr_storage
configure:9724: gcc -c -g -O2 -Wall  conftest.c >&5
conftest.c: In function 'main':
conftest.c:93:31: error: 'struct sockaddr_storage' has no member named '__ss_family'; did you mean 'ss_family'?
   93 |  struct sockaddr_storage s; s.__ss_family = 1;
      |                               ^~~~~~~~~~~
      |                               ss_family
conftest.c:93:26: warning: variable 's' set but not used [-Wunused-but-set-variable]
   93 |  struct sockaddr_storage s; s.__ss_family = 1;
      |                          ^
configure:9731: $? = 1
configure: failed program was:
| /* confdefs.h.  */
| #define PACKAGE_NAME "Spread_Util"
| #define PACKAGE_TARNAME "spread_util"
| #define PACKAGE_VERSION "4.2.0"
| #define PACKAGE_STRING "Spread_Util 4.2.0"
| #define PACKAGE_BUGREPORT ""
| #define STDC_HEADERS 1
| #define HAVE_SYS_TYPES_H 1
| #define HAVE_SYS_STAT_H 1
| #define HAVE_STDLIB_H 1
| #define HAVE_STRING_H 1
| #define HAVE_MEMORY_H 1
| #define HAVE_STRINGS_H 1
| #define HAVE_INTTYPES_H 1
| #define HAVE_STDINT_H 1
| #define HAVE_UNISTD_H 1
| #define HAVE_LIBPTHREAD 1
| #define HAVE_PTHREAD_ATFORK 1
| #define HAVE_LIBNSL 1
| #define HAVE_LIBM 1
| #define HAVE_STRFTIME 1
| #define HAVE_ARPA_INET_H 1
| #define HAVE_ASSERT_H 1
| #define HAVE_ERRNO_H 1
| #define HAVE_GRP_H 1
| #define HAVE_LIMITS_H 1
| #define HAVE_NETDB_H 1
| #define HAVE_NETINET_IN_H 1
| #define HAVE_NETINET_TCP_H 1
| #define HAVE_PTHREAD_H 1
| #define HAVE_PWD_H 1
| #define HAVE_SIGNAL_H 1
| #define HAVE_STDARG_H 1
| #define HAVE_STDINT_H 1
| #define HAVE_STDIO_H 1
| #define HAVE_STDLIB_H 1
| #define HAVE_STRING_H 1
| #define HAVE_SYS_IOCTL_H 1
| #define HAVE_SYS_PARAM_H 1
| #define HAVE_SYS_SOCKET_H 1
| #define HAVE_SYS_STAT_H 1
| #define HAVE_SYS_TIME_H 1
| #define HAVE_SYS_TIMEB_H 1
| #define HAVE_SYS_TYPES_H 1
| #define HAVE_SYS_UIO_H 1
| #define HAVE_SYS_UN_H 1
| #define HAVE_TIME_H 1
| #define HAVE_UNISTD_H 1
| #define HAVE_BCOPY 1
| #define HAVE_INET_ATON 1
| #define HAVE_INET_NTOA 1
| #define HAVE_INET_NTOP 1
| #define HAVE_MEMMOVE 1
| #define HAVE_SETSID 1
| #define HAVE_SNPRINTF 1
| #define HAVE_STRERROR 1
| #define HAVE_LRAND48 1
| #define HAVE_GETTIMEOFDAY 1
| #define HAVE_TIME 1
| #define HAVE_CLOCK_GETTIME_CLOCK_MONOTONIC 1
| #define HAVE_DLADDR 1
| #define SIZEOF_CHAR 1
| #define SIZEOF_SHORT_INT 2
| #define SIZEOF_INT 4
| #define SIZEOF_LONG_INT 8
| #define SIZEOF_LONG_LONG_INT 8
| #define HAVE_STRUCT_TIMEZONE 1
| #define ARCH_SCATTER_CONTROL 1
| #define HAVE_U_INT 1
| #define HAVE_INTXX_T 1
| #define HAVE_INT64_T 1
| #define HAVE_U_INTXX_T 1
| #define HAVE_U_INT64_T 1
| #define HAVE_SOCKLEN_T 1
| #define HAVE_SIZE_T 1
| #define HAVE_SSIZE_T 1
| #define HAVE_CLOCK_T 1
| #define HAVE_SA_FAMILY_T 1
| #define HAVE_STRUCT_SOCKADDR_STORAGE 1
| #define HAVE_STRUCT_SOCKADDR_IN6 1
| #define HAVE_STRUCT_IN6_ADDR 1
| #define HAVE_STRUCT_ADDRINFO 1
| #define HAVE_STRUCT_TIMEVAL 1
| #define HAVE_SS_FAMILY_IN_SS 1
| /* end confdefs.h.  */
| 
| #include <sys/types.h>
| #include <sys/socket.h>
| 
| int
| main ()
| {
|  struct sockaddr_storage s; s.__ss_family = 1;
|   ;
|   return 0;
| }
configure:9748: result: no
configure:9758: checking for pid_t
configure:9787: gcc -c -g -O2 -Wall  conftest.c >&5
conftest.c: In function 'main':
conftest.c:92:8: warning: variable 'foo' set but not used [-Wunused-but-set-variable]
   92 |  pid_t foo; foo = 1235;
      |        ^~~
configure:9794: $? = 0
configure:9811: result: yes
configure:9821: checking if libc defines __progname
configure:9848: gcc -o conftest -g -O2 -Wall   conftest.c -ldl -lm -lrt -lnsl  >&5
conftest.c: In function 'main':
conftest.c:91:27: warning: implicit declaration of function 'printf' [-Wimplicit-function-declaration]
   91 |  extern char *__progname; printf("%s", __progname);
      |                           ^~~~~~
conftest.c:91:27: warning: incompatible implicit declaration of built-in function 'printf'
conftest.c:1:1: note: include '<stdio.h>' or provide a declaration of 'printf'
    1 | /* confdefs.h.  */
configure:9855: $? = 0
configure:9877: result: yes
configure:9888: checking if libc defines sys_errlist
configure:9915: gcc -o conftest -g -O2 -Wall   conftest.c -ldl -lm -lrt -lnsl  >&5
conftest.c: In function 'main':
conftest.c:92:42: warning: implicit declaration of function 'printf' [-Wimplicit-function-declaration]
   92 |  extern const char *const sys_errlist[]; printf("%s", sys_errlist[0]);
      |                                          ^~~~~~
conftest.c:92:42: warning: incompatible implicit declaration of built-in function 'printf'
conftest.c:1:1: note: include '<stdio.h>' or provide a declaration of 'printf'
    1 | /* confdefs.h.  */
/usr/bin/ld: /tmp/cc0oumIR.o: in function `main':
/home/gledisgjinaj/git/city/dissertation/prime-src-3.3/libspread-util/conftest.c:92: warning: `sys_errlist' is deprecated; use `strerror' or `strerror_r' instead
configure:9922: $? = 0
configure:9944: result: yes
configure:9955: checking if libc defines sys_nerr
configure:9982: gcc -o conftest -g -O2 -Wall   conftest.c -ldl -lm -lrt -lnsl  >&5
conftest.c: In function 'main':
conftest.c:93:23: warning: implicit declaration of function 'printf' [-Wimplicit-function-declaration]
   93 |  extern int sys_nerr; printf("%i", sys_nerr);
      |                       ^~~~~~
conftest.c:93:23: warning: incompatible implicit declaration of built-in function 'printf'
conftest.c:1:1: note: include '<stdio.h>' or provide a declaration of 'printf'
    1 | /* confdefs.h.  */
/usr/bin/ld: /tmp/ccLYggNg.o: in function `main':
/home/gledisgjinaj/git/city/dissertation/prime-src-3.3/libspread-util/conftest.c:93: warning: `sys_nerr' is deprecated; use `strerror' or `strerror_r' instead
configure:9989: $? = 0
configure:10011: result: yes
configure:10046: checking for nroff
configure:10065: found /usr/bin/nroff
configure:10077: result: /usr/bin/nroff
configure:10318: creating ./config.status

## ---------------------- ##
## Running config.status. ##
## ---------------------- ##

This file was extended by Spread_Util config.status 4.2.0, which was
generated by GNU Autoconf 2.62.  Invocation command line was

  CONFIG_FILES    = 
  CONFIG_HEADERS  = 
  CONFIG_LINKS    = 
  CONFIG_COMMANDS = 
  $ ./config.status 

on gledisgjinaj-Inspiron-7580

config.status:825: creating Makefile
config.status:825: creating src/Makefile
config.status:825: creating docs/Makefile
config.status:825: creating include/Makefile
config.status:825: creating src/config.h

## ---------------- ##
## Cache variables. ##
## ---------------- ##

ac_cv_arch_win=no
ac_cv_build=x86_64-unknown-linux-gnu
ac_cv_c_bigendian=no
ac_cv_c_compiler_gnu=yes
ac_cv_c_inline=inline
ac_cv_clock_gettime_monotonic=yes
ac_cv_env_CC_set=
ac_cv_env_CC_value=
ac_cv_env_CFLAGS_set=
ac_cv_env_CFLAGS_value=
ac_cv_env_CPPFLAGS_set=
ac_cv_env_CPPFLAGS_value=
ac_cv_env_CPP_set=
ac_cv_env_CPP_value=
ac_cv_env_LDFLAGS_set=
ac_cv_env_LDFLAGS_value=
ac_cv_env_LIBS_set=
ac_cv_env_LIBS_value=
ac_cv_env_build_alias_set=
ac_cv_env_build_alias_value=
ac_cv_env_host_alias_set=
ac_cv_env_host_alias_value=
ac_cv_env_target_alias_set=
ac_cv_env_target_alias_value=
ac_cv_func_bcopy=yes
ac_cv_func_gettimeofday=yes
ac_cv_func_inet_aton=yes
ac_cv_func_inet_ntoa=yes
ac_cv_func_inet_ntop=yes
ac_cv_func_lrand48=yes
ac_cv_func_memmove=yes
ac_cv_func_pthread_atfork=yes
ac_cv_func_setsid=yes
ac_cv_func_snprintf=yes
ac_cv_func_strerror=yes
ac_cv_func_strftime=yes
ac_cv_func_time=yes
ac_cv_have___ss_family_in_struct_ss=no
ac_cv_have_clock_t=yes
ac_cv_have_dladdr=yes
ac_cv_have_int64_t=yes
ac_cv_have_intxx_t=yes
ac_cv_have_pid_t=yes
ac_cv_have_sa_family_t=yes
ac_cv_have_sin_len_in_struct_sockaddr_in=no
ac_cv_have_size_t=yes
ac_cv_have_socklen_t=yes
ac_cv_have_sockopt_len_t=no
ac_cv_have_ss_family_in_struct_ss=yes
ac_cv_have_ssize_t=yes
ac_cv_have_struct_addrinfo=yes
ac_cv_have_struct_in6_addr=yes
ac_cv_have_struct_msghdr=yes
ac_cv_have_struct_msghdr_acc=no
ac_cv_have_struct_msghdr_ctl=yes
ac_cv_have_struct_sockaddr_in6=yes
ac_cv_have_struct_sockaddr_storage=yes
ac_cv_have_struct_timeval=yes
ac_cv_have_struct_timezone=yes
ac_cv_have_sun_len_in_struct_sockaddr_un=no
ac_cv_have_u_int64_t=yes
ac_cv_have_u_int=yes
ac_cv_have_u_intxx_t=yes
ac_cv_header_arpa_inet_h=yes
ac_cv_header_assert_h=yes
ac_cv_header_errno_h=yes
ac_cv_header_grp_h=yes
ac_cv_header_inttypes_h=yes
ac_cv_header_limits_h=yes
ac_cv_header_memory_h=yes
ac_cv_header_netdb_h=yes
ac_cv_header_netinet_in_h=yes
ac_cv_header_netinet_tcp_h=yes
ac_cv_header_process_h=no
ac_cv_header_pthread_h=yes
ac_cv_header_pwd_h=yes
ac_cv_header_signal_h=yes
ac_cv_header_stdarg_h=yes
ac_cv_header_stdc=yes
ac_cv_header_stdint_h=yes
ac_cv_header_stdio_h=yes
ac_cv_header_stdlib_h=yes
ac_cv_header_string_h=yes
ac_cv_header_strings_h=yes
ac_cv_header_sys_filio_h=no
ac_cv_header_sys_inttypes_h=no
ac_cv_header_sys_ioctl_h=yes
ac_cv_header_sys_param_h=yes
ac_cv_header_sys_socket_h=yes
ac_cv_header_sys_stat_h=yes
ac_cv_header_sys_time_h=yes
ac_cv_header_sys_timeb_h=yes
ac_cv_header_sys_types_h=yes
ac_cv_header_sys_uio_h=yes
ac_cv_header_sys_un_h=yes
ac_cv_header_time_h=yes
ac_cv_header_unistd_h=yes
ac_cv_header_windows_h=no
ac_cv_header_winsock_h=no
ac_cv_host=x86_64-unknown-linux-gnu
ac_cv_ldflag_pthread=yes
ac_cv_lib_m_sqrt=yes
ac_cv_lib_nsl_gethostbyaddr=yes
ac_cv_lib_posix4_sem_wait=no
ac_cv_lib_pthread_pthread_create=yes
ac_cv_lib_socket_socket=no
ac_cv_lib_thread_thr_create=no
ac_cv_libc_defines___progname=yes
ac_cv_libc_defines_sys_errlist=yes
ac_cv_libc_defines_sys_nerr=yes
ac_cv_objext=o
ac_cv_path_AR=/usr/bin/ar
ac_cv_path_EGREP='/usr/bin/grep -E'
ac_cv_path_GREP=/usr/bin/grep
ac_cv_path_NROFF=/usr/bin/nroff
ac_cv_path_PERL=/usr/bin/perl
ac_cv_path_install='/usr/bin/install -c'
ac_cv_prog_CPP='gcc -E'
ac_cv_prog_ac_ct_CC=gcc
ac_cv_prog_ac_ct_RANLIB=ranlib
ac_cv_prog_cc_c89=
ac_cv_prog_cc_g=yes
ac_cv_search_dladdr=-ldl
ac_cv_search_nanosleep='none required'
ac_cv_search_shm_open=-lrt
ac_cv_sizeof_char=1
ac_cv_sizeof_int=4
ac_cv_sizeof_long_int=8
ac_cv_sizeof_long_long_int=8
ac_cv_sizeof_short_int=2

## ----------------- ##
## Output variables. ##
## ----------------- ##

AR='/usr/bin/ar'
CC='gcc'
CFLAGS='-g -O2 -Wall'
CPP='gcc -E'
CPPFLAGS=''
DEFS='-DHAVE_CONFIG_H'
ECHO_C=''
ECHO_N='-n'
ECHO_T=''
EGREP='/usr/bin/grep -E'
EXEEXT=''
GREP='/usr/bin/grep'
INSTALL_DATA='${INSTALL} -m 644'
INSTALL_PROGRAM='${INSTALL}'
INSTALL_SCRIPT='${INSTALL}'
LD='gcc'
LDFLAGS=''
LIBOBJS=''
LIBS='-ldl -lm -lrt -lnsl '
LIBSPSO='libspread-util.so'
LN_S='ln -s'
LTLIBOBJS=''
MANTYPE='doc'
NROFF='/usr/bin/nroff'
OBJEXT='o'
PACKAGE_BUGREPORT=''
PACKAGE_NAME='Spread_Util'
PACKAGE_STRING='Spread_Util 4.2.0'
PACKAGE_TARNAME='spread_util'
PACKAGE_VERSION='4.2.0'
PATH_SEPARATOR=':'
PERL='/usr/bin/perl'
RANLIB='ranlib'
SHCC='gcc'
SHCFLAGS='-g -O2 -Wall -fPIC'
SHCPPFLAGS=''
SHELL='/bin/bash'
SHLD='gcc -shared'
SHLDCONVERTSTATIC='-Wl,-whole-archive'
SHLDCONVERTSTATICEND='-Wl,-no-whole-archive'
SHLDFLAGS=' '
SHLDNAME='-soname,'
SHLDOPTION='-Wl,'
SHLIBS='-ldl -lm -lrt -lnsl '
THLDFLAGS=''
THLIBS='-lpthread '
ac_ct_CC='gcc'
bindir='${exec_prefix}/bin'
build='x86_64-unknown-linux-gnu'
build_alias=''
build_cpu='x86_64'
build_os='linux-gnu'
build_vendor='unknown'
datadir='${datarootdir}'
datarootdir='${prefix}/share'
docdir='${datadir}/doc/libspread-util'
dvidir='${docdir}'
exec_prefix='${prefix}'
host='x86_64-unknown-linux-gnu'
host_alias=''
host_cpu='x86_64'
host_os='linux-gnu'
host_vendor='unknown'
htmldir='${docdir}'
includedir='${prefix}/include'
infodir='${datarootdir}/info'
libdir='${exec_prefix}/lib'
libexecdir='${exec_prefix}/libexec'
localedir='${datarootdir}/locale'
localstatedir='${prefix}/var'
mandir='${datarootdir}/man'
mansubdir='man'
oldincludedir='/usr/include'
pdfdir='${docdir}'
prefix='/usr/local'
program_transform_name='s,x,x,'
psdir='${docdir}'
sbindir='${exec_prefix}/sbin'
sharedstatedir='${prefix}/com'
sysconfdir='${prefix}/etc'
target_alias=''

## ----------- ##
## confdefs.h. ##
## ----------- ##

#define PACKAGE_NAME "Spread_Util"
#define PACKAGE_TARNAME "spread_util"
#define PACKAGE_VERSION "4.2.0"
#define PACKAGE_STRING "Spread_Util 4.2.0"
#define PACKAGE_BUGREPORT ""
#define STDC_HEADERS 1
#define HAVE_SYS_TYPES_H 1
#define HAVE_SYS_STAT_H 1
#define HAVE_STDLIB_H 1
#define HAVE_STRING_H 1
#define HAVE_MEMORY_H 1
#define HAVE_STRINGS_H 1
#define HAVE_INTTYPES_H 1
#define HAVE_STDINT_H 1
#define HAVE_UNISTD_H 1
#define HAVE_LIBPTHREAD 1
#define HAVE_PTHREAD_ATFORK 1
#define HAVE_LIBNSL 1
#define HAVE_LIBM 1
#define HAVE_STRFTIME 1
#define HAVE_ARPA_INET_H 1
#define HAVE_ASSERT_H 1
#define HAVE_ERRNO_H 1
#define HAVE_GRP_H 1
#define HAVE_LIMITS_H 1
#define HAVE_NETDB_H 1
#define HAVE_NETINET_IN_H 1
#define HAVE_NETINET_TCP_H 1
#define HAVE_PTHREAD_H 1
#define HAVE_PWD_H 1
#define HAVE_SIGNAL_H 1
#define HAVE_STDARG_H 1
#define HAVE_STDINT_H 1
#define HAVE_STDIO_H 1
#define HAVE_STDLIB_H 1
#define HAVE_STRING_H 1
#define HAVE_SYS_IOCTL_H 1
#define HAVE_SYS_PARAM_H 1
#define HAVE_SYS_SOCKET_H 1
#define HAVE_SYS_STAT_H 1
#define HAVE_SYS_TIME_H 1
#define HAVE_SYS_TIMEB_H 1
#define HAVE_SYS_TYPES_H 1
#define HAVE_SYS_UIO_H 1
#define HAVE_SYS_UN_H 1
#define HAVE_TIME_H 1
#define HAVE_UNISTD_H 1
#define HAVE_BCOPY 1
#define HAVE_INET_ATON 1
#define HAVE_INET_NTOA 1
#define HAVE_INET_NTOP 1
#define HAVE_MEMMOVE 1
#define HAVE_SETSID 1
#define HAVE_SNPRINTF 1
#define HAVE_STRERROR 1
#define HAVE_LRAND48 1
#define HAVE_GETTIMEOFDAY 1
#define HAVE_TIME 1
#define HAVE_CLOCK_GETTIME_CLOCK_MONOTONIC 1
#define HAVE_DLADDR 1
#define SIZEOF_CHAR 1
#define SIZEOF_SHORT_INT 2
#define SIZEOF_INT 4
#define SIZEOF_LONG_INT 8
#define SIZEOF_LONG_LONG_INT 8
#define HAVE_STRUCT_TIMEZONE 1
#define ARCH_SCATTER_CONTROL 1
#define HAVE_U_INT 1
#define HAVE_INTXX_T 1
#define HAVE_INT64_T 1
#define HAVE_U_INTXX_T 1
#define HAVE_U_INT64_T 1
#define HAVE_SOCKLEN_T 1
#define HAVE_SIZE_T 1
#define HAVE_SSIZE_T 1
#define HAVE_CLOCK_T 1
#define HAVE_SA_FAMILY_T 1
#define HAVE_STRUCT_SOCKADDR_STORAGE 1
#define HAVE_STRUCT_SOCKADDR_IN6 1
#define HAVE_STRUCT_IN6_ADDR 1
#define HAVE_STRUCT_ADDRINFO 1
#define HAVE_STRUCT_TIMEVAL 1
#define HAVE_SS_FAMILY_IN_SS 1
#define HAVE_PID_T 1
#define HAVE___PROGNAME 1
#define HAVE_SYS_ERRLIST 1
#define HAVE_SYS_NERR 1
#define USE_THREADED_ALARM 1

configure: exit 0
