This file contains any messages produced by compilers while
running configure, to aid debugging if configure makes a mistake.

It was created by configure, which was
generated by GNU Autoconf 2.61.  Invocation command line was

  $ ./configure --disable-option-checking --prefix=/usr/local --cache-file=/dev/null --srcdir=.

## --------- ##
## Platform. ##
## --------- ##

hostname = gledisgjinaj-Inspiron-7580
uname -m = x86_64
uname -r = 5.13.0-27-generic
uname -s = Linux
uname -v = #29~20.04.1-Ubuntu SMP Fri Jan 14 00:32:30 UTC 2022

/usr/bin/uname -p = x86_64
/bin/uname -X     = unknown

/bin/arch              = x86_64
/usr/bin/arch -k       = unknown
/usr/convex/getsysinfo = unknown
/usr/bin/hostinfo      = unknown
/bin/machine           = unknown
/usr/bin/oslevel       = unknown
/bin/universe          = unknown

PATH: /home/gledisgjinaj/git/my-docs/city-files/cloud-computing/google-cloud-sdk/bin
PATH: /home/gledisgjinaj/Documents/node/bin
PATH: /home/gledisgjinaj/.local/bin
PATH: /home/gledisgjinaj/bin
PATH: /usr/local/sbin
PATH: /usr/local/bin
PATH: /usr/sbin
PATH: /usr/bin
PATH: /sbin
PATH: /bin
PATH: /usr/games
PATH: /usr/local/games
PATH: /snap/bin
PATH: usr/share/maven/bin
PATH: usr/share/maven/bin
PATH: /opt/gradle-6.5/bin
PATH: /home/gledisgjinaj/.dotnet/tools
PATH: /usr/lib/jvm/java-8-openjdk-amd64/bin
PATH: /usr/share/maven/bin
PATH: /usr/share/maven/bin
PATH: /opt/gradle-6.5/bin
PATH: /opt/spark/bin
PATH: /opt/spark/sbin
PATH: /opt/pycharm/bin
PATH: /home/gledisgjinaj/bin


## ----------- ##
## Core tests. ##
## ----------- ##

configure:1785: checking for gcc
configure:1801: found /usr/bin/gcc
configure:1812: result: gcc
configure:2050: checking for C compiler version
configure:2057: gcc --version >&5
gcc (Ubuntu 9.4.0-1ubuntu1~20.04.1) 9.4.0
Copyright (C) 2019 Free Software Foundation, Inc.
This is free software; see the source for copying conditions.  There is NO
warranty; not even for MERCHANTABILITY or FITNESS FOR A PARTICULAR PURPOSE.

configure:2060: $? = 0
configure:2067: gcc -v >&5
Using built-in specs.
COLLECT_GCC=gcc
COLLECT_LTO_WRAPPER=/usr/lib/gcc/x86_64-linux-gnu/9/lto-wrapper
OFFLOAD_TARGET_NAMES=nvptx-none:hsa
OFFLOAD_TARGET_DEFAULT=1
Target: x86_64-linux-gnu
Configured with: ../src/configure -v --with-pkgversion='Ubuntu 9.4.0-1ubuntu1~20.04.1' --with-bugurl=file:///usr/share/doc/gcc-9/README.Bugs --enable-languages=c,ada,c++,go,brig,d,fortran,objc,obj-c++,gm2 --prefix=/usr --with-gcc-major-version-only --program-suffix=-9 --program-prefix=x86_64-linux-gnu- --enable-shared --enable-linker-build-id --libexecdir=/usr/lib --without-included-gettext --enable-threads=posix --libdir=/usr/lib --enable-nls --enable-clocale=gnu --enable-libstdcxx-debug --enable-libstdcxx-time=yes --with-default-libstdcxx-abi=new --enable-gnu-unique-object --disable-vtable-verify --enable-plugin --enable-default-pie --with-system-zlib --with-target-system-zlib=auto --enable-objc-gc=auto --enable-multiarch --disable-werror --with-arch-32=i686 --with-abi=m64 --with-multilib-list=m32,m64,mx32 --enable-multilib --with-tune=generic --enable-offload-targets=nvptx-none=/build/gcc-9-Av3uEd/gcc-9-9.4.0/debian/tmp-nvptx/usr,hsa --without-cuda-driver --enable-checking=release --build=x86_64-linux-gnu --host=x86_64-linux-gnu --target=x86_64-linux-gnu
Thread model: posix
gcc version 9.4.0 (Ubuntu 9.4.0-1ubuntu1~20.04.1) 
configure:2070: $? = 0
configure:2077: gcc -V >&5
gcc: error: unrecognized command line option '-V'
gcc: fatal error: no input files
compilation terminated.
configure:2080: $? = 1
configure:2103: checking for C compiler default output file name
configure:2130: gcc    conftest.c  >&5
configure:2133: $? = 0
configure:2171: result: a.out
configure:2188: checking whether the C compiler works
configure:2198: ./a.out
configure:2201: $? = 0
configure:2218: result: yes
configure:2225: checking whether we are cross compiling
configure:2227: result: no
configure:2230: checking for suffix of executables
configure:2237: gcc -o conftest    conftest.c  >&5
configure:2240: $? = 0
configure:2264: result: 
configure:2270: checking for suffix of object files
configure:2296: gcc -c   conftest.c >&5
configure:2299: $? = 0
configure:2322: result: o
configure:2326: checking whether we are using the GNU C compiler
configure:2355: gcc -c   conftest.c >&5
configure:2361: $? = 0
configure:2378: result: yes
configure:2383: checking whether gcc accepts -g
configure:2413: gcc -c -g  conftest.c >&5
configure:2419: $? = 0
configure:2518: result: yes
configure:2535: checking for gcc option to accept ISO C89
configure:2609: gcc  -c -g -O2  conftest.c >&5
configure:2615: $? = 0
configure:2638: result: none needed
configure:2658: checking for ar
configure:2676: found /usr/bin/ar
configure:2688: result: /usr/bin/ar
configure:2696: checking whether ln -s works
configure:2700: result: yes
configure:2720: checking for a BSD-compatible install
configure:2776: result: /usr/bin/install -c
configure:2809: checking if we need -pthread for threads
configure:2837: gcc -o conftest -Wall  -pthread  conftest.c  >&5
configure:2843: $? = 0
configure:2864: result: yes
configure:2878: checking for pthread_create in -lpthread
configure:2913: gcc -o conftest -Wall   conftest.c -lpthread   >&5
configure:2919: $? = 0
configure:2937: result: yes
configure:2949: checking for thr_create in -lthread
configure:2984: gcc -o conftest -Wall   conftest.c -lthread  -lpthread  >&5
/usr/bin/ld: cannot find -lthread
collect2: error: ld returned 1 exit status
configure:2990: $? = 1
configure: failed program was:
| /* confdefs.h.  */
| #define PACKAGE_NAME ""
| #define PACKAGE_TARNAME ""
| #define PACKAGE_VERSION ""
| #define PACKAGE_STRING ""
| #define PACKAGE_BUGREPORT ""
| #define HAVE_LIBPTHREAD 1
| /* end confdefs.h.  */
| 
| /* Override any GCC internal prototype to avoid an error.
|    Use char because int might match the return type of a GCC
|    builtin and then its argument prototype would still apply.  */
| #ifdef __cplusplus
| extern "C"
| #endif
| char thr_create ();
| int
| main ()
| {
| return thr_create ();
|   ;
|   return 0;
| }
configure:3008: result: no
configure:3020: checking for sem_wait in -lposix4
configure:3055: gcc -o conftest -Wall   conftest.c -lposix4  -lpthread  >&5
/usr/bin/ld: cannot find -lposix4
collect2: error: ld returned 1 exit status
configure:3061: $? = 1
configure: failed program was:
| /* confdefs.h.  */
| #define PACKAGE_NAME ""
| #define PACKAGE_TARNAME ""
| #define PACKAGE_VERSION ""
| #define PACKAGE_STRING ""
| #define PACKAGE_BUGREPORT ""
| #define HAVE_LIBPTHREAD 1
| /* end confdefs.h.  */
| 
| /* Override any GCC internal prototype to avoid an error.
|    Use char because int might match the return type of a GCC
|    builtin and then its argument prototype would still apply.  */
| #ifdef __cplusplus
| extern "C"
| #endif
| char sem_wait ();
| int
| main ()
| {
| return sem_wait ();
|   ;
|   return 0;
| }
configure:3079: result: no
configure:3102: checking build system type
configure:3120: result: x86_64-unknown-linux-gnu
configure:3142: checking host system type
configure:3157: result: x86_64-unknown-linux-gnu
configure:3229: checking how to run the C preprocessor
configure:3269: gcc -E  conftest.c
configure:3275: $? = 0
configure:3306: gcc -E  conftest.c
conftest.c:9:10: fatal error: ac_nonexistent.h: No such file or directory
    9 | #include <ac_nonexistent.h>
      |          ^~~~~~~~~~~~~~~~~~
compilation terminated.
configure:3312: $? = 1
configure: failed program was:
| /* confdefs.h.  */
| #define PACKAGE_NAME ""
| #define PACKAGE_TARNAME ""
| #define PACKAGE_VERSION ""
| #define PACKAGE_STRING ""
| #define PACKAGE_BUGREPORT ""
| #define HAVE_LIBPTHREAD 1
| /* end confdefs.h.  */
| #include <ac_nonexistent.h>
configure:3345: result: gcc -E
configure:3374: gcc -E  conftest.c
configure:3380: $? = 0
configure:3411: gcc -E  conftest.c
conftest.c:9:10: fatal error: ac_nonexistent.h: No such file or directory
    9 | #include <ac_nonexistent.h>
      |          ^~~~~~~~~~~~~~~~~~
compilation terminated.
configure:3417: $? = 1
configure: failed program was:
| /* confdefs.h.  */
| #define PACKAGE_NAME ""
| #define PACKAGE_TARNAME ""
| #define PACKAGE_VERSION ""
| #define PACKAGE_STRING ""
| #define PACKAGE_BUGREPORT ""
| #define HAVE_LIBPTHREAD 1
| /* end confdefs.h.  */
| #include <ac_nonexistent.h>
configure:3455: checking for grep that handles long lines and -e
configure:3529: result: /usr/bin/grep
configure:3534: checking for egrep
configure:3612: result: /usr/bin/grep -E
configure:3617: checking for ANSI C header files
configure:3647: gcc -c -Wall  conftest.c >&5
configure:3653: $? = 0
configure:3752: gcc -o conftest -Wall   conftest.c  >&5
configure:3755: $? = 0
configure:3761: ./conftest
configure:3764: $? = 0
configure:3781: result: yes
configure:3805: checking for sys/types.h
configure:3826: gcc -c -Wall  conftest.c >&5
configure:3832: $? = 0
configure:3848: result: yes
configure:3805: checking for sys/stat.h
configure:3826: gcc -c -Wall  conftest.c >&5
configure:3832: $? = 0
configure:3848: result: yes
configure:3805: checking for stdlib.h
configure:3826: gcc -c -Wall  conftest.c >&5
configure:3832: $? = 0
configure:3848: result: yes
configure:3805: checking for string.h
configure:3826: gcc -c -Wall  conftest.c >&5
configure:3832: $? = 0
configure:3848: result: yes
configure:3805: checking for memory.h
configure:3826: gcc -c -Wall  conftest.c >&5
configure:3832: $? = 0
configure:3848: result: yes
configure:3805: checking for strings.h
configure:3826: gcc -c -Wall  conftest.c >&5
configure:3832: $? = 0
configure:3848: result: yes
configure:3805: checking for inttypes.h
configure:3826: gcc -c -Wall  conftest.c >&5
configure:3832: $? = 0
configure:3848: result: yes
configure:3805: checking for stdint.h
configure:3826: gcc -c -Wall  conftest.c >&5
configure:3832: $? = 0
configure:3848: result: yes
configure:3805: checking for unistd.h
configure:3826: gcc -c -Wall  conftest.c >&5
configure:3832: $? = 0
configure:3848: result: yes
configure:3860: checking for char
configure:3890: gcc -c -Wall  conftest.c >&5
configure:3896: $? = 0
configure:3911: result: yes
configure:3918: checking size of char
configure:4220: gcc -o conftest -Wall   conftest.c  >&5
configure:4223: $? = 0
configure:4229: ./conftest
configure:4232: $? = 0
configure:4255: result: 1
configure:4265: checking for short
configure:4295: gcc -c -Wall  conftest.c >&5
configure:4301: $? = 0
configure:4316: result: yes
configure:4323: checking size of short
configure:4625: gcc -o conftest -Wall   conftest.c  >&5
configure:4628: $? = 0
configure:4634: ./conftest
configure:4637: $? = 0
configure:4660: result: 2
configure:4670: checking for int
configure:4700: gcc -c -Wall  conftest.c >&5
configure:4706: $? = 0
configure:4721: result: yes
configure:4728: checking size of int
configure:5030: gcc -o conftest -Wall   conftest.c  >&5
configure:5033: $? = 0
configure:5039: ./conftest
configure:5042: $? = 0
configure:5065: result: 4
configure:5075: checking for long
configure:5105: gcc -c -Wall  conftest.c >&5
configure:5111: $? = 0
configure:5126: result: yes
configure:5133: checking size of long
configure:5435: gcc -o conftest -Wall   conftest.c  >&5
configure:5438: $? = 0
configure:5444: ./conftest
configure:5447: $? = 0
configure:5470: result: 8
configure:5480: checking for long long
configure:5510: gcc -c -Wall  conftest.c >&5
configure:5516: $? = 0
configure:5531: result: yes
configure:5538: checking size of long long
configure:5840: gcc -o conftest -Wall   conftest.c  >&5
configure:5843: $? = 0
configure:5849: ./conftest
configure:5852: $? = 0
configure:5875: result: 8
configure:5885: checking for size_t
configure:5915: gcc -c -Wall  conftest.c >&5
configure:5921: $? = 0
configure:5936: result: yes
configure:5943: checking size of size_t
configure:6245: gcc -o conftest -Wall   conftest.c  >&5
configure:6248: $? = 0
configure:6254: ./conftest
configure:6257: $? = 0
configure:6280: result: 8
configure:6290: checking for void *
configure:6320: gcc -c -Wall  conftest.c >&5
configure:6326: $? = 0
configure:6341: result: yes
configure:6348: checking size of void *
configure:6650: gcc -o conftest -Wall   conftest.c  >&5
configure:6653: $? = 0
configure:6659: ./conftest
configure:6662: $? = 0
configure:6685: result: 8
configure:6696: checking checking all necessary integer types are available and appropriate
configure:6742: gcc -o conftest -Wall   conftest.c  >&5
configure:6745: $? = 0
configure:6751: ./conftest
configure:6754: $? = 0
configure:6756: result: yes
configure:6773: checking if NULL pointers are represented as all zeroes in memory
configure:6838: gcc -o conftest -Wall   conftest.c  >&5
configure:6841: $? = 0
configure:6847: ./conftest
configure:6850: $? = 0
configure:6855: result: yes
configure:6879: checking byte alignment requirements
configure:6964: gcc -o conftest -Wall   conftest.c  >&5
configure:6967: $? = 0
configure:6973: ./conftest
configure:6976: $? = 116
configure: program exited with status 116
configure: failed program was:
| /* confdefs.h.  */
| #define PACKAGE_NAME ""
| #define PACKAGE_TARNAME ""
| #define PACKAGE_VERSION ""
| #define PACKAGE_STRING ""
| #define PACKAGE_BUGREPORT ""
| #define HAVE_LIBPTHREAD 1
| #define STDC_HEADERS 1
| #define HAVE_SYS_TYPES_H 1
| #define HAVE_SYS_STAT_H 1
| #define HAVE_STDLIB_H 1
| #define HAVE_STRING_H 1
| #define HAVE_MEMORY_H 1
| #define HAVE_STRINGS_H 1
| #define HAVE_INTTYPES_H 1
| #define HAVE_STDINT_H 1
| #define HAVE_UNISTD_H 1
| #define SIZEOF_CHAR 1
| #define SIZEOF_SHORT 2
| #define SIZEOF_INT 4
| #define SIZEOF_LONG 8
| #define SIZEOF_LONG_LONG 8
| #define SIZEOF_SIZE_T 8
| #define SIZEOF_VOID_P 8
| #define STDARCH_NULL_IS_ZERO 1
| /* end confdefs.h.  */
| 
| #include <stdlib.h>
| #include <stddef.h>
| 
| struct {
|   char x;
|   long y;
| 
| } long_test;
| 
| struct {
|   char x;
| #if defined(_MSC_VER)
|   __int64 y;
| #elif (SIZEOF_LONG == 8)
|   long y;
| #elif (SIZEOF_LONG_LONG == 8)
|   long long y;
| #endif
| 
| } int64_test;
| 
| struct {
|   char        x;
|   long double y;
| 
| } long_double_test;
| 
| struct {
|   char   x;
|   void * y;
| 
| } voidp_test;
| 
| int main()
| {
|   ptrdiff_t max = (char*) &long_test.y - (char*) &long_test.x;
|   ptrdiff_t tmp;
| 
|   tmp = (char*) &int64_test.y - (char*) &int64_test.x;
| 
|   if (tmp > max) {
|     max = tmp;
|   }
| 
|   tmp = (char*) &voidp_test.y - (char*) &voidp_test.x;
| 
|   if (tmp > max) {
|     max = tmp;
|   }
| 
|   tmp = (char*) &long_double_test.y - (char*) &long_double_test.x;
| 
|   if (tmp > max) {
|     max = tmp;
|   }
| 
|   exit(100 + (int) max);
|   return 100 + (int) max;
| }
| 
configure:6995: result: 16
configure:6990: checking endianness of architecture
configure:7024: gcc -o conftest -Wall   conftest.c  >&5
configure:7027: $? = 0
configure:7033: ./conftest
configure:7036: $? = 101
configure: program exited with status 101
configure: failed program was:
| /* confdefs.h.  */
| #define PACKAGE_NAME ""
| #define PACKAGE_TARNAME ""
| #define PACKAGE_VERSION ""
| #define PACKAGE_STRING ""
| #define PACKAGE_BUGREPORT ""
| #define HAVE_LIBPTHREAD 1
| #define STDC_HEADERS 1
| #define HAVE_SYS_TYPES_H 1
| #define HAVE_SYS_STAT_H 1
| #define HAVE_STDLIB_H 1
| #define HAVE_STRING_H 1
| #define HAVE_MEMORY_H 1
| #define HAVE_STRINGS_H 1
| #define HAVE_INTTYPES_H 1
| #define HAVE_STDINT_H 1
| #define HAVE_UNISTD_H 1
| #define SIZEOF_CHAR 1
| #define SIZEOF_SHORT 2
| #define SIZEOF_INT 4
| #define SIZEOF_LONG 8
| #define SIZEOF_LONG_LONG 8
| #define SIZEOF_SIZE_T 8
| #define SIZEOF_VOID_P 8
| #define STDARCH_NULL_IS_ZERO 1
| #define STDARCH_MAX_BYTE_ALIGNMENT 16
| /* end confdefs.h.  */
| 
| #include <stdlib.h>
| 
| int main()
| {
|   short  x    = 0x1;
|   char * xptr = (char*) &x;
| 
|   exit(100 + (xptr[0] == 1));  /* return 101 if bytes are opposite of network order, else 100 */
|   return 100 + (xptr[0] == 1);
| }
| 
configure:7093: gcc -o conftest -Wall   conftest.c  >&5
configure:7096: $? = 0
configure:7102: ./conftest
configure:7105: $? = 103
configure: program exited with status 103
configure: failed program was:
| /* confdefs.h.  */
| #define PACKAGE_NAME ""
| #define PACKAGE_TARNAME ""
| #define PACKAGE_VERSION ""
| #define PACKAGE_STRING ""
| #define PACKAGE_BUGREPORT ""
| #define HAVE_LIBPTHREAD 1
| #define STDC_HEADERS 1
| #define HAVE_SYS_TYPES_H 1
| #define HAVE_SYS_STAT_H 1
| #define HAVE_STDLIB_H 1
| #define HAVE_STRING_H 1
| #define HAVE_MEMORY_H 1
| #define HAVE_STRINGS_H 1
| #define HAVE_INTTYPES_H 1
| #define HAVE_STDINT_H 1
| #define HAVE_UNISTD_H 1
| #define SIZEOF_CHAR 1
| #define SIZEOF_SHORT 2
| #define SIZEOF_INT 4
| #define SIZEOF_LONG 8
| #define SIZEOF_LONG_LONG 8
| #define SIZEOF_SIZE_T 8
| #define SIZEOF_VOID_P 8
| #define STDARCH_NULL_IS_ZERO 1
| #define STDARCH_MAX_BYTE_ALIGNMENT 16
| #define STDENDIAN16_SWAP 1
| /* end confdefs.h.  */
| 
| #include <stdlib.h>
| 
| int main()
| {
| #if (SIZEOF_INT == 4)
|   int x = 0x1;
| #elif (SIZEOF_LONG == 4)
|   long x = 0x1;
| #endif
|   char * xptr = (char*) &x;
|   int        i;
| 
|   x <<= 24;
| 
|   for (i = 0; i < sizeof(x) && xptr[i] == 0; ++i);
| 
|   exit(100 + i);
|   return 100 + i;
| }
| 
configure:7162: gcc -o conftest -Wall   conftest.c  >&5
configure:7165: $? = 0
configure:7171: ./conftest
configure:7174: $? = 102
configure: program exited with status 102
configure: failed program was:
| /* confdefs.h.  */
| #define PACKAGE_NAME ""
| #define PACKAGE_TARNAME ""
| #define PACKAGE_VERSION ""
| #define PACKAGE_STRING ""
| #define PACKAGE_BUGREPORT ""
| #define HAVE_LIBPTHREAD 1
| #define STDC_HEADERS 1
| #define HAVE_SYS_TYPES_H 1
| #define HAVE_SYS_STAT_H 1
| #define HAVE_STDLIB_H 1
| #define HAVE_STRING_H 1
| #define HAVE_MEMORY_H 1
| #define HAVE_STRINGS_H 1
| #define HAVE_INTTYPES_H 1
| #define HAVE_STDINT_H 1
| #define HAVE_UNISTD_H 1
| #define SIZEOF_CHAR 1
| #define SIZEOF_SHORT 2
| #define SIZEOF_INT 4
| #define SIZEOF_LONG 8
| #define SIZEOF_LONG_LONG 8
| #define SIZEOF_SIZE_T 8
| #define SIZEOF_VOID_P 8
| #define STDARCH_NULL_IS_ZERO 1
| #define STDARCH_MAX_BYTE_ALIGNMENT 16
| #define STDENDIAN16_SWAP 1
| #define STDENDIAN32_NET0_FROM_HOST 3
| #define STDENDIAN32_HOST3_FROM_NET 0
| /* end confdefs.h.  */
| 
| #include <stdlib.h>
| 
| int main()
| {
| #if (SIZEOF_INT == 4)
|   int x = 0x1;
| #elif (SIZEOF_LONG == 4)
|   long x = 0x1;
| #endif
|   char * xptr = (char*) &x;
|   int        i;
| 
|   x <<= 16;
| 
|   for (i = 0; i < sizeof(x) && xptr[i] == 0; ++i);
| 
|   exit(100 + i);
|   return 100 + i;
| }
| 
configure:7231: gcc -o conftest -Wall   conftest.c  >&5
configure:7234: $? = 0
configure:7240: ./conftest
configure:7243: $? = 101
configure: program exited with status 101
configure: failed program was:
| /* confdefs.h.  */
| #define PACKAGE_NAME ""
| #define PACKAGE_TARNAME ""
| #define PACKAGE_VERSION ""
| #define PACKAGE_STRING ""
| #define PACKAGE_BUGREPORT ""
| #define HAVE_LIBPTHREAD 1
| #define STDC_HEADERS 1
| #define HAVE_SYS_TYPES_H 1
| #define HAVE_SYS_STAT_H 1
| #define HAVE_STDLIB_H 1
| #define HAVE_STRING_H 1
| #define HAVE_MEMORY_H 1
| #define HAVE_STRINGS_H 1
| #define HAVE_INTTYPES_H 1
| #define HAVE_STDINT_H 1
| #define HAVE_UNISTD_H 1
| #define SIZEOF_CHAR 1
| #define SIZEOF_SHORT 2
| #define SIZEOF_INT 4
| #define SIZEOF_LONG 8
| #define SIZEOF_LONG_LONG 8
| #define SIZEOF_SIZE_T 8
| #define SIZEOF_VOID_P 8
| #define STDARCH_NULL_IS_ZERO 1
| #define STDARCH_MAX_BYTE_ALIGNMENT 16
| #define STDENDIAN16_SWAP 1
| #define STDENDIAN32_NET0_FROM_HOST 3
| #define STDENDIAN32_HOST3_FROM_NET 0
| #define STDENDIAN32_NET1_FROM_HOST 2
| #define STDENDIAN32_HOST2_FROM_NET 1
| /* end confdefs.h.  */
| 
| #include <stdlib.h>
| 
| int main()
| {
| #if (SIZEOF_INT == 4)
|   int x = 0x1;
| #elif (SIZEOF_LONG == 4)
|   long x = 0x1;
| #endif
|   char * xptr = (char*) &x;
|   int        i;
| 
|   x <<= 8;
| 
|   for (i = 0; i < sizeof(x) && xptr[i] == 0; ++i);
| 
|   exit(100 + i);
|   return 100 + i;
| }
| 
configure:7300: gcc -o conftest -Wall   conftest.c  >&5
configure:7303: $? = 0
configure:7309: ./conftest
configure:7312: $? = 100
configure: program exited with status 100
configure: failed program was:
| /* confdefs.h.  */
| #define PACKAGE_NAME ""
| #define PACKAGE_TARNAME ""
| #define PACKAGE_VERSION ""
| #define PACKAGE_STRING ""
| #define PACKAGE_BUGREPORT ""
| #define HAVE_LIBPTHREAD 1
| #define STDC_HEADERS 1
| #define HAVE_SYS_TYPES_H 1
| #define HAVE_SYS_STAT_H 1
| #define HAVE_STDLIB_H 1
| #define HAVE_STRING_H 1
| #define HAVE_MEMORY_H 1
| #define HAVE_STRINGS_H 1
| #define HAVE_INTTYPES_H 1
| #define HAVE_STDINT_H 1
| #define HAVE_UNISTD_H 1
| #define SIZEOF_CHAR 1
| #define SIZEOF_SHORT 2
| #define SIZEOF_INT 4
| #define SIZEOF_LONG 8
| #define SIZEOF_LONG_LONG 8
| #define SIZEOF_SIZE_T 8
| #define SIZEOF_VOID_P 8
| #define STDARCH_NULL_IS_ZERO 1
| #define STDARCH_MAX_BYTE_ALIGNMENT 16
| #define STDENDIAN16_SWAP 1
| #define STDENDIAN32_NET0_FROM_HOST 3
| #define STDENDIAN32_HOST3_FROM_NET 0
| #define STDENDIAN32_NET1_FROM_HOST 2
| #define STDENDIAN32_HOST2_FROM_NET 1
| #define STDENDIAN32_NET2_FROM_HOST 1
| #define STDENDIAN32_HOST1_FROM_NET 2
| /* end confdefs.h.  */
| 
| #include <stdlib.h>
| 
| int main()
| {
| #if (SIZEOF_INT == 4)
|   int x = 0x1;
| #elif (SIZEOF_LONG == 4)
|   long x = 0x1;
| #endif
|   char * xptr = (char*) &x;
|   int        i;
| 
|   x <<= 0;
| 
|   for (i = 0; i < sizeof(x) && xptr[i] == 0; ++i);
| 
|   exit(100 + i);
|   return 100 + i;
| }
| 
configure:7371: gcc -o conftest -Wall   conftest.c  >&5
configure:7374: $? = 0
configure:7380: ./conftest
configure:7383: $? = 107
configure: program exited with status 107
configure: failed program was:
| /* confdefs.h.  */
| #define PACKAGE_NAME ""
| #define PACKAGE_TARNAME ""
| #define PACKAGE_VERSION ""
| #define PACKAGE_STRING ""
| #define PACKAGE_BUGREPORT ""
| #define HAVE_LIBPTHREAD 1
| #define STDC_HEADERS 1
| #define HAVE_SYS_TYPES_H 1
| #define HAVE_SYS_STAT_H 1
| #define HAVE_STDLIB_H 1
| #define HAVE_STRING_H 1
| #define HAVE_MEMORY_H 1
| #define HAVE_STRINGS_H 1
| #define HAVE_INTTYPES_H 1
| #define HAVE_STDINT_H 1
| #define HAVE_UNISTD_H 1
| #define SIZEOF_CHAR 1
| #define SIZEOF_SHORT 2
| #define SIZEOF_INT 4
| #define SIZEOF_LONG 8
| #define SIZEOF_LONG_LONG 8
| #define SIZEOF_SIZE_T 8
| #define SIZEOF_VOID_P 8
| #define STDARCH_NULL_IS_ZERO 1
| #define STDARCH_MAX_BYTE_ALIGNMENT 16
| #define STDENDIAN16_SWAP 1
| #define STDENDIAN32_NET0_FROM_HOST 3
| #define STDENDIAN32_HOST3_FROM_NET 0
| #define STDENDIAN32_NET1_FROM_HOST 2
| #define STDENDIAN32_HOST2_FROM_NET 1
| #define STDENDIAN32_NET2_FROM_HOST 1
| #define STDENDIAN32_HOST1_FROM_NET 2
| #define STDENDIAN32_NET3_FROM_HOST 0
| #define STDENDIAN32_HOST0_FROM_NET 3
| /* end confdefs.h.  */
| 
| #include <stdlib.h>
| 
| int main()
| {
| #if defined(_MSC_VER)
|   __int64 x = 0x1;
| #elif (SIZEOF_LONG == 8)
|   long x = 0x1;
| #elif (SIZEOF_LONG_LONG == 8)
|   long long x = 0x1;
| #endif
|   char * xptr = (char*) &x;
|   int        i;
| 
|   x <<= 56;
| 
|   for (i = 0; i < sizeof(x) && xptr[i] == 0; ++i);
| 
|   exit(100 + i);
|   return 100 + i;
| }
| 
configure:7442: gcc -o conftest -Wall   conftest.c  >&5
configure:7445: $? = 0
configure:7451: ./conftest
configure:7454: $? = 106
configure: program exited with status 106
configure: failed program was:
| /* confdefs.h.  */
| #define PACKAGE_NAME ""
| #define PACKAGE_TARNAME ""
| #define PACKAGE_VERSION ""
| #define PACKAGE_STRING ""
| #define PACKAGE_BUGREPORT ""
| #define HAVE_LIBPTHREAD 1
| #define STDC_HEADERS 1
| #define HAVE_SYS_TYPES_H 1
| #define HAVE_SYS_STAT_H 1
| #define HAVE_STDLIB_H 1
| #define HAVE_STRING_H 1
| #define HAVE_MEMORY_H 1
| #define HAVE_STRINGS_H 1
| #define HAVE_INTTYPES_H 1
| #define HAVE_STDINT_H 1
| #define HAVE_UNISTD_H 1
| #define SIZEOF_CHAR 1
| #define SIZEOF_SHORT 2
| #define SIZEOF_INT 4
| #define SIZEOF_LONG 8
| #define SIZEOF_LONG_LONG 8
| #define SIZEOF_SIZE_T 8
| #define SIZEOF_VOID_P 8
| #define STDARCH_NULL_IS_ZERO 1
| #define STDARCH_MAX_BYTE_ALIGNMENT 16
| #define STDENDIAN16_SWAP 1
| #define STDENDIAN32_NET0_FROM_HOST 3
| #define STDENDIAN32_HOST3_FROM_NET 0
| #define STDENDIAN32_NET1_FROM_HOST 2
| #define STDENDIAN32_HOST2_FROM_NET 1
| #define STDENDIAN32_NET2_FROM_HOST 1
| #define STDENDIAN32_HOST1_FROM_NET 2
| #define STDENDIAN32_NET3_FROM_HOST 0
| #define STDENDIAN32_HOST0_FROM_NET 3
| #define STDENDIAN64_NET0_FROM_HOST 7
| #define STDENDIAN64_HOST7_FROM_NET 0
| /* end confdefs.h.  */
| 
| #include <stdlib.h>
| 
| int main()
| {
| #if defined(_MSC_VER)
|   __int64 x = 0x1;
| #elif (SIZEOF_LONG == 8)
|   long x = 0x1;
| #elif (SIZEOF_LONG_LONG == 8)
|   long long x = 0x1;
| #endif
|   char * xptr = (char*) &x;
|   int        i;
| 
|   x <<= 48;
| 
|   for (i = 0; i < sizeof(x) && xptr[i] == 0; ++i);
| 
|   exit(100 + i);
|   return 100 + i;
| }
| 
configure:7513: gcc -o conftest -Wall   conftest.c  >&5
configure:7516: $? = 0
configure:7522: ./conftest
configure:7525: $? = 105
configure: program exited with status 105
configure: failed program was:
| /* confdefs.h.  */
| #define PACKAGE_NAME ""
| #define PACKAGE_TARNAME ""
| #define PACKAGE_VERSION ""
| #define PACKAGE_STRING ""
| #define PACKAGE_BUGREPORT ""
| #define HAVE_LIBPTHREAD 1
| #define STDC_HEADERS 1
| #define HAVE_SYS_TYPES_H 1
| #define HAVE_SYS_STAT_H 1
| #define HAVE_STDLIB_H 1
| #define HAVE_STRING_H 1
| #define HAVE_MEMORY_H 1
| #define HAVE_STRINGS_H 1
| #define HAVE_INTTYPES_H 1
| #define HAVE_STDINT_H 1
| #define HAVE_UNISTD_H 1
| #define SIZEOF_CHAR 1
| #define SIZEOF_SHORT 2
| #define SIZEOF_INT 4
| #define SIZEOF_LONG 8
| #define SIZEOF_LONG_LONG 8
| #define SIZEOF_SIZE_T 8
| #define SIZEOF_VOID_P 8
| #define STDARCH_NULL_IS_ZERO 1
| #define STDARCH_MAX_BYTE_ALIGNMENT 16
| #define STDENDIAN16_SWAP 1
| #define STDENDIAN32_NET0_FROM_HOST 3
| #define STDENDIAN32_HOST3_FROM_NET 0
| #define STDENDIAN32_NET1_FROM_HOST 2
| #define STDENDIAN32_HOST2_FROM_NET 1
| #define STDENDIAN32_NET2_FROM_HOST 1
| #define STDENDIAN32_HOST1_FROM_NET 2
| #define STDENDIAN32_NET3_FROM_HOST 0
| #define STDENDIAN32_HOST0_FROM_NET 3
| #define STDENDIAN64_NET0_FROM_HOST 7
| #define STDENDIAN64_HOST7_FROM_NET 0
| #define STDENDIAN64_NET1_FROM_HOST 6
| #define STDENDIAN64_HOST6_FROM_NET 1
| /* end confdefs.h.  */
| 
| #include <stdlib.h>
| 
| int main()
| {
| #if defined(_MSC_VER)
|   __int64 x = 0x1;
| #elif (SIZEOF_LONG == 8)
|   long x = 0x1;
| #elif (SIZEOF_LONG_LONG == 8)
|   long long x = 0x1;
| #endif
|   char * xptr = (char*) &x;
|   int        i;
| 
|   x <<= 40;
| 
|   for (i = 0; i < sizeof(x) && xptr[i] == 0; ++i);
| 
|   exit(100 + i);
|   return 100 + i;
| }
| 
configure:7584: gcc -o conftest -Wall   conftest.c  >&5
configure:7587: $? = 0
configure:7593: ./conftest
configure:7596: $? = 104
configure: program exited with status 104
configure: failed program was:
| /* confdefs.h.  */
| #define PACKAGE_NAME ""
| #define PACKAGE_TARNAME ""
| #define PACKAGE_VERSION ""
| #define PACKAGE_STRING ""
| #define PACKAGE_BUGREPORT ""
| #define HAVE_LIBPTHREAD 1
| #define STDC_HEADERS 1
| #define HAVE_SYS_TYPES_H 1
| #define HAVE_SYS_STAT_H 1
| #define HAVE_STDLIB_H 1
| #define HAVE_STRING_H 1
| #define HAVE_MEMORY_H 1
| #define HAVE_STRINGS_H 1
| #define HAVE_INTTYPES_H 1
| #define HAVE_STDINT_H 1
| #define HAVE_UNISTD_H 1
| #define SIZEOF_CHAR 1
| #define SIZEOF_SHORT 2
| #define SIZEOF_INT 4
| #define SIZEOF_LONG 8
| #define SIZEOF_LONG_LONG 8
| #define SIZEOF_SIZE_T 8
| #define SIZEOF_VOID_P 8
| #define STDARCH_NULL_IS_ZERO 1
| #define STDARCH_MAX_BYTE_ALIGNMENT 16
| #define STDENDIAN16_SWAP 1
| #define STDENDIAN32_NET0_FROM_HOST 3
| #define STDENDIAN32_HOST3_FROM_NET 0
| #define STDENDIAN32_NET1_FROM_HOST 2
| #define STDENDIAN32_HOST2_FROM_NET 1
| #define STDENDIAN32_NET2_FROM_HOST 1
| #define STDENDIAN32_HOST1_FROM_NET 2
| #define STDENDIAN32_NET3_FROM_HOST 0
| #define STDENDIAN32_HOST0_FROM_NET 3
| #define STDENDIAN64_NET0_FROM_HOST 7
| #define STDENDIAN64_HOST7_FROM_NET 0
| #define STDENDIAN64_NET1_FROM_HOST 6
| #define STDENDIAN64_HOST6_FROM_NET 1
| #define STDENDIAN64_NET2_FROM_HOST 5
| #define STDENDIAN64_HOST5_FROM_NET 2
| /* end confdefs.h.  */
| 
| #include <stdlib.h>
| 
| int main()
| {
| #if defined(_MSC_VER)
|   __int64 x = 0x1;
| #elif (SIZEOF_LONG == 8)
|   long x = 0x1;
| #elif (SIZEOF_LONG_LONG == 8)
|   long long x = 0x1;
| #endif
|   char * xptr = (char*) &x;
|   int        i;
| 
|   x <<= 32;
| 
|   for (i = 0; i < sizeof(x) && xptr[i] == 0; ++i);
| 
|   exit(100 + i);
|   return 100 + i;
| }
| 
configure:7655: gcc -o conftest -Wall   conftest.c  >&5
configure:7658: $? = 0
configure:7664: ./conftest
configure:7667: $? = 103
configure: program exited with status 103
configure: failed program was:
| /* confdefs.h.  */
| #define PACKAGE_NAME ""
| #define PACKAGE_TARNAME ""
| #define PACKAGE_VERSION ""
| #define PACKAGE_STRING ""
| #define PACKAGE_BUGREPORT ""
| #define HAVE_LIBPTHREAD 1
| #define STDC_HEADERS 1
| #define HAVE_SYS_TYPES_H 1
| #define HAVE_SYS_STAT_H 1
| #define HAVE_STDLIB_H 1
| #define HAVE_STRING_H 1
| #define HAVE_MEMORY_H 1
| #define HAVE_STRINGS_H 1
| #define HAVE_INTTYPES_H 1
| #define HAVE_STDINT_H 1
| #define HAVE_UNISTD_H 1
| #define SIZEOF_CHAR 1
| #define SIZEOF_SHORT 2
| #define SIZEOF_INT 4
| #define SIZEOF_LONG 8
| #define SIZEOF_LONG_LONG 8
| #define SIZEOF_SIZE_T 8
| #define SIZEOF_VOID_P 8
| #define STDARCH_NULL_IS_ZERO 1
| #define STDARCH_MAX_BYTE_ALIGNMENT 16
| #define STDENDIAN16_SWAP 1
| #define STDENDIAN32_NET0_FROM_HOST 3
| #define STDENDIAN32_HOST3_FROM_NET 0
| #define STDENDIAN32_NET1_FROM_HOST 2
| #define STDENDIAN32_HOST2_FROM_NET 1
| #define STDENDIAN32_NET2_FROM_HOST 1
| #define STDENDIAN32_HOST1_FROM_NET 2
| #define STDENDIAN32_NET3_FROM_HOST 0
| #define STDENDIAN32_HOST0_FROM_NET 3
| #define STDENDIAN64_NET0_FROM_HOST 7
| #define STDENDIAN64_HOST7_FROM_NET 0
| #define STDENDIAN64_NET1_FROM_HOST 6
| #define STDENDIAN64_HOST6_FROM_NET 1
| #define STDENDIAN64_NET2_FROM_HOST 5
| #define STDENDIAN64_HOST5_FROM_NET 2
| #define STDENDIAN64_NET3_FROM_HOST 4
| #define STDENDIAN64_HOST4_FROM_NET 3
| /* end confdefs.h.  */
| 
| #include <stdlib.h>
| 
| int main()
| {
| #if defined(_MSC_VER)
|   __int64 x = 0x1;
| #elif (SIZEOF_LONG == 8)
|   long x = 0x1;
| #elif (SIZEOF_LONG_LONG == 8)
|   long long x = 0x1;
| #endif
|   char * xptr = (char*) &x;
|   int        i;
| 
|   x <<= 24;
| 
|   for (i = 0; i < sizeof(x) && xptr[i] == 0; ++i);
| 
|   exit(100 + i);
|   return 100 + i;
| }
| 
configure:7726: gcc -o conftest -Wall   conftest.c  >&5
configure:7729: $? = 0
configure:7735: ./conftest
configure:7738: $? = 102
configure: program exited with status 102
configure: failed program was:
| /* confdefs.h.  */
| #define PACKAGE_NAME ""
| #define PACKAGE_TARNAME ""
| #define PACKAGE_VERSION ""
| #define PACKAGE_STRING ""
| #define PACKAGE_BUGREPORT ""
| #define HAVE_LIBPTHREAD 1
| #define STDC_HEADERS 1
| #define HAVE_SYS_TYPES_H 1
| #define HAVE_SYS_STAT_H 1
| #define HAVE_STDLIB_H 1
| #define HAVE_STRING_H 1
| #define HAVE_MEMORY_H 1
| #define HAVE_STRINGS_H 1
| #define HAVE_INTTYPES_H 1
| #define HAVE_STDINT_H 1
| #define HAVE_UNISTD_H 1
| #define SIZEOF_CHAR 1
| #define SIZEOF_SHORT 2
| #define SIZEOF_INT 4
| #define SIZEOF_LONG 8
| #define SIZEOF_LONG_LONG 8
| #define SIZEOF_SIZE_T 8
| #define SIZEOF_VOID_P 8
| #define STDARCH_NULL_IS_ZERO 1
| #define STDARCH_MAX_BYTE_ALIGNMENT 16
| #define STDENDIAN16_SWAP 1
| #define STDENDIAN32_NET0_FROM_HOST 3
| #define STDENDIAN32_HOST3_FROM_NET 0
| #define STDENDIAN32_NET1_FROM_HOST 2
| #define STDENDIAN32_HOST2_FROM_NET 1
| #define STDENDIAN32_NET2_FROM_HOST 1
| #define STDENDIAN32_HOST1_FROM_NET 2
| #define STDENDIAN32_NET3_FROM_HOST 0
| #define STDENDIAN32_HOST0_FROM_NET 3
| #define STDENDIAN64_NET0_FROM_HOST 7
| #define STDENDIAN64_HOST7_FROM_NET 0
| #define STDENDIAN64_NET1_FROM_HOST 6
| #define STDENDIAN64_HOST6_FROM_NET 1
| #define STDENDIAN64_NET2_FROM_HOST 5
| #define STDENDIAN64_HOST5_FROM_NET 2
| #define STDENDIAN64_NET3_FROM_HOST 4
| #define STDENDIAN64_HOST4_FROM_NET 3
| #define STDENDIAN64_NET4_FROM_HOST 3
| #define STDENDIAN64_HOST3_FROM_NET 4
| /* end confdefs.h.  */
| 
| #include <stdlib.h>
| 
| int main()
| {
| #if defined(_MSC_VER)
|   __int64 x = 0x1;
| #elif (SIZEOF_LONG == 8)
|   long x = 0x1;
| #elif (SIZEOF_LONG_LONG == 8)
|   long long x = 0x1;
| #endif
|   char * xptr = (char*) &x;
|   int        i;
| 
|   x <<= 16;
| 
|   for (i = 0; i < sizeof(x) && xptr[i] == 0; ++i);
| 
|   exit(100 + i);
|   return 100 + i;
| }
| 
configure:7797: gcc -o conftest -Wall   conftest.c  >&5
configure:7800: $? = 0
configure:7806: ./conftest
configure:7809: $? = 101
configure: program exited with status 101
configure: failed program was:
| /* confdefs.h.  */
| #define PACKAGE_NAME ""
| #define PACKAGE_TARNAME ""
| #define PACKAGE_VERSION ""
| #define PACKAGE_STRING ""
| #define PACKAGE_BUGREPORT ""
| #define HAVE_LIBPTHREAD 1
| #define STDC_HEADERS 1
| #define HAVE_SYS_TYPES_H 1
| #define HAVE_SYS_STAT_H 1
| #define HAVE_STDLIB_H 1
| #define HAVE_STRING_H 1
| #define HAVE_MEMORY_H 1
| #define HAVE_STRINGS_H 1
| #define HAVE_INTTYPES_H 1
| #define HAVE_STDINT_H 1
| #define HAVE_UNISTD_H 1
| #define SIZEOF_CHAR 1
| #define SIZEOF_SHORT 2
| #define SIZEOF_INT 4
| #define SIZEOF_LONG 8
| #define SIZEOF_LONG_LONG 8
| #define SIZEOF_SIZE_T 8
| #define SIZEOF_VOID_P 8
| #define STDARCH_NULL_IS_ZERO 1
| #define STDARCH_MAX_BYTE_ALIGNMENT 16
| #define STDENDIAN16_SWAP 1
| #define STDENDIAN32_NET0_FROM_HOST 3
| #define STDENDIAN32_HOST3_FROM_NET 0
| #define STDENDIAN32_NET1_FROM_HOST 2
| #define STDENDIAN32_HOST2_FROM_NET 1
| #define STDENDIAN32_NET2_FROM_HOST 1
| #define STDENDIAN32_HOST1_FROM_NET 2
| #define STDENDIAN32_NET3_FROM_HOST 0
| #define STDENDIAN32_HOST0_FROM_NET 3
| #define STDENDIAN64_NET0_FROM_HOST 7
| #define STDENDIAN64_HOST7_FROM_NET 0
| #define STDENDIAN64_NET1_FROM_HOST 6
| #define STDENDIAN64_HOST6_FROM_NET 1
| #define STDENDIAN64_NET2_FROM_HOST 5
| #define STDENDIAN64_HOST5_FROM_NET 2
| #define STDENDIAN64_NET3_FROM_HOST 4
| #define STDENDIAN64_HOST4_FROM_NET 3
| #define STDENDIAN64_NET4_FROM_HOST 3
| #define STDENDIAN64_HOST3_FROM_NET 4
| #define STDENDIAN64_NET5_FROM_HOST 2
| #define STDENDIAN64_HOST2_FROM_NET 5
| /* end confdefs.h.  */
| 
| #include <stdlib.h>
| 
| int main()
| {
| #if defined(_MSC_VER)
|   __int64 x = 0x1;
| #elif (SIZEOF_LONG == 8)
|   long x = 0x1;
| #elif (SIZEOF_LONG_LONG == 8)
|   long long x = 0x1;
| #endif
|   char * xptr = (char*) &x;
|   int        i;
| 
|   x <<= 8;
| 
|   for (i = 0; i < sizeof(x) && xptr[i] == 0; ++i);
| 
|   exit(100 + i);
|   return 100 + i;
| }
| 
configure:7869: gcc -o conftest -Wall   conftest.c  >&5
configure:7872: $? = 0
configure:7878: ./conftest
configure:7881: $? = 100
configure: program exited with status 100
configure: failed program was:
| /* confdefs.h.  */
| #define PACKAGE_NAME ""
| #define PACKAGE_TARNAME ""
| #define PACKAGE_VERSION ""
| #define PACKAGE_STRING ""
| #define PACKAGE_BUGREPORT ""
| #define HAVE_LIBPTHREAD 1
| #define STDC_HEADERS 1
| #define HAVE_SYS_TYPES_H 1
| #define HAVE_SYS_STAT_H 1
| #define HAVE_STDLIB_H 1
| #define HAVE_STRING_H 1
| #define HAVE_MEMORY_H 1
| #define HAVE_STRINGS_H 1
| #define HAVE_INTTYPES_H 1
| #define HAVE_STDINT_H 1
| #define HAVE_UNISTD_H 1
| #define SIZEOF_CHAR 1
| #define SIZEOF_SHORT 2
| #define SIZEOF_INT 4
| #define SIZEOF_LONG 8
| #define SIZEOF_LONG_LONG 8
| #define SIZEOF_SIZE_T 8
| #define SIZEOF_VOID_P 8
| #define STDARCH_NULL_IS_ZERO 1
| #define STDARCH_MAX_BYTE_ALIGNMENT 16
| #define STDENDIAN16_SWAP 1
| #define STDENDIAN32_NET0_FROM_HOST 3
| #define STDENDIAN32_HOST3_FROM_NET 0
| #define STDENDIAN32_NET1_FROM_HOST 2
| #define STDENDIAN32_HOST2_FROM_NET 1
| #define STDENDIAN32_NET2_FROM_HOST 1
| #define STDENDIAN32_HOST1_FROM_NET 2
| #define STDENDIAN32_NET3_FROM_HOST 0
| #define STDENDIAN32_HOST0_FROM_NET 3
| #define STDENDIAN64_NET0_FROM_HOST 7
| #define STDENDIAN64_HOST7_FROM_NET 0
| #define STDENDIAN64_NET1_FROM_HOST 6
| #define STDENDIAN64_HOST6_FROM_NET 1
| #define STDENDIAN64_NET2_FROM_HOST 5
| #define STDENDIAN64_HOST5_FROM_NET 2
| #define STDENDIAN64_NET3_FROM_HOST 4
| #define STDENDIAN64_HOST4_FROM_NET 3
| #define STDENDIAN64_NET4_FROM_HOST 3
| #define STDENDIAN64_HOST3_FROM_NET 4
| #define STDENDIAN64_NET5_FROM_HOST 2
| #define STDENDIAN64_HOST2_FROM_NET 5
| #define STDENDIAN64_NET6_FROM_HOST 1
| #define STDENDIAN64_HOST1_FROM_NET 6
| /* end confdefs.h.  */
| 
| #include <stdlib.h>
| 
| int main()
| {
| #if defined(_MSC_VER)
|   __int64 x = 0x1;
| #elif (SIZEOF_LONG == 8)
|   long x = 0x1;
| #elif (SIZEOF_LONG_LONG == 8)
|   long long x = 0x1;
| #endif
|   char * xptr = (char*) &x;
|   int        i;
| 
|   x <<= 0;
| 
|   for (i = 0; i < sizeof(x) && xptr[i] == 0; ++i);
| 
|   exit(100 + i);
|   return 100 + i;
| }
| 
configure:7904: result: done
configure:7989: creating ./config.status

## ---------------------- ##
## Running config.status. ##
## ---------------------- ##

This file was extended by config.status, which was
generated by GNU Autoconf 2.61.  Invocation command line was

  CONFIG_FILES    = 
  CONFIG_HEADERS  = 
  CONFIG_LINKS    = 
  CONFIG_COMMANDS = 
  $ ./config.status 

on gledisgjinaj-Inspiron-7580

config.status:616: creating src/Makefile
config.status:616: creating include/stdutil/private/stdarch_autoconf.h

## ---------------- ##
## Cache variables. ##
## ---------------- ##

ac_cv_build=x86_64-unknown-linux-gnu
ac_cv_c_compiler_gnu=yes
ac_cv_env_CC_set=
ac_cv_env_CC_value=
ac_cv_env_CFLAGS_set=
ac_cv_env_CFLAGS_value=
ac_cv_env_CPPFLAGS_set=
ac_cv_env_CPPFLAGS_value=
ac_cv_env_CPP_set=
ac_cv_env_CPP_value=
ac_cv_env_LDFLAGS_set=
ac_cv_env_LDFLAGS_value=
ac_cv_env_LIBS_set=
ac_cv_env_LIBS_value=
ac_cv_env_build_alias_set=
ac_cv_env_build_alias_value=
ac_cv_env_host_alias_set=
ac_cv_env_host_alias_value=
ac_cv_env_target_alias_set=
ac_cv_env_target_alias_value=
ac_cv_header_inttypes_h=yes
ac_cv_header_memory_h=yes
ac_cv_header_stdc=yes
ac_cv_header_stdint_h=yes
ac_cv_header_stdlib_h=yes
ac_cv_header_string_h=yes
ac_cv_header_strings_h=yes
ac_cv_header_sys_stat_h=yes
ac_cv_header_sys_types_h=yes
ac_cv_header_unistd_h=yes
ac_cv_host=x86_64-unknown-linux-gnu
ac_cv_lib_posix4_sem_wait=no
ac_cv_lib_pthread_pthread_create=yes
ac_cv_lib_thread_thr_create=no
ac_cv_objext=o
ac_cv_path_AR=/usr/bin/ar
ac_cv_path_EGREP='/usr/bin/grep -E'
ac_cv_path_GREP=/usr/bin/grep
ac_cv_path_install='/usr/bin/install -c'
ac_cv_prog_CPP='gcc -E'
ac_cv_prog_ac_ct_CC=gcc
ac_cv_prog_cc_c89=
ac_cv_prog_cc_g=yes
ac_cv_sizeof_char=1
ac_cv_sizeof_int=4
ac_cv_sizeof_long=8
ac_cv_sizeof_long_long=8
ac_cv_sizeof_short=2
ac_cv_sizeof_size_t=8
ac_cv_sizeof_void_p=8
ac_cv_type_char=yes
ac_cv_type_int=yes
ac_cv_type_long=yes
ac_cv_type_long_long=yes
ac_cv_type_short=yes
ac_cv_type_size_t=yes
ac_cv_type_void_p=yes

## ----------------- ##
## Output variables. ##
## ----------------- ##

AR='/usr/bin/ar'
CC='gcc'
CFLAGS='-Wall'
CPP='gcc -E'
CPPFLAGS=''
DEFS='-DHAVE_CONFIG_H'
DYNLIBEXT='so'
ECHO_C=''
ECHO_N='-n'
ECHO_T=''
EGREP='/usr/bin/grep -E'
EXEEXT=''
GREP='/usr/bin/grep'
INSTALL_DATA='${INSTALL} -m 644'
INSTALL_PROGRAM='${INSTALL}'
INSTALL_SCRIPT='${INSTALL}'
LDFLAGS=''
LIBOBJS=''
LIBS=''
LN_S='ln -s'
LTLIBOBJS=''
OBJEXT='o'
PACKAGE_BUGREPORT=''
PACKAGE_NAME=''
PACKAGE_STRING=''
PACKAGE_TARNAME=''
PACKAGE_VERSION=''
PATH_SEPARATOR=':'
SHARED_LIBS='$(SHARED_LIBS)'
SHCC='gcc'
SHCFLAGS='-Wall -fPIC'
SHCPPFLAGS=''
SHELL='/bin/bash'
SHLD='gcc -shared'
SHLDFLAGS=' '
SHLIBS=''
STANDARD_LIBS='$(STATIC_THREADED_DEBUG_LIB) $(STATIC_THREADED_RELEASE_LIB) $(SHARED_THREADED_DEBUG_LIB) $(SHARED_THREADED_RELEASE_LIB)'
THLDFLAGS='-pthread '
THLIBS='-lpthread '
ac_ct_CC='gcc'
bindir='${exec_prefix}/bin'
build='x86_64-unknown-linux-gnu'
build_alias=''
build_cpu='x86_64'
build_os='linux-gnu'
build_vendor='unknown'
datadir='${datarootdir}'
datarootdir='${prefix}/share'
docdir='${datarootdir}/doc/${PACKAGE}'
dvidir='${docdir}'
exec_prefix='${prefix}'
host='x86_64-unknown-linux-gnu'
host_alias=''
host_cpu='x86_64'
host_os='linux-gnu'
host_vendor='unknown'
htmldir='${docdir}'
includedir='${prefix}/include'
infodir='${datarootdir}/info'
libdir='${exec_prefix}/lib'
libexecdir='${exec_prefix}/libexec'
localedir='${datarootdir}/locale'
localstatedir='${prefix}/var'
mandir='${datarootdir}/man'
oldincludedir='/usr/include'
pdfdir='${docdir}'
prefix='/usr/local'
program_transform_name='s,x,x,'
psdir='${docdir}'
sbindir='${exec_prefix}/sbin'
sharedstatedir='${prefix}/com'
sysconfdir='${prefix}/etc'
target_alias=''

## ----------- ##
## confdefs.h. ##
## ----------- ##

#define PACKAGE_NAME ""
#define PACKAGE_TARNAME ""
#define PACKAGE_VERSION ""
#define PACKAGE_STRING ""
#define PACKAGE_BUGREPORT ""
#define HAVE_LIBPTHREAD 1
#define STDC_HEADERS 1
#define HAVE_SYS_TYPES_H 1
#define HAVE_SYS_STAT_H 1
#define HAVE_STDLIB_H 1
#define HAVE_STRING_H 1
#define HAVE_MEMORY_H 1
#define HAVE_STRINGS_H 1
#define HAVE_INTTYPES_H 1
#define HAVE_STDINT_H 1
#define HAVE_UNISTD_H 1
#define SIZEOF_CHAR 1
#define SIZEOF_SHORT 2
#define SIZEOF_INT 4
#define SIZEOF_LONG 8
#define SIZEOF_LONG_LONG 8
#define SIZEOF_SIZE_T 8
#define SIZEOF_VOID_P 8
#define STDARCH_NULL_IS_ZERO 1
#define STDARCH_MAX_BYTE_ALIGNMENT 16
#define STDENDIAN16_SWAP 1
#define STDENDIAN32_NET0_FROM_HOST 3
#define STDENDIAN32_HOST3_FROM_NET 0
#define STDENDIAN32_NET1_FROM_HOST 2
#define STDENDIAN32_HOST2_FROM_NET 1
#define STDENDIAN32_NET2_FROM_HOST 1
#define STDENDIAN32_HOST1_FROM_NET 2
#define STDENDIAN32_NET3_FROM_HOST 0
#define STDENDIAN32_HOST0_FROM_NET 3
#define STDENDIAN64_NET0_FROM_HOST 7
#define STDENDIAN64_HOST7_FROM_NET 0
#define STDENDIAN64_NET1_FROM_HOST 6
#define STDENDIAN64_HOST6_FROM_NET 1
#define STDENDIAN64_NET2_FROM_HOST 5
#define STDENDIAN64_HOST5_FROM_NET 2
#define STDENDIAN64_NET3_FROM_HOST 4
#define STDENDIAN64_HOST4_FROM_NET 3
#define STDENDIAN64_NET4_FROM_HOST 3
#define STDENDIAN64_HOST3_FROM_NET 4
#define STDENDIAN64_NET5_FROM_HOST 2
#define STDENDIAN64_HOST2_FROM_NET 5
#define STDENDIAN64_NET6_FROM_HOST 1
#define STDENDIAN64_HOST1_FROM_NET 6
#define STDENDIAN64_NET7_FROM_HOST 0
#define STDENDIAN64_HOST0_FROM_NET 7

configure: exit 0
