This file contains any messages produced by compilers while
running configure, to aid debugging if configure makes a mistake.

It was created by configure, which was
generated by GNU Autoconf 2.69.  Invocation command line was

  $ ./configure 

## --------- ##
## Platform. ##
## --------- ##

hostname = gledisgjinaj-Inspiron-7580
uname -m = x86_64
uname -r = 5.13.0-27-generic
uname -s = Linux
uname -v = #29~20.04.1-Ubuntu SMP Fri Jan 14 00:32:30 UTC 2022

/usr/bin/uname -p = x86_64
/bin/uname -X     = unknown

/bin/arch              = x86_64
/usr/bin/arch -k       = unknown
/usr/convex/getsysinfo = unknown
/usr/bin/hostinfo      = unknown
/bin/machine           = unknown
/usr/bin/oslevel       = unknown
/bin/universe          = unknown

PATH: /home/gledisgjinaj/git/my-docs/city-files/cloud-computing/google-cloud-sdk/bin
PATH: /home/gledisgjinaj/Documents/node/bin
PATH: /home/gledisgjinaj/.local/bin
PATH: /home/gledisgjinaj/bin
PATH: /usr/local/sbin
PATH: /usr/local/bin
PATH: /usr/sbin
PATH: /usr/bin
PATH: /sbin
PATH: /bin
PATH: /usr/games
PATH: /usr/local/games
PATH: /snap/bin
PATH: usr/share/maven/bin
PATH: usr/share/maven/bin
PATH: /opt/gradle-6.5/bin
PATH: /home/gledisgjinaj/.dotnet/tools
PATH: /usr/lib/jvm/java-8-openjdk-amd64/bin
PATH: /usr/share/maven/bin
PATH: /usr/share/maven/bin
PATH: /opt/gradle-6.5/bin
PATH: /opt/spark/bin
PATH: /opt/spark/sbin
PATH: /opt/pycharm/bin
PATH: /home/gledisgjinaj/bin


## ----------- ##
## Core tests. ##
## ----------- ##

configure:2335: checking for a BSD-compatible install
configure:2403: result: /usr/bin/install -c
configure:2414: checking whether build environment is sane
configure:2451: result: yes
configure:2463: checking whether make sets $(MAKE)
configure:2485: result: yes
configure:2515: checking for working aclocal-1.4
configure:2526: result: missing
configure:2530: checking for working autoconf
configure:2537: result: found
configure:2545: checking for working automake-1.4
configure:2556: result: missing
configure:2560: checking for working autoheader
configure:2567: result: found
configure:2575: checking for working makeinfo
configure:2586: result: missing
configure:2640: checking for gcc
configure:2656: found /usr/bin/gcc
configure:2667: result: gcc
configure:2896: checking for C compiler version
configure:2905: gcc --version >&5
gcc (Ubuntu 9.4.0-1ubuntu1~20.04.1) 9.4.0
Copyright (C) 2019 Free Software Foundation, Inc.
This is free software; see the source for copying conditions.  There is NO
warranty; not even for MERCHANTABILITY or FITNESS FOR A PARTICULAR PURPOSE.

configure:2916: $? = 0
configure:2905: gcc -v >&5
Using built-in specs.
COLLECT_GCC=gcc
COLLECT_LTO_WRAPPER=/usr/lib/gcc/x86_64-linux-gnu/9/lto-wrapper
OFFLOAD_TARGET_NAMES=nvptx-none:hsa
OFFLOAD_TARGET_DEFAULT=1
Target: x86_64-linux-gnu
Configured with: ../src/configure -v --with-pkgversion='Ubuntu 9.4.0-1ubuntu1~20.04.1' --with-bugurl=file:///usr/share/doc/gcc-9/README.Bugs --enable-languages=c,ada,c++,go,brig,d,fortran,objc,obj-c++,gm2 --prefix=/usr --with-gcc-major-version-only --program-suffix=-9 --program-prefix=x86_64-linux-gnu- --enable-shared --enable-linker-build-id --libexecdir=/usr/lib --without-included-gettext --enable-threads=posix --libdir=/usr/lib --enable-nls --enable-clocale=gnu --enable-libstdcxx-debug --enable-libstdcxx-time=yes --with-default-libstdcxx-abi=new --enable-gnu-unique-object --disable-vtable-verify --enable-plugin --enable-default-pie --with-system-zlib --with-target-system-zlib=auto --enable-objc-gc=auto --enable-multiarch --disable-werror --with-arch-32=i686 --with-abi=m64 --with-multilib-list=m32,m64,mx32 --enable-multilib --with-tune=generic --enable-offload-targets=nvptx-none=/build/gcc-9-Av3uEd/gcc-9-9.4.0/debian/tmp-nvptx/usr,hsa --without-cuda-driver --enable-checking=release --build=x86_64-linux-gnu --host=x86_64-linux-gnu --target=x86_64-linux-gnu
Thread model: posix
gcc version 9.4.0 (Ubuntu 9.4.0-1ubuntu1~20.04.1) 
configure:2916: $? = 0
configure:2905: gcc -V >&5
gcc: error: unrecognized command line option '-V'
gcc: fatal error: no input files
compilation terminated.
configure:2916: $? = 1
configure:2905: gcc -qversion >&5
gcc: error: unrecognized command line option '-qversion'; did you mean '--version'?
gcc: fatal error: no input files
compilation terminated.
configure:2916: $? = 1
configure:2936: checking whether the C compiler works
configure:2958: gcc    conftest.c  >&5
configure:2962: $? = 0
configure:3010: result: yes
configure:3013: checking for C compiler default output file name
configure:3015: result: a.out
configure:3021: checking for suffix of executables
configure:3028: gcc -o conftest    conftest.c  >&5
configure:3032: $? = 0
configure:3054: result: 
configure:3076: checking whether we are cross compiling
configure:3084: gcc -o conftest    conftest.c  >&5
configure:3088: $? = 0
configure:3095: ./conftest
configure:3099: $? = 0
configure:3087: result: no
configure:3092: checking for suffix of object files
configure:3114: gcc -c   conftest.c >&5
configure:3118: $? = 0
configure:3139: result: o
configure:3143: checking whether we are using the GNU C compiler
configure:3162: gcc -c   conftest.c >&5
configure:3162: $? = 0
configure:3171: result: yes
configure:3180: checking whether gcc accepts -g
configure:3200: gcc -c -g  conftest.c >&5
configure:3200: $? = 0
configure:3241: result: yes
configure:3258: checking for gcc option to accept ISO C89
configure:3321: gcc  -c -g -O2  conftest.c >&5
configure:3321: $? = 0
configure:3334: result: none needed
configure:3424: checking build system type
configure:3438: result: x86_64-unknown-linux-gnu
configure:3458: checking host system type
configure:3471: result: x86_64-unknown-linux-gnu
configure:3513: checking for ld used by GCC
configure:3576: result: /usr/bin/ld
configure:3583: checking if the linker (/usr/bin/ld) is GNU ld
GNU ld (GNU Binutils for Ubuntu) 2.34
configure:3595: result: yes
configure:3600: checking for /usr/bin/ld option to reload object files
configure:3607: result: -r
configure:3612: checking for BSD-compatible nm
configure:3648: result: /usr/bin/nm -B
configure:3651: checking for a sed that does not truncate output
configure:3733: result: /usr/bin/sed
configure:3736: checking whether ln -s works
configure:3740: result: yes
configure:3747: checking how to recognise dependent libraries
configure:3928: result: pass_all
configure:3941: checking command to parse /usr/bin/nm -B output
configure:4025: gcc -c -g -O2  conftest.c >&5
configure:4028: $? = 0
configure:4032: /usr/bin/nm -B conftest.o \| sed -n -e 's/^.*[ 	]\([ABCDGISTW][ABCDGISTW]*\)[ 	][ 	]*\(\)\([_A-Za-z][_A-Za-z0-9]*\)$/\1 \2\3 \3/p' \> conftest.nm
configure:4035: $? = 0
configure:4087: gcc -o conftest -g -O2   conftest.c conftstm.o >&5
configure:4090: $? = 0
configure:4134: result: ok
configure:4143: checking how to run the C preprocessor
configure:4174: gcc -E  conftest.c
configure:4174: $? = 0
configure:4188: gcc -E  conftest.c
conftest.c:11:10: fatal error: ac_nonexistent.h: No such file or directory
   11 | #include <ac_nonexistent.h>
      |          ^~~~~~~~~~~~~~~~~~
compilation terminated.
configure:4188: $? = 1
configure: failed program was:
| /* confdefs.h */
| #define PACKAGE_NAME ""
| #define PACKAGE_TARNAME ""
| #define PACKAGE_VERSION ""
| #define PACKAGE_STRING ""
| #define PACKAGE_BUGREPORT ""
| #define PACKAGE_URL ""
| #define PACKAGE "TC"
| #define VERSION "1.0"
| /* end confdefs.h.  */
| #include <ac_nonexistent.h>
configure:4213: result: gcc -E
configure:4233: gcc -E  conftest.c
configure:4233: $? = 0
configure:4247: gcc -E  conftest.c
conftest.c:11:10: fatal error: ac_nonexistent.h: No such file or directory
   11 | #include <ac_nonexistent.h>
      |          ^~~~~~~~~~~~~~~~~~
compilation terminated.
configure:4247: $? = 1
configure: failed program was:
| /* confdefs.h */
| #define PACKAGE_NAME ""
| #define PACKAGE_TARNAME ""
| #define PACKAGE_VERSION ""
| #define PACKAGE_STRING ""
| #define PACKAGE_BUGREPORT ""
| #define PACKAGE_URL ""
| #define PACKAGE "TC"
| #define VERSION "1.0"
| /* end confdefs.h.  */
| #include <ac_nonexistent.h>
configure:4276: checking for grep that handles long lines and -e
configure:4334: result: /usr/bin/grep
configure:4339: checking for egrep
configure:4401: result: /usr/bin/grep -E
configure:4406: checking for ANSI C header files
configure:4426: gcc -c -g -O2  conftest.c >&5
configure:4426: $? = 0
configure:4499: gcc -o conftest -g -O2   conftest.c  >&5
configure:4499: $? = 0
configure:4499: ./conftest
configure:4499: $? = 0
configure:4510: result: yes
configure:4523: checking for sys/types.h
configure:4523: gcc -c -g -O2  conftest.c >&5
configure:4523: $? = 0
configure:4523: result: yes
configure:4523: checking for sys/stat.h
configure:4523: gcc -c -g -O2  conftest.c >&5
configure:4523: $? = 0
configure:4523: result: yes
configure:4523: checking for stdlib.h
configure:4523: gcc -c -g -O2  conftest.c >&5
configure:4523: $? = 0
configure:4523: result: yes
configure:4523: checking for string.h
configure:4523: gcc -c -g -O2  conftest.c >&5
configure:4523: $? = 0
configure:4523: result: yes
configure:4523: checking for memory.h
configure:4523: gcc -c -g -O2  conftest.c >&5
configure:4523: $? = 0
configure:4523: result: yes
configure:4523: checking for strings.h
configure:4523: gcc -c -g -O2  conftest.c >&5
configure:4523: $? = 0
configure:4523: result: yes
configure:4523: checking for inttypes.h
configure:4523: gcc -c -g -O2  conftest.c >&5
configure:4523: $? = 0
configure:4523: result: yes
configure:4523: checking for stdint.h
configure:4523: gcc -c -g -O2  conftest.c >&5
configure:4523: $? = 0
configure:4523: result: yes
configure:4523: checking for unistd.h
configure:4523: gcc -c -g -O2  conftest.c >&5
configure:4523: $? = 0
configure:4523: result: yes
configure:4537: checking dlfcn.h usability
configure:4537: gcc -c -g -O2  conftest.c >&5
configure:4537: $? = 0
configure:4537: result: yes
configure:4537: checking dlfcn.h presence
configure:4537: gcc -E  conftest.c
configure:4537: $? = 0
configure:4537: result: yes
configure:4537: checking for dlfcn.h
configure:4537: result: yes
configure:4734: checking for ranlib
configure:4750: found /usr/bin/ranlib
configure:4761: result: ranlib
configure:4826: checking for strip
configure:4842: found /usr/bin/strip
configure:4853: result: strip
configure:4916: gcc -c -g -O2  conftest.c >&5
configure:4919: $? = 0
configure:5072: checking for objdir
configure:5083: result: .libs
configure:5100: checking for gcc option to produce PIC
configure:5246: result: -fPIC
configure:5250: checking if gcc PIC flag -fPIC works
configure:5268: gcc -c -g -O2 -fPIC -DPIC  conftest.c >&5
configure:5268: $? = 0
configure:5302: result: yes
configure:5318: checking if gcc static flag -static works
configure:5337: gcc -o conftest -g -O2   -static conftest.c  >&5
configure:5337: $? = 0
configure:5349: result: yes
configure:5361: checking if gcc supports -c -o file.o
configure:5412: gcc -c -g -O2 -o out/conftest2.o  conftest.c >&5
configure:5405: result: yes
configure:5410: checking if gcc supports -c -o file.lo
configure:5432: gcc -c -g -O2 -c -o conftest.lo  conftest.c >&5
configure:5432: $? = 0
configure:5449: result: yes
configure:5480: checking if gcc supports -fno-rtti -fno-exceptions
configure:5497: gcc -c -g -O2 -fno-rtti -fno-exceptions -c conftest.c  conftest.c >&5
cc1: warning: command line option '-fno-rtti' is valid for C++/D/ObjC++ but not for C
cc1: warning: command line option '-fno-rtti' is valid for C++/D/ObjC++ but not for C
configure:5497: $? = 0
configure:5509: result: no
configure:5520: checking whether the linker (/usr/bin/ld) supports shared libraries
configure:6215: result: yes
configure:6220: checking how to hardcode library paths into programs
configure:6244: result: immediate
configure:6249: checking whether stripping libraries is possible
configure:6254: result: yes
configure:6265: checking dynamic linker characteristics
configure:6533: gcc -c -g -O2  conftest.c >&5
configure:6536: $? = 0
configure:6703: result: GNU/Linux ld.so
configure:6708: checking if libtool supports shared libraries
configure:6710: result: yes
configure:6713: checking whether to build shared libraries
configure:6734: result: yes
configure:6737: checking whether to build static libraries
configure:6741: result: yes
configure:7201: checking whether -lc should be explicitly linked in
configure:7209: gcc -c -g -O2  conftest.c >&5
configure:7212: $? = 0
configure:7226: gcc -shared conftest.o  -v -Wl,-soname -Wl,conftest -o conftest 2\>\&1 \| grep  -lc  \>/dev/null 2\>\&1
configure:7229: $? = 0
configure:7242: result: no
configure:7816: checking for BN_add in -lcrypto
configure:7841: gcc -o conftest -g -O2   conftest.c -lcrypto   >&5
configure:7841: $? = 0
configure:7850: result: yes
configure:7864: checking for ANSI C header files
configure:7968: result: yes
configure:7979: checking stdio.h usability
configure:7979: gcc -c -g -O2  conftest.c >&5
configure:7979: $? = 0
configure:7979: result: yes
configure:7979: checking stdio.h presence
configure:7979: gcc -E  conftest.c
configure:7979: $? = 0
configure:7979: result: yes
configure:7979: checking for stdio.h
configure:7979: result: yes
configure:7979: checking openssl/bn.h usability
configure:7979: gcc -c -g -O2  conftest.c >&5
configure:7979: $? = 0
configure:7979: result: yes
configure:7979: checking openssl/bn.h presence
configure:7979: gcc -E  conftest.c
configure:7979: $? = 0
configure:7979: result: yes
configure:7979: checking for openssl/bn.h
configure:7979: result: yes
configure:7979: checking openssl/evp.h usability
configure:7979: gcc -c -g -O2  conftest.c >&5
configure:7979: $? = 0
configure:7979: result: yes
configure:7979: checking openssl/evp.h presence
configure:7979: gcc -E  conftest.c
configure:7979: $? = 0
configure:7979: result: yes
configure:7979: checking for openssl/evp.h
configure:7979: result: yes
configure:7979: checking for unistd.h
configure:7979: result: yes
configure:7990: checking for an ANSI C-conforming const
configure:8056: gcc -c -g -O2  conftest.c >&5
configure:8056: $? = 0
configure:8063: result: yes
configure:8181: creating ./config.status

## ---------------------- ##
## Running config.status. ##
## ---------------------- ##

This file was extended by config.status, which was
generated by GNU Autoconf 2.69.  Invocation command line was

  CONFIG_FILES    = 
  CONFIG_HEADERS  = 
  CONFIG_LINKS    = 
  CONFIG_COMMANDS = 
  $ ./config.status 

on gledisgjinaj-Inspiron-7580

config.status:838: creating Makefile
config.status:941: WARNING:  'Makefile.in' seems to ignore the --datarootdir setting
config.status:838: creating config.h
config.status:1027: executing default-1 commands

## ---------------- ##
## Cache variables. ##
## ---------------- ##

ac_cv_build=x86_64-unknown-linux-gnu
ac_cv_c_compiler_gnu=yes
ac_cv_c_const=yes
ac_cv_env_CC_set=
ac_cv_env_CC_value=
ac_cv_env_CFLAGS_set=
ac_cv_env_CFLAGS_value=
ac_cv_env_CPPFLAGS_set=
ac_cv_env_CPPFLAGS_value=
ac_cv_env_CPP_set=
ac_cv_env_CPP_value=
ac_cv_env_LDFLAGS_set=
ac_cv_env_LDFLAGS_value=
ac_cv_env_LIBS_set=
ac_cv_env_LIBS_value=
ac_cv_env_build_alias_set=
ac_cv_env_build_alias_value=
ac_cv_env_host_alias_set=
ac_cv_env_host_alias_value=
ac_cv_env_target_alias_set=
ac_cv_env_target_alias_value=
ac_cv_header_dlfcn_h=yes
ac_cv_header_inttypes_h=yes
ac_cv_header_memory_h=yes
ac_cv_header_openssl_bn_h=yes
ac_cv_header_openssl_evp_h=yes
ac_cv_header_stdc=yes
ac_cv_header_stdint_h=yes
ac_cv_header_stdio_h=yes
ac_cv_header_stdlib_h=yes
ac_cv_header_string_h=yes
ac_cv_header_strings_h=yes
ac_cv_header_sys_stat_h=yes
ac_cv_header_sys_types_h=yes
ac_cv_header_unistd_h=yes
ac_cv_host=x86_64-unknown-linux-gnu
ac_cv_lib_crypto_BN_add=yes
ac_cv_objext=o
ac_cv_path_EGREP='/usr/bin/grep -E'
ac_cv_path_GREP=/usr/bin/grep
ac_cv_path_install='/usr/bin/install -c'
ac_cv_prog_CPP='gcc -E'
ac_cv_prog_ac_ct_CC=gcc
ac_cv_prog_ac_ct_RANLIB=ranlib
ac_cv_prog_ac_ct_STRIP=strip
ac_cv_prog_cc_c89=
ac_cv_prog_cc_g=yes
ac_cv_prog_make_make_set=yes
lt_cv_archive_cmds_need_lc=no
lt_cv_cc_64bit_output=yes
lt_cv_compiler_c_o=yes
lt_cv_compiler_o_lo=yes
lt_cv_deplibs_check_method=pass_all
lt_cv_file_magic_cmd='$MAGIC_CMD'
lt_cv_file_magic_test_file='/lib/libc.so* /lib/libc-*.so'
lt_cv_global_symbol_to_c_name_address='sed -n -e '\''s/^: \([^ ]*\) $/  {\"\1\", (lt_ptr) 0},/p'\'' -e '\''s/^[BCDEGRST] \([^ ]*\) \([^ ]*\)$/  {"\2", (lt_ptr) \&\2},/p'\'''
lt_cv_global_symbol_to_cdecl='sed -n -e '\''s/^. .* \(.*\)$/extern char \1;/p'\'''
lt_cv_ld_reload_flag=-r
lt_cv_path_LD=/usr/bin/ld
lt_cv_path_NM='/usr/bin/nm -B'
lt_cv_path_SED=/usr/bin/sed
lt_cv_prog_cc_can_build_shared=yes
lt_cv_prog_cc_no_builtin=
lt_cv_prog_cc_pic=' -fPIC'
lt_cv_prog_cc_pic_works=yes
lt_cv_prog_cc_shlib=
lt_cv_prog_cc_static=-static
lt_cv_prog_cc_static_works=yes
lt_cv_prog_cc_wl=-Wl,
lt_cv_prog_gnu_ld=yes
lt_cv_sys_global_symbol_pipe='sed -n -e '\''s/^.*[ 	]\([ABCDGISTW][ABCDGISTW]*\)[ 	][ 	]*\(\)\([_A-Za-z][_A-Za-z0-9]*\)$/\1 \2\3 \3/p'\'''

## ----------------- ##
## Output variables. ##
## ----------------- ##

ACLOCAL='/home/gledisgjinaj/git/city/dissertation/prime-src-3.3/OpenTC-1.1/TC-lib-1.0/missing aclocal-1.4'
AUTOCONF='autoconf'
AUTOHEADER='autoheader'
AUTOMAKE='/home/gledisgjinaj/git/city/dissertation/prime-src-3.3/OpenTC-1.1/TC-lib-1.0/missing automake-1.4'
CC='gcc'
CFLAGS='-g -O2'
CPP='gcc -E'
CPPFLAGS=''
DEFS='-DHAVE_CONFIG_H'
ECHO='echo'
ECHO_C=''
ECHO_N='-n'
ECHO_T=''
EGREP='/usr/bin/grep -E'
EXEEXT=''
GREP='/usr/bin/grep'
INSTALL_DATA='${INSTALL} -m 644'
INSTALL_PROGRAM='${INSTALL}'
INSTALL_SCRIPT='${INSTALL}'
LDFLAGS=''
LIBOBJS=''
LIBS='-lcrypto '
LIBTOOL='$(SHELL) $(top_builddir)/libtool'
LN_S='ln -s'
LTLIBOBJS=''
MAKEINFO='/home/gledisgjinaj/git/city/dissertation/prime-src-3.3/OpenTC-1.1/TC-lib-1.0/missing makeinfo'
OBJEXT='o'
PACKAGE='TC'
PACKAGE_BUGREPORT=''
PACKAGE_NAME=''
PACKAGE_STRING=''
PACKAGE_TARNAME=''
PACKAGE_URL=''
PACKAGE_VERSION=''
PATH_SEPARATOR=':'
RANLIB='ranlib'
SET_MAKE=''
SHELL='/bin/bash'
STRIP='strip'
VERSION='1.0'
ac_ct_CC='gcc'
bindir='${exec_prefix}/bin'
build='x86_64-unknown-linux-gnu'
build_alias=''
build_cpu='x86_64'
build_os='linux-gnu'
build_vendor='unknown'
datadir='${datarootdir}'
datarootdir='${prefix}/share'
docdir='${datarootdir}/doc/${PACKAGE}'
dvidir='${docdir}'
exec_prefix='${prefix}'
host='x86_64-unknown-linux-gnu'
host_alias=''
host_cpu='x86_64'
host_os='linux-gnu'
host_vendor='unknown'
htmldir='${docdir}'
includedir='${prefix}/include'
infodir='${datarootdir}/info'
libdir='${exec_prefix}/lib'
libexecdir='${exec_prefix}/libexec'
localedir='${datarootdir}/locale'
localstatedir='${prefix}/var'
mandir='${datarootdir}/man'
oldincludedir='/usr/include'
pdfdir='${docdir}'
prefix='/usr/local'
program_transform_name='s,x,x,'
psdir='${docdir}'
sbindir='${exec_prefix}/sbin'
sharedstatedir='${prefix}/com'
sysconfdir='${prefix}/etc'
target_alias=''

## ----------- ##
## confdefs.h. ##
## ----------- ##

/* confdefs.h */
#define PACKAGE_NAME ""
#define PACKAGE_TARNAME ""
#define PACKAGE_VERSION ""
#define PACKAGE_STRING ""
#define PACKAGE_BUGREPORT ""
#define PACKAGE_URL ""
#define PACKAGE "TC"
#define VERSION "1.0"
#define STDC_HEADERS 1
#define HAVE_SYS_TYPES_H 1
#define HAVE_SYS_STAT_H 1
#define HAVE_STDLIB_H 1
#define HAVE_STRING_H 1
#define HAVE_MEMORY_H 1
#define HAVE_STRINGS_H 1
#define HAVE_INTTYPES_H 1
#define HAVE_STDINT_H 1
#define HAVE_UNISTD_H 1
#define HAVE_DLFCN_H 1
#define HAVE_LIBCRYPTO 1
#define STDC_HEADERS 1
#define HAVE_STDIO_H 1
#define HAVE_OPENSSL_BN_H 1
#define HAVE_OPENSSL_EVP_H 1
#define HAVE_UNISTD_H 1

configure: exit 0
